<?xml version="1.0" encoding="UTF-8"?>
<coverage generated="1780828733618" clover="3.2.0">
  <project timestamp="1780828733619" name="All files">
    <metrics statements="615" coveredstatements="189" conditionals="360" coveredconditionals="137" methods="136" coveredmethods="46" elements="1111" coveredelements="372" complexity="0" loc="615" ncloc="615" packages="17" files="39" classes="39"/>
    <package name="src">
      <metrics statements="27" coveredstatements="0" conditionals="2" coveredconditionals="0" methods="1" coveredmethods="0"/>
      <file name="app.module.ts" path="C:\Users\BoGuU\Desktop\pharma-defense-package\backend-nest\src\app.module.ts">
        <metrics statements="11" coveredstatements="0" conditionals="0" coveredconditionals="0" methods="0" coveredmethods="0"/>
        <line num="1" count="0" type="stmt"/>
        <line num="2" count="0" type="stmt"/>
        <line num="3" count="0" type="stmt"/>
        <line num="4" count="0" type="stmt"/>
        <line num="5" count="0" type="stmt"/>
        <line num="6" count="0" type="stmt"/>
        <line num="7" count="0" type="stmt"/>
        <line num="8" count="0" type="stmt"/>
        <line num="9" count="0" type="stmt"/>
        <line num="10" count="0" type="stmt"/>
        <line num="25" count="0" type="stmt"/>
      </file>
      <file name="main.ts" path="C:\Users\BoGuU\Desktop\pharma-defense-package\backend-nest\src\main.ts">
        <metrics statements="16" coveredstatements="0" conditionals="2" coveredconditionals="0" methods="1" coveredmethods="0"/>
        <line num="1" count="0" type="stmt"/>
        <line num="2" count="0" type="stmt"/>
        <line num="3" count="0" type="stmt"/>
        <line num="4" count="0" type="stmt"/>
        <line num="7" count="0" type="stmt"/>
        <line num="8" count="0" type="stmt"/>
        <line num="10" count="0" type="stmt"/>
        <line num="12" count="0" type="stmt"/>
        <line num="16" count="0" type="stmt"/>
        <line num="22" count="0" type="stmt"/>
        <line num="23" count="0" type="stmt"/>
        <line num="25" count="0" type="cond" truecount="0" falsecount="2"/>
        <line num="26" count="0" type="stmt"/>
        <line num="27" count="0" type="stmt"/>
        <line num="28" count="0" type="stmt"/>
        <line num="30" count="0" type="stmt"/>
      </file>
    </package>
    <package name="src.admin">
      <metrics statements="47" coveredstatements="25" conditionals="18" coveredconditionals="13" methods="12" coveredmethods="4"/>
      <file name="admin.controller.ts" path="C:\Users\BoGuU\Desktop\pharma-defense-package\backend-nest\src\admin\admin.controller.ts">
        <metrics statements="15" coveredstatements="0" conditionals="0" coveredconditionals="0" methods="5" coveredmethods="0"/>
        <line num="1" count="0" type="stmt"/>
        <line num="2" count="0" type="stmt"/>
        <line num="3" count="0" type="stmt"/>
        <line num="4" count="0" type="stmt"/>
        <line num="5" count="0" type="stmt"/>
        <line num="6" count="0" type="stmt"/>
        <line num="7" count="0" type="stmt"/>
        <line num="14" count="0" type="stmt"/>
        <line num="15" count="0" type="stmt"/>
        <line num="19" count="0" type="stmt"/>
        <line num="23" count="0" type="stmt"/>
        <line num="27" count="0" type="stmt"/>
        <line num="32" count="0" type="stmt"/>
        <line num="37" count="0" type="stmt"/>
        <line num="42" count="0" type="stmt"/>
      </file>
      <file name="admin.module.ts" path="C:\Users\BoGuU\Desktop\pharma-defense-package\backend-nest\src\admin\admin.module.ts">
        <metrics statements="5" coveredstatements="0" conditionals="0" coveredconditionals="0" methods="0" coveredmethods="0"/>
        <line num="1" count="0" type="stmt"/>
        <line num="2" count="0" type="stmt"/>
        <line num="3" count="0" type="stmt"/>
        <line num="4" count="0" type="stmt"/>
        <line num="11" count="0" type="stmt"/>
      </file>
      <file name="admin.service.ts" path="C:\Users\BoGuU\Desktop\pharma-defense-package\backend-nest\src\admin\admin.service.ts">
        <metrics statements="27" coveredstatements="25" conditionals="18" coveredconditionals="13" methods="7" coveredmethods="4"/>
        <line num="1" count="1" type="stmt"/>
        <line num="2" count="1" type="stmt"/>
        <line num="3" count="1" type="stmt"/>
        <line num="4" count="1" type="stmt"/>
        <line num="8" count="1" type="stmt"/>
        <line num="10" count="5" type="stmt"/>
        <line num="11" count="5" type="stmt"/>
        <line num="15" count="0" type="stmt"/>
        <line num="22" count="1" type="stmt"/>
        <line num="35" count="2" type="stmt"/>
        <line num="39" count="2" type="cond" truecount="2" falsecount="0"/>
        <line num="41" count="1" type="stmt"/>
        <line num="47" count="1" type="stmt"/>
        <line num="57" count="1" type="stmt"/>
        <line num="66" count="2" type="stmt"/>
        <line num="67" count="2" type="cond" truecount="1" falsecount="1"/>
        <line num="69" count="2" type="cond" truecount="4" falsecount="0"/>
        <line num="70" count="1" type="stmt"/>
        <line num="71" count="1" type="cond" truecount="1" falsecount="1"/>
        <line num="74" count="1" type="stmt"/>
        <line num="75" count="1" type="cond" truecount="1" falsecount="1"/>
        <line num="76" count="1" type="cond" truecount="1" falsecount="1"/>
        <line num="78" count="1" type="cond" truecount="3" falsecount="1"/>
        <line num="79" count="0" type="stmt"/>
        <line num="82" count="1" type="stmt"/>
        <line num="96" count="1" type="stmt"/>
        <line num="109" count="1" type="stmt"/>
      </file>
    </package>
    <package name="src.admin.dto">
      <metrics statements="5" coveredstatements="0" conditionals="0" coveredconditionals="0" methods="0" coveredmethods="0"/>
      <file name="admin-update-user.dto.ts" path="C:\Users\BoGuU\Desktop\pharma-defense-package\backend-nest\src\admin\dto\admin-update-user.dto.ts">
        <metrics statements="5" coveredstatements="0" conditionals="0" coveredconditionals="0" methods="0" coveredmethods="0"/>
        <line num="1" count="0" type="stmt"/>
        <line num="2" count="0" type="stmt"/>
        <line num="4" count="0" type="stmt"/>
        <line num="8" count="0" type="stmt"/>
        <line num="14" count="0" type="stmt"/>
      </file>
    </package>
    <package name="src.audit">
      <metrics statements="26" coveredstatements="13" conditionals="8" coveredconditionals="8" methods="7" coveredmethods="5"/>
      <file name="audit.controller.ts" path="C:\Users\BoGuU\Desktop\pharma-defense-package\backend-nest\src\audit\audit.controller.ts">
        <metrics statements="9" coveredstatements="0" conditionals="0" coveredconditionals="0" methods="2" coveredmethods="0"/>
        <line num="1" count="0" type="stmt"/>
        <line num="2" count="0" type="stmt"/>
        <line num="3" count="0" type="stmt"/>
        <line num="4" count="0" type="stmt"/>
        <line num="5" count="0" type="stmt"/>
        <line num="11" count="0" type="stmt"/>
        <line num="12" count="0" type="stmt"/>
        <line num="17" count="0" type="stmt"/>
        <line num="18" count="0" type="stmt"/>
      </file>
      <file name="audit.module.ts" path="C:\Users\BoGuU\Desktop\pharma-defense-package\backend-nest\src\audit\audit.module.ts">
        <metrics statements="4" coveredstatements="0" conditionals="0" coveredconditionals="0" methods="0" coveredmethods="0"/>
        <line num="1" count="0" type="stmt"/>
        <line num="2" count="0" type="stmt"/>
        <line num="3" count="0" type="stmt"/>
        <line num="10" count="0" type="stmt"/>
      </file>
      <file name="audit.service.ts" path="C:\Users\BoGuU\Desktop\pharma-defense-package\backend-nest\src\audit\audit.service.ts">
        <metrics statements="13" coveredstatements="13" conditionals="8" coveredconditionals="8" methods="5" coveredmethods="5"/>
        <line num="1" count="4" type="stmt"/>
        <line num="2" count="4" type="stmt"/>
        <line num="13" count="4" type="stmt"/>
        <line num="14" count="5" type="stmt"/>
        <line num="16" count="5" type="stmt"/>
        <line num="19" count="2" type="stmt"/>
        <line num="25" count="2" type="stmt"/>
        <line num="43" count="3" type="stmt"/>
        <line num="44" count="3" type="stmt"/>
        <line num="46" count="2" type="stmt"/>
        <line num="50" count="2" type="stmt"/>
        <line num="55" count="1" type="stmt"/>
        <line num="56" count="1" type="stmt"/>
      </file>
    </package>
    <package name="src.auth">
      <metrics statements="49" coveredstatements="22" conditionals="12" coveredconditionals="8" methods="10" coveredmethods="5"/>
      <file name="auth.controller.ts" path="C:\Users\BoGuU\Desktop\pharma-defense-package\backend-nest\src\auth\auth.controller.ts">
        <metrics statements="14" coveredstatements="0" conditionals="0" coveredconditionals="0" methods="4" coveredmethods="0"/>
        <line num="1" count="0" type="stmt"/>
        <line num="2" count="0" type="stmt"/>
        <line num="3" count="0" type="stmt"/>
        <line num="4" count="0" type="stmt"/>
        <line num="5" count="0" type="stmt"/>
        <line num="6" count="0" type="stmt"/>
        <line num="10" count="0" type="stmt"/>
        <line num="11" count="0" type="stmt"/>
        <line num="15" count="0" type="stmt"/>
        <line num="16" count="0" type="stmt"/>
        <line num="21" count="0" type="stmt"/>
        <line num="22" count="0" type="stmt"/>
        <line num="29" count="0" type="stmt"/>
        <line num="30" count="0" type="stmt"/>
      </file>
      <file name="auth.module.ts" path="C:\Users\BoGuU\Desktop\pharma-defense-package\backend-nest\src\auth\auth.module.ts">
        <metrics statements="9" coveredstatements="0" conditionals="2" coveredconditionals="0" methods="0" coveredmethods="0"/>
        <line num="1" count="0" type="stmt"/>
        <line num="2" count="0" type="stmt"/>
        <line num="3" count="0" type="stmt"/>
        <line num="4" count="0" type="stmt"/>
        <line num="5" count="0" type="stmt"/>
        <line num="6" count="0" type="stmt"/>
        <line num="7" count="0" type="stmt"/>
        <line num="8" count="0" type="stmt"/>
        <line num="23" count="0" type="stmt"/>
      </file>
      <file name="auth.service.ts" path="C:\Users\BoGuU\Desktop\pharma-defense-package\backend-nest\src\auth\auth.service.ts">
        <metrics statements="22" coveredstatements="22" conditionals="8" coveredconditionals="8" methods="5" coveredmethods="5"/>
        <line num="1" count="1" type="stmt"/>
        <line num="6" count="1" type="stmt"/>
        <line num="7" count="1" type="stmt"/>
        <line num="8" count="1" type="stmt"/>
        <line num="9" count="1" type="stmt"/>
        <line num="14" count="1" type="stmt"/>
        <line num="16" count="8" type="stmt"/>
        <line num="17" count="8" type="stmt"/>
        <line num="18" count="8" type="stmt"/>
        <line num="22" count="4" type="stmt"/>
        <line num="23" count="4" type="cond" truecount="2" falsecount="0"/>
        <line num="25" count="3" type="stmt"/>
        <line num="26" count="3" type="stmt"/>
        <line num="36" count="3" type="stmt"/>
        <line num="45" count="3" type="stmt"/>
        <line num="49" count="3" type="stmt"/>
        <line num="50" count="3" type="cond" truecount="4" falsecount="0"/>
        <line num="51" count="2" type="stmt"/>
        <line num="54" count="1" type="stmt"/>
        <line num="63" count="1" type="stmt"/>
        <line num="67" count="1" type="stmt"/>
        <line num="74" count="4" type="stmt"/>
      </file>
      <file name="roles.enum.ts" path="C:\Users\BoGuU\Desktop\pharma-defense-package\backend-nest\src\auth\roles.enum.ts">
        <metrics statements="4" coveredstatements="0" conditionals="2" coveredconditionals="0" methods="1" coveredmethods="0"/>
        <line num="1" count="0" type="cond" truecount="0" falsecount="2"/>
        <line num="2" count="0" type="stmt"/>
        <line num="3" count="0" type="stmt"/>
        <line num="4" count="0" type="stmt"/>
      </file>
    </package>
    <package name="src.auth.dto">
      <metrics statements="14" coveredstatements="0" conditionals="0" coveredconditionals="0" methods="0" coveredmethods="0"/>
      <file name="login.dto.ts" path="C:\Users\BoGuU\Desktop\pharma-defense-package\backend-nest\src\auth\dto\login.dto.ts">
        <metrics statements="5" coveredstatements="0" conditionals="0" coveredconditionals="0" methods="0" coveredmethods="0"/>
        <line num="1" count="0" type="stmt"/>
        <line num="2" count="0" type="stmt"/>
        <line num="4" count="0" type="stmt"/>
        <line num="7" count="0" type="stmt"/>
        <line num="12" count="0" type="stmt"/>
      </file>
      <file name="register.dto.ts" path="C:\Users\BoGuU\Desktop\pharma-defense-package\backend-nest\src\auth\dto\register.dto.ts">
        <metrics statements="9" coveredstatements="0" conditionals="0" coveredconditionals="0" methods="0" coveredmethods="0"/>
        <line num="1" count="0" type="stmt"/>
        <line num="2" count="0" type="stmt"/>
        <line num="3" count="0" type="stmt"/>
        <line num="5" count="0" type="stmt"/>
        <line num="8" count="0" type="stmt"/>
        <line num="12" count="0" type="stmt"/>
        <line num="17" count="0" type="stmt"/>
        <line num="22" count="0" type="stmt"/>
        <line num="27" count="0" type="stmt"/>
      </file>
    </package>
    <package name="src.auth.guards">
      <metrics statements="18" coveredstatements="14" conditionals="6" coveredconditionals="6" methods="5" coveredmethods="2"/>
      <file name="jwt-auth.guard.ts" path="C:\Users\BoGuU\Desktop\pharma-defense-package\backend-nest\src\auth\guards\jwt-auth.guard.ts">
        <metrics statements="3" coveredstatements="0" conditionals="0" coveredconditionals="0" methods="0" coveredmethods="0"/>
        <line num="1" count="0" type="stmt"/>
        <line num="2" count="0" type="stmt"/>
        <line num="5" count="0" type="stmt"/>
      </file>
      <file name="roles.decorator.ts" path="C:\Users\BoGuU\Desktop\pharma-defense-package\backend-nest\src\auth\guards\roles.decorator.ts">
        <metrics statements="1" coveredstatements="0" conditionals="0" coveredconditionals="0" methods="2" coveredmethods="0"/>
        <line num="1" count="0" type="stmt"/>
      </file>
      <file name="roles.guard.ts" path="C:\Users\BoGuU\Desktop\pharma-defense-package\backend-nest\src\auth\guards\roles.guard.ts">
        <metrics statements="14" coveredstatements="14" conditionals="6" coveredconditionals="6" methods="3" coveredmethods="2"/>
        <line num="1" count="1" type="stmt"/>
        <line num="2" count="1" type="stmt"/>
        <line num="3" count="1" type="stmt"/>
        <line num="5" count="1" type="stmt"/>
        <line num="6" count="1" type="stmt"/>
        <line num="9" count="1" type="stmt"/>
        <line num="10" count="4" type="stmt"/>
        <line num="13" count="4" type="stmt"/>
        <line num="18" count="4" type="cond" truecount="4" falsecount="0"/>
        <line num="20" count="3" type="stmt"/>
        <line num="21" count="3" type="stmt"/>
        <line num="23" count="3" type="cond" truecount="2" falsecount="0"/>
        <line num="24" count="2" type="stmt"/>
        <line num="29" count="1" type="stmt"/>
      </file>
    </package>
    <package name="src.auth.strategies">
      <metrics statements="6" coveredstatements="0" conditionals="2" coveredconditionals="0" methods="2" coveredmethods="0"/>
      <file name="jwt.strategy.ts" path="C:\Users\BoGuU\Desktop\pharma-defense-package\backend-nest\src\auth\strategies\jwt.strategy.ts">
        <metrics statements="6" coveredstatements="0" conditionals="2" coveredconditionals="0" methods="2" coveredmethods="0"/>
        <line num="1" count="0" type="stmt"/>
        <line num="2" count="0" type="stmt"/>
        <line num="3" count="0" type="stmt"/>
        <line num="6" count="0" type="stmt"/>
        <line num="8" count="0" type="stmt"/>
        <line num="16" count="0" type="stmt"/>
      </file>
    </package>
    <package name="src.database">
      <metrics statements="11" coveredstatements="3" conditionals="0" coveredconditionals="0" methods="3" coveredmethods="0"/>
      <file name="database.module.ts" path="C:\Users\BoGuU\Desktop\pharma-defense-package\backend-nest\src\database\database.module.ts">
        <metrics statements="3" coveredstatements="0" conditionals="0" coveredconditionals="0" methods="0" coveredmethods="0"/>
        <line num="1" count="0" type="stmt"/>
        <line num="2" count="0" type="stmt"/>
        <line num="6" count="0" type="stmt"/>
      </file>
      <file name="prisma.service.ts" path="C:\Users\BoGuU\Desktop\pharma-defense-package\backend-nest\src\database\prisma.service.ts">
        <metrics statements="8" coveredstatements="3" conditionals="0" coveredconditionals="0" methods="3" coveredmethods="0"/>
        <line num="1" count="4" type="stmt"/>
        <line num="2" count="4" type="stmt"/>
        <line num="5" count="4" type="stmt"/>
        <line num="6" count="0" type="stmt"/>
        <line num="9" count="0" type="stmt"/>
        <line num="10" count="0" type="stmt"/>
        <line num="14" count="0" type="stmt"/>
        <line num="15" count="0" type="stmt"/>
      </file>
    </package>
    <package name="src.domain">
      <metrics statements="8" coveredstatements="4" conditionals="8" coveredconditionals="0" methods="9" coveredmethods="0"/>
      <file name="pharma.data.ts" path="C:\Users\BoGuU\Desktop\pharma-defense-package\backend-nest\src\domain\pharma.data.ts">
        <metrics statements="1" coveredstatements="1" conditionals="0" coveredconditionals="0" methods="0" coveredmethods="0"/>
        <line num="1" count="1" type="stmt"/>
      </file>
      <file name="pharma.repository.ts" path="C:\Users\BoGuU\Desktop\pharma-defense-package\backend-nest\src\domain\pharma.repository.ts">
        <metrics statements="7" coveredstatements="3" conditionals="8" coveredconditionals="0" methods="9" coveredmethods="0"/>
        <line num="1" count="1" type="stmt"/>
        <line num="2" count="1" type="stmt"/>
        <line num="4" count="1" type="stmt"/>
        <line num="5" count="0" type="stmt"/>
        <line num="6" count="0" type="stmt"/>
        <line num="7" count="0" type="cond" truecount="0" falsecount="5"/>
        <line num="8" count="0" type="cond" truecount="0" falsecount="3"/>
      </file>
    </package>
    <package name="src.drugs">
      <metrics statements="181" coveredstatements="108" conditionals="211" coveredconditionals="102" methods="51" coveredmethods="30"/>
      <file name="drugs.controller.ts" path="C:\Users\BoGuU\Desktop\pharma-defense-package\backend-nest\src\drugs\drugs.controller.ts">
        <metrics statements="22" coveredstatements="0" conditionals="3" coveredconditionals="0" methods="8" coveredmethods="0"/>
        <line num="1" count="0" type="stmt"/>
        <line num="2" count="0" type="stmt"/>
        <line num="3" count="0" type="stmt"/>
        <line num="4" count="0" type="stmt"/>
        <line num="5" count="0" type="stmt"/>
        <line num="6" count="0" type="stmt"/>
        <line num="10" count="0" type="stmt"/>
        <line num="11" count="0" type="stmt"/>
        <line num="15" count="0" type="stmt"/>
        <line num="16" count="0" type="stmt"/>
        <line num="24" count="0" type="stmt"/>
        <line num="25" count="0" type="stmt"/>
        <line num="34" count="0" type="cond" truecount="0" falsecount="1"/>
        <line num="35" count="0" type="stmt"/>
        <line num="43" count="0" type="stmt"/>
        <line num="44" count="0" type="stmt"/>
        <line num="52" count="0" type="stmt"/>
        <line num="53" count="0" type="stmt"/>
        <line num="61" count="0" type="stmt"/>
        <line num="62" count="0" type="cond" truecount="0" falsecount="2"/>
        <line num="70" count="0" type="stmt"/>
        <line num="71" count="0" type="stmt"/>
      </file>
      <file name="drugs.module.ts" path="C:\Users\BoGuU\Desktop\pharma-defense-package\backend-nest\src\drugs\drugs.module.ts">
        <metrics statements="6" coveredstatements="0" conditionals="0" coveredconditionals="0" methods="0" coveredmethods="0"/>
        <line num="1" count="0" type="stmt"/>
        <line num="2" count="0" type="stmt"/>
        <line num="3" count="0" type="stmt"/>
        <line num="4" count="0" type="stmt"/>
        <line num="5" count="0" type="stmt"/>
        <line num="12" count="0" type="stmt"/>
      </file>
      <file name="drugs.service.ts" path="C:\Users\BoGuU\Desktop\pharma-defense-package\backend-nest\src\drugs\drugs.service.ts">
        <metrics statements="153" coveredstatements="108" conditionals="208" coveredconditionals="102" methods="43" coveredmethods="30"/>
        <line num="1" count="1" type="stmt"/>
        <line num="2" count="1" type="stmt"/>
        <line num="3" count="1" type="stmt"/>
        <line num="4" count="1" type="stmt"/>
        <line num="5" count="1" type="stmt"/>
        <line num="6" count="1" type="stmt"/>
        <line num="23" count="1" type="stmt"/>
        <line num="24" count="14" type="stmt"/>
        <line num="27" count="14" type="stmt"/>
        <line num="28" count="14" type="stmt"/>
        <line num="29" count="14" type="stmt"/>
        <line num="33" count="2" type="stmt"/>
        <line num="34" count="6" type="stmt"/>
        <line num="39" count="4" type="stmt"/>
        <line num="40" count="4" type="stmt"/>
        <line num="42" count="12" type="cond" truecount="3" falsecount="0"/>
        <line num="44" count="18" type="cond" truecount="1" falsecount="1"/>
        <line num="49" count="1" type="cond" truecount="1" falsecount="1"/>
        <line num="50" count="1" type="stmt"/>
        <line num="59" count="2" type="stmt"/>
        <line num="62" count="2" type="cond" truecount="1" falsecount="1"/>
        <line num="69" count="1" type="cond" truecount="1" falsecount="1"/>
        <line num="88" count="2" type="cond" truecount="2" falsecount="0"/>
        <line num="89" count="1" type="cond" truecount="1" falsecount="1"/>
        <line num="90" count="1" type="cond" truecount="1" falsecount="1"/>
        <line num="91" count="1" type="cond" truecount="1" falsecount="1"/>
        <line num="92" count="1" type="cond" truecount="3" falsecount="1"/>
        <line num="93" count="1" type="stmt"/>
        <line num="94" count="1" type="cond" truecount="3" falsecount="1"/>
        <line num="95" count="1" type="cond" truecount="1" falsecount="1"/>
        <line num="96" count="1" type="cond" truecount="3" falsecount="1"/>
        <line num="98" count="1" type="cond" truecount="2" falsecount="1"/>
        <line num="100" count="1" type="stmt"/>
        <line num="104" count="0" type="stmt"/>
        <line num="105" count="0" type="stmt"/>
        <line num="118" count="0" type="stmt"/>
        <line num="119" count="0" type="cond" truecount="0" falsecount="2"/>
        <line num="121" count="0" type="stmt"/>
        <line num="123" count="0" type="stmt"/>
        <line num="132" count="0" type="stmt"/>
        <line num="137" count="4" type="cond" truecount="1" falsecount="1"/>
        <line num="138" count="4" type="cond" truecount="1" falsecount="1"/>
        <line num="139" count="4" type="cond" truecount="2" falsecount="0"/>
        <line num="140" count="3" type="stmt"/>
        <line num="141" count="3" type="stmt"/>
        <line num="142" count="3" type="stmt"/>
        <line num="165" count="2" type="stmt"/>
        <line num="166" count="2" type="cond" truecount="2" falsecount="0"/>
        <line num="167" count="1" type="stmt"/>
        <line num="175" count="1" type="stmt"/>
        <line num="178" count="1" type="stmt"/>
        <line num="180" count="2" type="stmt"/>
        <line num="181" count="10" type="cond" truecount="4" falsecount="0"/>
        <line num="183" count="14" type="cond" truecount="1" falsecount="1"/>
        <line num="184" count="18" type="stmt"/>
        <line num="186" count="2" type="stmt"/>
        <line num="194" count="2" type="stmt"/>
        <line num="206" count="2" type="stmt"/>
        <line num="207" count="2" type="stmt"/>
        <line num="218" count="2" type="cond" truecount="2" falsecount="0"/>
        <line num="219" count="1" type="stmt"/>
        <line num="228" count="1" type="stmt"/>
        <line num="229" count="1" type="stmt"/>
        <line num="230" count="1" type="stmt"/>
        <line num="231" count="0" type="cond" truecount="0" falsecount="4"/>
        <line num="232" count="0" type="cond" truecount="0" falsecount="2"/>
        <line num="233" count="0" type="cond" truecount="0" falsecount="2"/>
        <line num="235" count="0" type="stmt"/>
        <line num="238" count="1" type="stmt"/>
        <line num="240" count="2" type="stmt"/>
        <line num="241" count="2" type="cond" truecount="2" falsecount="0"/>
        <line num="243" count="1" type="stmt"/>
        <line num="252" count="1" type="stmt"/>
        <line num="264" count="2" type="stmt"/>
        <line num="265" count="2" type="cond" truecount="1" falsecount="1"/>
        <line num="270" count="1" type="cond" truecount="1" falsecount="1"/>
        <line num="281" count="0" type="stmt"/>
        <line num="282" count="0" type="stmt"/>
        <line num="283" count="0" type="stmt"/>
        <line num="305" count="0" type="cond" truecount="0" falsecount="2"/>
        <line num="306" count="0" type="cond" truecount="0" falsecount="2"/>
        <line num="307" count="0" type="cond" truecount="0" falsecount="2"/>
        <line num="319" count="0" type="stmt"/>
        <line num="321" count="0" type="stmt"/>
        <line num="322" count="0" type="stmt"/>
        <line num="325" count="0" type="stmt"/>
        <line num="335" count="0" type="stmt"/>
        <line num="336" count="0" type="cond" truecount="0" falsecount="2"/>
        <line num="337" count="0" type="stmt"/>
        <line num="340" count="0" type="stmt"/>
        <line num="346" count="0" type="cond" truecount="0" falsecount="2"/>
        <line num="347" count="0" type="stmt"/>
        <line num="355" count="0" type="stmt"/>
        <line num="359" count="0" type="stmt"/>
        <line num="361" count="0" type="stmt"/>
        <line num="362" count="0" type="cond" truecount="0" falsecount="2"/>
        <line num="364" count="0" type="stmt"/>
        <line num="373" count="0" type="stmt"/>
        <line num="375" count="0" type="cond" truecount="0" falsecount="2"/>
        <line num="386" count="3" type="cond" truecount="2" falsecount="0"/>
        <line num="387" count="2" type="stmt"/>
        <line num="388" count="2" type="stmt"/>
        <line num="392" count="1" type="cond" truecount="1" falsecount="1"/>
        <line num="396" count="1" type="stmt"/>
        <line num="397" count="1" type="stmt"/>
        <line num="398" count="2" type="stmt"/>
        <line num="399" count="1" type="stmt"/>
        <line num="400" count="1" type="stmt"/>
        <line num="401" count="1" type="stmt"/>
        <line num="404" count="1" type="stmt"/>
        <line num="414" count="1" type="cond" truecount="2" falsecount="2"/>
        <line num="415" count="1" type="stmt"/>
        <line num="423" count="1" type="stmt"/>
        <line num="427" count="1" type="stmt"/>
        <line num="429" count="1" type="stmt"/>
        <line num="430" count="2" type="stmt"/>
        <line num="431" count="1" type="stmt"/>
        <line num="432" count="1" type="stmt"/>
        <line num="434" count="1" type="cond" truecount="3" falsecount="1"/>
        <line num="435" count="1" type="cond" truecount="1" falsecount="1"/>
        <line num="438" count="1" type="cond" truecount="1" falsecount="1"/>
        <line num="440" count="1" type="stmt"/>
        <line num="451" count="1" type="stmt"/>
        <line num="460" count="1" type="stmt"/>
        <line num="464" count="3" type="stmt"/>
        <line num="465" count="3" type="stmt"/>
        <line num="466" count="3" type="stmt"/>
        <line num="470" count="3" type="cond" truecount="1" falsecount="1"/>
        <line num="471" count="3" type="stmt"/>
        <line num="472" count="2" type="cond" truecount="4" falsecount="0"/>
        <line num="473" count="2" type="cond" truecount="2" falsecount="2"/>
        <line num="474" count="2" type="cond" truecount="5" falsecount="0"/>
        <line num="475" count="1" type="cond" truecount="1" falsecount="1"/>
        <line num="477" count="3" type="stmt"/>
        <line num="485" count="3" type="cond" truecount="2" falsecount="0"/>
        <line num="488" count="0" type="stmt"/>
        <line num="490" count="1" type="stmt"/>
        <line num="491" count="1" type="cond" truecount="1" falsecount="1"/>
        <line num="492" count="0" type="stmt"/>
        <line num="493" count="0" type="cond" truecount="0" falsecount="4"/>
        <line num="494" count="0" type="cond" truecount="0" falsecount="4"/>
        <line num="495" count="0" type="cond" truecount="0" falsecount="4"/>
        <line num="496" count="0" type="cond" truecount="0" falsecount="4"/>
        <line num="497" count="0" type="cond" truecount="0" falsecount="4"/>
        <line num="498" count="0" type="cond" truecount="0" falsecount="4"/>
        <line num="499" count="0" type="cond" truecount="0" falsecount="4"/>
        <line num="501" count="0" type="stmt"/>
        <line num="510" count="0" type="stmt"/>
        <line num="514" count="2" type="stmt"/>
        <line num="519" count="1" type="stmt"/>
        <line num="520" count="1" type="stmt"/>
        <line num="523" count="2" type="cond" truecount="3" falsecount="0"/>
        <line num="525" count="2" type="stmt"/>
      </file>
    </package>
    <package name="src.graph">
      <metrics statements="118" coveredstatements="0" conditionals="64" coveredconditionals="0" methods="16" coveredmethods="0"/>
      <file name="graph.controller.ts" path="C:\Users\BoGuU\Desktop\pharma-defense-package\backend-nest\src\graph\graph.controller.ts">
        <metrics statements="15" coveredstatements="0" conditionals="3" coveredconditionals="0" methods="5" coveredmethods="0"/>
        <line num="1" count="0" type="stmt"/>
        <line num="2" count="0" type="stmt"/>
        <line num="3" count="0" type="stmt"/>
        <line num="4" count="0" type="stmt"/>
        <line num="5" count="0" type="stmt"/>
        <line num="11" count="0" type="stmt"/>
        <line num="12" count="0" type="stmt"/>
        <line num="17" count="0" type="cond" truecount="0" falsecount="1"/>
        <line num="18" count="0" type="stmt"/>
        <line num="23" count="0" type="stmt"/>
        <line num="24" count="0" type="stmt"/>
        <line num="29" count="0" type="stmt"/>
        <line num="30" count="0" type="cond" truecount="0" falsecount="2"/>
        <line num="37" count="0" type="stmt"/>
        <line num="38" count="0" type="stmt"/>
      </file>
      <file name="graph.module.ts" path="C:\Users\BoGuU\Desktop\pharma-defense-package\backend-nest\src\graph\graph.module.ts">
        <metrics statements="5" coveredstatements="0" conditionals="0" coveredconditionals="0" methods="0" coveredmethods="0"/>
        <line num="1" count="0" type="stmt"/>
        <line num="2" count="0" type="stmt"/>
        <line num="3" count="0" type="stmt"/>
        <line num="4" count="0" type="stmt"/>
        <line num="11" count="0" type="stmt"/>
      </file>
      <file name="graph.service.ts" path="C:\Users\BoGuU\Desktop\pharma-defense-package\backend-nest\src\graph\graph.service.ts">
        <metrics statements="98" coveredstatements="0" conditionals="61" coveredconditionals="0" methods="11" coveredmethods="0"/>
        <line num="1" count="0" type="stmt"/>
        <line num="2" count="0" type="stmt"/>
        <line num="3" count="0" type="stmt"/>
        <line num="4" count="0" type="stmt"/>
        <line num="20" count="0" type="stmt"/>
        <line num="23" count="0" type="stmt"/>
        <line num="24" count="0" type="stmt"/>
        <line num="27" count="0" type="stmt"/>
        <line num="28" count="0" type="stmt"/>
        <line num="32" count="0" type="stmt"/>
        <line num="33" count="0" type="stmt"/>
        <line num="34" count="0" type="stmt"/>
        <line num="35" count="0" type="stmt"/>
        <line num="37" count="0" type="stmt"/>
        <line num="42" count="0" type="stmt"/>
        <line num="43" count="0" type="stmt"/>
        <line num="50" count="0" type="stmt"/>
        <line num="51" count="0" type="stmt"/>
        <line num="53" count="0" type="stmt"/>
        <line num="54" count="0" type="stmt"/>
        <line num="59" count="0" type="stmt"/>
        <line num="60" count="0" type="stmt"/>
        <line num="69" count="0" type="stmt"/>
        <line num="70" count="0" type="stmt"/>
        <line num="72" count="0" type="stmt"/>
        <line num="73" count="0" type="stmt"/>
        <line num="78" count="0" type="stmt"/>
        <line num="79" count="0" type="stmt"/>
        <line num="86" count="0" type="stmt"/>
        <line num="87" count="0" type="stmt"/>
        <line num="88" count="0" type="stmt"/>
        <line num="90" count="0" type="stmt"/>
        <line num="91" count="0" type="stmt"/>
        <line num="96" count="0" type="stmt"/>
        <line num="105" count="0" type="stmt"/>
        <line num="106" count="0" type="stmt"/>
        <line num="107" count="0" type="stmt"/>
        <line num="109" count="0" type="stmt"/>
        <line num="110" count="0" type="stmt"/>
        <line num="112" count="0" type="stmt"/>
        <line num="113" count="0" type="stmt"/>
        <line num="122" count="0" type="stmt"/>
        <line num="124" count="0" type="cond" truecount="0" falsecount="2"/>
        <line num="125" count="0" type="stmt"/>
        <line num="126" count="0" type="stmt"/>
        <line num="130" count="0" type="stmt"/>
        <line num="135" count="0" type="stmt"/>
        <line num="136" count="0" type="stmt"/>
        <line num="139" count="0" type="stmt"/>
        <line num="140" count="0" type="stmt"/>
        <line num="141" count="0" type="stmt"/>
        <line num="145" count="0" type="stmt"/>
        <line num="150" count="0" type="stmt"/>
        <line num="151" count="0" type="stmt"/>
        <line num="154" count="0" type="stmt"/>
        <line num="155" count="0" type="stmt"/>
        <line num="159" count="0" type="stmt"/>
        <line num="164" count="0" type="stmt"/>
        <line num="165" count="0" type="stmt"/>
        <line num="168" count="0" type="stmt"/>
        <line num="169" count="0" type="stmt"/>
        <line num="179" count="0" type="stmt"/>
        <line num="182" count="0" type="stmt"/>
        <line num="183" count="0" type="stmt"/>
        <line num="184" count="0" type="stmt"/>
        <line num="188" count="0" type="stmt"/>
        <line num="193" count="0" type="stmt"/>
        <line num="194" count="0" type="stmt"/>
        <line num="198" count="0" type="stmt"/>
        <line num="201" count="0" type="stmt"/>
        <line num="208" count="0" type="stmt"/>
        <line num="209" count="0" type="stmt"/>
        <line num="210" count="0" type="stmt"/>
        <line num="212" count="0" type="cond" truecount="0" falsecount="1"/>
        <line num="213" count="0" type="cond" truecount="0" falsecount="4"/>
        <line num="216" count="0" type="stmt"/>
        <line num="217" count="0" type="stmt"/>
        <line num="218" count="0" type="stmt"/>
        <line num="219" count="0" type="cond" truecount="0" falsecount="6"/>
        <line num="220" count="0" type="stmt"/>
        <line num="221" count="0" type="stmt"/>
        <line num="225" count="0" type="stmt"/>
        <line num="226" count="0" type="stmt"/>
        <line num="227" count="0" type="stmt"/>
        <line num="228" count="0" type="stmt"/>
        <line num="229" count="0" type="stmt"/>
        <line num="230" count="0" type="stmt"/>
        <line num="231" count="0" type="stmt"/>
        <line num="232" count="0" type="stmt"/>
        <line num="234" count="0" type="cond" truecount="0" falsecount="4"/>
        <line num="235" count="0" type="cond" truecount="0" falsecount="6"/>
        <line num="236" count="0" type="cond" truecount="0" falsecount="6"/>
        <line num="237" count="0" type="cond" truecount="0" falsecount="6"/>
        <line num="238" count="0" type="cond" truecount="0" falsecount="6"/>
        <line num="239" count="0" type="cond" truecount="0" falsecount="6"/>
        <line num="242" count="0" type="stmt"/>
        <line num="243" count="0" type="cond" truecount="0" falsecount="4"/>
        <line num="244" count="0" type="stmt"/>
      </file>
    </package>
    <package name="src.graph.neo4j">
      <metrics statements="22" coveredstatements="0" conditionals="7" coveredconditionals="0" methods="6" coveredmethods="0"/>
      <file name="neo4j.module.ts" path="C:\Users\BoGuU\Desktop\pharma-defense-package\backend-nest\src\graph\neo4j\neo4j.module.ts">
        <metrics statements="10" coveredstatements="0" conditionals="6" coveredconditionals="0" methods="1" coveredmethods="0"/>
        <line num="1" count="0" type="stmt"/>
        <line num="2" count="0" type="stmt"/>
        <line num="3" count="0" type="stmt"/>
        <line num="4" count="0" type="stmt"/>
        <line num="6" count="0" type="stmt"/>
        <line num="16" count="0" type="cond" truecount="0" falsecount="2"/>
        <line num="17" count="0" type="cond" truecount="0" falsecount="2"/>
        <line num="18" count="0" type="cond" truecount="0" falsecount="2"/>
        <line num="19" count="0" type="stmt"/>
        <line num="26" count="0" type="stmt"/>
      </file>
      <file name="neo4j.service.ts" path="C:\Users\BoGuU\Desktop\pharma-defense-package\backend-nest\src\graph\neo4j\neo4j.service.ts">
        <metrics statements="12" coveredstatements="0" conditionals="1" coveredconditionals="0" methods="5" coveredmethods="0"/>
        <line num="1" count="0" type="stmt"/>
        <line num="2" count="0" type="stmt"/>
        <line num="4" count="0" type="stmt"/>
        <line num="7" count="0" type="stmt"/>
        <line num="8" count="0" type="stmt"/>
        <line num="11" count="0" type="stmt"/>
        <line num="15" count="0" type="stmt"/>
        <line num="16" count="0" type="stmt"/>
        <line num="17" count="0" type="stmt"/>
        <line num="18" count="0" type="stmt"/>
        <line num="20" count="0" type="stmt"/>
        <line num="25" count="0" type="stmt"/>
      </file>
    </package>
    <package name="src.imports">
      <metrics statements="39" coveredstatements="0" conditionals="4" coveredconditionals="0" methods="8" coveredmethods="0"/>
      <file name="imports.controller.ts" path="C:\Users\BoGuU\Desktop\pharma-defense-package\backend-nest\src\imports\imports.controller.ts">
        <metrics statements="14" coveredstatements="0" conditionals="2" coveredconditionals="0" methods="4" coveredmethods="0"/>
        <line num="1" count="0" type="stmt"/>
        <line num="10" count="0" type="stmt"/>
        <line num="11" count="0" type="stmt"/>
        <line num="12" count="0" type="stmt"/>
        <line num="13" count="0" type="stmt"/>
        <line num="14" count="0" type="stmt"/>
        <line num="20" count="0" type="stmt"/>
        <line num="21" count="0" type="stmt"/>
        <line num="26" count="0" type="stmt"/>
        <line num="27" count="0" type="stmt"/>
        <line num="34" count="0" type="stmt"/>
        <line num="38" count="0" type="stmt"/>
        <line num="48" count="0" type="stmt"/>
        <line num="49" count="0" type="stmt"/>
      </file>
      <file name="imports.module.ts" path="C:\Users\BoGuU\Desktop\pharma-defense-package\backend-nest\src\imports\imports.module.ts">
        <metrics statements="5" coveredstatements="0" conditionals="0" coveredconditionals="0" methods="0" coveredmethods="0"/>
        <line num="1" count="0" type="stmt"/>
        <line num="2" count="0" type="stmt"/>
        <line num="3" count="0" type="stmt"/>
        <line num="4" count="0" type="stmt"/>
        <line num="11" count="0" type="stmt"/>
      </file>
      <file name="imports.service.ts" path="C:\Users\BoGuU\Desktop\pharma-defense-package\backend-nest\src\imports\imports.service.ts">
        <metrics statements="20" coveredstatements="0" conditionals="2" coveredconditionals="0" methods="4" coveredmethods="0"/>
        <line num="1" count="0" type="stmt"/>
        <line num="2" count="0" type="stmt"/>
        <line num="3" count="0" type="stmt"/>
        <line num="4" count="0" type="stmt"/>
        <line num="5" count="0" type="stmt"/>
        <line num="17" count="0" type="stmt"/>
        <line num="18" count="0" type="stmt"/>
        <line num="21" count="0" type="stmt"/>
        <line num="22" count="0" type="stmt"/>
        <line num="26" count="0" type="stmt"/>
        <line num="34" count="0" type="stmt"/>
        <line num="45" count="0" type="stmt"/>
        <line num="54" count="0" type="stmt"/>
        <line num="59" count="0" type="stmt"/>
        <line num="63" count="0" type="stmt"/>
        <line num="64" count="0" type="stmt"/>
        <line num="65" count="0" type="stmt"/>
        <line num="66" count="0" type="stmt"/>
        <line num="68" count="0" type="stmt"/>
        <line num="69" count="0" type="stmt"/>
      </file>
    </package>
    <package name="src.types">
      <metrics statements="0" coveredstatements="0" conditionals="0" coveredconditionals="0" methods="0" coveredmethods="0"/>
      <file name="css.d.ts" path="C:\Users\BoGuU\Desktop\pharma-defense-package\backend-nest\src\types\css.d.ts">
        <metrics statements="0" coveredstatements="0" conditionals="0" coveredconditionals="0" methods="0" coveredmethods="0"/>
      </file>
    </package>
    <package name="src.users">
      <metrics statements="37" coveredstatements="0" conditionals="18" coveredconditionals="0" methods="6" coveredmethods="0"/>
      <file name="users.controller.ts" path="C:\Users\BoGuU\Desktop\pharma-defense-package\backend-nest\src\users\users.controller.ts">
        <metrics statements="13" coveredstatements="0" conditionals="0" coveredconditionals="0" methods="3" coveredmethods="0"/>
        <line num="1" count="0" type="stmt"/>
        <line num="2" count="0" type="stmt"/>
        <line num="3" count="0" type="stmt"/>
        <line num="4" count="0" type="stmt"/>
        <line num="5" count="0" type="stmt"/>
        <line num="6" count="0" type="stmt"/>
        <line num="7" count="0" type="stmt"/>
        <line num="13" count="0" type="stmt"/>
        <line num="14" count="0" type="stmt"/>
        <line num="18" count="0" type="stmt"/>
        <line num="19" count="0" type="stmt"/>
        <line num="26" count="0" type="stmt"/>
        <line num="27" count="0" type="stmt"/>
      </file>
      <file name="users.module.ts" path="C:\Users\BoGuU\Desktop\pharma-defense-package\backend-nest\src\users\users.module.ts">
        <metrics statements="5" coveredstatements="0" conditionals="0" coveredconditionals="0" methods="0" coveredmethods="0"/>
        <line num="1" count="0" type="stmt"/>
        <line num="2" count="0" type="stmt"/>
        <line num="3" count="0" type="stmt"/>
        <line num="4" count="0" type="stmt"/>
        <line num="12" count="0" type="stmt"/>
      </file>
      <file name="users.service.ts" path="C:\Users\BoGuU\Desktop\pharma-defense-package\backend-nest\src\users\users.service.ts">
        <metrics statements="19" coveredstatements="0" conditionals="18" coveredconditionals="0" methods="3" coveredmethods="0"/>
        <line num="1" count="0" type="stmt"/>
        <line num="2" count="0" type="stmt"/>
        <line num="3" count="0" type="stmt"/>
        <line num="7" count="0" type="stmt"/>
        <line num="8" count="0" type="stmt"/>
        <line num="11" count="0" type="stmt"/>
        <line num="15" count="0" type="cond" truecount="0" falsecount="2"/>
        <line num="16" count="0" type="stmt"/>
        <line num="20" count="0" type="stmt"/>
        <line num="21" count="0" type="cond" truecount="0" falsecount="2"/>
        <line num="23" count="0" type="cond" truecount="0" falsecount="4"/>
        <line num="24" count="0" type="stmt"/>
        <line num="25" count="0" type="cond" truecount="0" falsecount="2"/>
        <line num="33" count="0" type="stmt"/>
        <line num="34" count="0" type="cond" truecount="0" falsecount="2"/>
        <line num="35" count="0" type="cond" truecount="0" falsecount="2"/>
        <line num="36" count="0" type="cond" truecount="0" falsecount="2"/>
        <line num="37" count="0" type="cond" truecount="0" falsecount="2"/>
        <line num="39" count="0" type="stmt"/>
      </file>
    </package>
    <package name="src.users.dto">
      <metrics statements="7" coveredstatements="0" conditionals="0" coveredconditionals="0" methods="0" coveredmethods="0"/>
      <file name="update-user.dto.ts" path="C:\Users\BoGuU\Desktop\pharma-defense-package\backend-nest\src\users\dto\update-user.dto.ts">
        <metrics statements="7" coveredstatements="0" conditionals="0" coveredconditionals="0" methods="0" coveredmethods="0"/>
        <line num="1" count="0" type="stmt"/>
        <line num="2" count="0" type="stmt"/>
        <line num="4" count="0" type="stmt"/>
        <line num="5" count="0" type="stmt"/>
        <line num="6" count="0" type="stmt"/>
        <line num="7" count="0" type="stmt"/>
        <line num="8" count="0" type="stmt"/>
      </file>
    </package>
  </project>
</coverage>
