{"C:\\Users\\BoGuU\\Desktop\\pharma-defense-package\\backend-nest\\src\\app.module.ts": {"path":"C:\\Users\\BoGuU\\Desktop\\pharma-defense-package\\backend-nest\\src\\app.module.ts","statementMap":{"0":{"start":{"line":1,"column":0},"end":{"line":1,"column":40}},"1":{"start":{"line":2,"column":0},"end":{"line":2,"column":46}},"2":{"start":{"line":3,"column":0},"end":{"line":3,"column":48}},"3":{"start":{"line":4,"column":0},"end":{"line":4,"column":51}},"4":{"start":{"line":5,"column":0},"end":{"line":5,"column":51}},"5":{"start":{"line":6,"column":0},"end":{"line":6,"column":57}},"6":{"start":{"line":7,"column":0},"end":{"line":7,"column":51}},"7":{"start":{"line":8,"column":0},"end":{"line":8,"column":51}},"8":{"start":{"line":9,"column":0},"end":{"line":9,"column":60}},"9":{"start":{"line":10,"column":0},"end":{"line":10,"column":51}},"10":{"start":{"line":25,"column":7},"end":{"line":25,"column":null}},"11":{"start":{"line":25,"column":13},"end":{"line":25,"column":22}},"12":{"start":{"line":25,"column":13},"end":{"line":25,"column":null}}},"fnMap":{},"branchMap":{},"s":{"0":0,"1":0,"2":0,"3":0,"4":0,"5":0,"6":0,"7":0,"8":0,"9":0,"10":0,"11":0,"12":0},"f":{},"b":{}}
,"C:\\Users\\BoGuU\\Desktop\\pharma-defense-package\\backend-nest\\src\\main.ts": {"path":"C:\\Users\\BoGuU\\Desktop\\pharma-defense-package\\backend-nest\\src\\main.ts","statementMap":{"0":{"start":{"line":1,"column":0},"end":{"line":1,"column":56}},"1":{"start":{"line":2,"column":0},"end":{"line":2,"column":43}},"2":{"start":{"line":3,"column":0},"end":{"line":3,"column":65}},"3":{"start":{"line":4,"column":0},"end":{"line":4,"column":41}},"4":{"start":{"line":7,"column":14},"end":{"line":7,"column":49}},"5":{"start":{"line":8,"column":17},"end":{"line":8,"column":40}},"6":{"start":{"line":10,"column":2},"end":{"line":10,"column":53}},"7":{"start":{"line":12,"column":2},"end":{"line":14,"column":4}},"8":{"start":{"line":16,"column":17},"end":{"line":21,"column":12}},"9":{"start":{"line":22,"column":19},"end":{"line":22,"column":60}},"10":{"start":{"line":23,"column":2},"end":{"line":23,"column":49}},"11":{"start":{"line":25,"column":15},"end":{"line":25,"column":39}},"12":{"start":{"line":26,"column":2},"end":{"line":26,"column":25}},"13":{"start":{"line":27,"column":2},"end":{"line":27,"column":52}},"14":{"start":{"line":28,"column":2},"end":{"line":28,"column":62}},"15":{"start":{"line":30,"column":0},"end":{"line":30,"column":12}}},"fnMap":{"0":{"name":"bootstrap","decl":{"start":{"line":6,"column":15},"end":{"line":6,"column":24}},"loc":{"start":{"line":6,"column":24},"end":{"line":29,"column":1}}}},"branchMap":{"0":{"loc":{"start":{"line":25,"column":15},"end":{"line":25,"column":39}},"type":"binary-expr","locations":[{"start":{"line":25,"column":15},"end":{"line":25,"column":31}},{"start":{"line":25,"column":35},"end":{"line":25,"column":39}}]}},"s":{"0":0,"1":0,"2":0,"3":0,"4":0,"5":0,"6":0,"7":0,"8":0,"9":0,"10":0,"11":0,"12":0,"13":0,"14":0,"15":0},"f":{"0":0},"b":{"0":[0,0]}}
,"C:\\Users\\BoGuU\\Desktop\\pharma-defense-package\\backend-nest\\src\\admin\\admin.controller.ts": {"path":"C:\\Users\\BoGuU\\Desktop\\pharma-defense-package\\backend-nest\\src\\admin\\admin.controller.ts","statementMap":{"0":{"start":{"line":1,"column":0},"end":{"line":1,"column":99}},"1":{"start":{"line":2,"column":0},"end":{"line":2,"column":71}},"2":{"start":{"line":3,"column":0},"end":{"line":3,"column":63}},"3":{"start":{"line":4,"column":0},"end":{"line":4,"column":61}},"4":{"start":{"line":5,"column":0},"end":{"line":5,"column":42}},"5":{"start":{"line":6,"column":0},"end":{"line":6,"column":47}},"6":{"start":{"line":7,"column":0},"end":{"line":7,"column":65}},"7":{"start":{"line":14,"column":7},"end":{"line":44,"column":null}},"8":{"start":{"line":15,"column":31},"end":{"line":15,"column":45}},"9":{"start":{"line":19,"column":12},"end":{"line":19,"column":45}},"10":{"start":{"line":23,"column":10},"end":{"line":23,"column":41}},"11":{"start":{"line":32,"column":4},"end":{"line":32,"column":78}},"12":{"start":{"line":42,"column":4},"end":{"line":42,"column":75}},"13":{"start":{"line":14,"column":13},"end":{"line":14,"column":28}},"14":{"start":{"line":19,"column":2},"end":{"line":19,"column":null}},"15":{"start":{"line":23,"column":2},"end":{"line":23,"column":null}},"16":{"start":{"line":27,"column":2},"end":{"line":33,"column":null}},"17":{"start":{"line":37,"column":2},"end":{"line":43,"column":null}},"18":{"start":{"line":14,"column":13},"end":{"line":44,"column":null}}},"fnMap":{"0":{"name":"(anonymous_4)","decl":{"start":{"line":15,"column":2},"end":{"line":15,"column":31}},"loc":{"start":{"line":15,"column":57},"end":{"line":15,"column":61}}},"1":{"name":"(anonymous_5)","decl":{"start":{"line":19,"column":2},"end":{"line":19,"column":7}},"loc":{"start":{"line":19,"column":7},"end":{"line":19,"column":47}}},"2":{"name":"(anonymous_6)","decl":{"start":{"line":23,"column":2},"end":{"line":23,"column":5}},"loc":{"start":{"line":23,"column":5},"end":{"line":23,"column":43}}},"3":{"name":"(anonymous_7)","decl":{"start":{"line":27,"column":2},"end":{"line":27,"column":9}},"loc":{"start":{"line":30,"column":59},"end":{"line":33,"column":3}}},"4":{"name":"(anonymous_8)","decl":{"start":{"line":37,"column":2},"end":{"line":37,"column":12}},"loc":{"start":{"line":40,"column":59},"end":{"line":43,"column":3}}}},"branchMap":{},"s":{"0":0,"1":0,"2":0,"3":0,"4":0,"5":0,"6":0,"7":0,"8":0,"9":0,"10":0,"11":0,"12":0,"13":0,"14":0,"15":0,"16":0,"17":0,"18":0},"f":{"0":0,"1":0,"2":0,"3":0,"4":0},"b":{}}
,"C:\\Users\\BoGuU\\Desktop\\pharma-defense-package\\backend-nest\\src\\admin\\admin.module.ts": {"path":"C:\\Users\\BoGuU\\Desktop\\pharma-defense-package\\backend-nest\\src\\admin\\admin.module.ts","statementMap":{"0":{"start":{"line":1,"column":0},"end":{"line":1,"column":40}},"1":{"start":{"line":2,"column":0},"end":{"line":2,"column":53}},"2":{"start":{"line":3,"column":0},"end":{"line":3,"column":47}},"3":{"start":{"line":4,"column":0},"end":{"line":4,"column":52}},"4":{"start":{"line":11,"column":7},"end":{"line":11,"column":null}},"5":{"start":{"line":11,"column":13},"end":{"line":11,"column":24}},"6":{"start":{"line":11,"column":13},"end":{"line":11,"column":null}}},"fnMap":{},"branchMap":{},"s":{"0":0,"1":0,"2":0,"3":0,"4":0,"5":0,"6":0},"f":{},"b":{}}
,"C:\\Users\\BoGuU\\Desktop\\pharma-defense-package\\backend-nest\\src\\admin\\admin.service.ts": {"path":"C:\\Users\\BoGuU\\Desktop\\pharma-defense-package\\backend-nest\\src\\admin\\admin.service.ts","statementMap":{"0":{"start":{"line":1,"column":0},"end":{"line":1,"column":82}},"1":{"start":{"line":2,"column":0},"end":{"line":2,"column":35}},"2":{"start":{"line":3,"column":0},"end":{"line":3,"column":59}},"3":{"start":{"line":4,"column":0},"end":{"line":4,"column":54}},"4":{"start":{"line":8,"column":7},"end":{"line":111,"column":null}},"5":{"start":{"line":10,"column":12},"end":{"line":10,"column":20}},"6":{"start":{"line":11,"column":12},"end":{"line":11,"column":19}},"7":{"start":{"line":15,"column":4},"end":{"line":18,"column":7}},"8":{"start":{"line":22,"column":4},"end":{"line":26,"column":7}},"9":{"start":{"line":35,"column":19},"end":{"line":38,"column":6}},"10":{"start":{"line":39,"column":4},"end":{"line":39,"column":71}},"11":{"start":{"line":39,"column":17},"end":{"line":39,"column":71}},"12":{"start":{"line":41,"column":20},"end":{"line":45,"column":6}},"13":{"start":{"line":47,"column":4},"end":{"line":55,"column":7}},"14":{"start":{"line":57,"column":4},"end":{"line":57,"column":19}},"15":{"start":{"line":66,"column":17},"end":{"line":66,"column":77}},"16":{"start":{"line":67,"column":4},"end":{"line":67,"column":69}},"17":{"start":{"line":67,"column":15},"end":{"line":67,"column":69}},"18":{"start":{"line":69,"column":4},"end":{"line":72,"column":5}},"19":{"start":{"line":70,"column":21},"end":{"line":70,"column":87}},"20":{"start":{"line":71,"column":6},"end":{"line":71,"column":65}},"21":{"start":{"line":71,"column":18},"end":{"line":71,"column":65}},"22":{"start":{"line":74,"column":60},"end":{"line":74,"column":62}},"23":{"start":{"line":75,"column":4},"end":{"line":75,"column":42}},"24":{"start":{"line":75,"column":19},"end":{"line":75,"column":42}},"25":{"start":{"line":76,"column":4},"end":{"line":76,"column":78}},"26":{"start":{"line":76,"column":22},"end":{"line":76,"column":78}},"27":{"start":{"line":78,"column":4},"end":{"line":80,"column":5}},"28":{"start":{"line":79,"column":6},"end":{"line":79,"column":72}},"29":{"start":{"line":79,"column":39},"end":{"line":79,"column":70}},"30":{"start":{"line":79,"column":54},"end":{"line":79,"column":69}},"31":{"start":{"line":82,"column":20},"end":{"line":94,"column":6}},"32":{"start":{"line":96,"column":4},"end":{"line":107,"column":7}},"33":{"start":{"line":109,"column":4},"end":{"line":109,"column":19}},"34":{"start":{"line":8,"column":13},"end":{"line":8,"column":25}},"35":{"start":{"line":8,"column":13},"end":{"line":111,"column":null}}},"fnMap":{"0":{"name":"(anonymous_2)","decl":{"start":{"line":9,"column":2},"end":{"line":9,"column":null}},"loc":{"start":{"line":11,"column":31},"end":{"line":12,"column":6}}},"1":{"name":"(anonymous_3)","decl":{"start":{"line":14,"column":2},"end":{"line":14,"column":7}},"loc":{"start":{"line":14,"column":7},"end":{"line":19,"column":3}}},"2":{"name":"(anonymous_4)","decl":{"start":{"line":21,"column":2},"end":{"line":21,"column":5}},"loc":{"start":{"line":21,"column":5},"end":{"line":27,"column":3}}},"3":{"name":"(anonymous_5)","decl":{"start":{"line":29,"column":2},"end":{"line":29,"column":7}},"loc":{"start":{"line":33,"column":22},"end":{"line":58,"column":3}}},"4":{"name":"(anonymous_6)","decl":{"start":{"line":60,"column":2},"end":{"line":60,"column":7}},"loc":{"start":{"line":64,"column":22},"end":{"line":110,"column":3}}},"5":{"name":"(anonymous_7)","decl":{"start":{"line":79,"column":31},"end":{"line":79,"column":35}},"loc":{"start":{"line":79,"column":39},"end":{"line":79,"column":70}}},"6":{"name":"(anonymous_8)","decl":{"start":{"line":79,"column":49},"end":{"line":79,"column":50}},"loc":{"start":{"line":79,"column":54},"end":{"line":79,"column":69}}}},"branchMap":{"0":{"loc":{"start":{"line":39,"column":4},"end":{"line":39,"column":71}},"type":"if","locations":[{"start":{"line":39,"column":4},"end":{"line":39,"column":71}},{"start":{},"end":{}}]},"1":{"loc":{"start":{"line":67,"column":4},"end":{"line":67,"column":69}},"type":"if","locations":[{"start":{"line":67,"column":4},"end":{"line":67,"column":69}},{"start":{},"end":{}}]},"2":{"loc":{"start":{"line":69,"column":4},"end":{"line":72,"column":5}},"type":"if","locations":[{"start":{"line":69,"column":4},"end":{"line":72,"column":5}},{"start":{},"end":{}}]},"3":{"loc":{"start":{"line":69,"column":8},"end":{"line":69,"column":45}},"type":"binary-expr","locations":[{"start":{"line":69,"column":8},"end":{"line":69,"column":17}},{"start":{"line":69,"column":21},"end":{"line":69,"column":45}}]},"4":{"loc":{"start":{"line":71,"column":6},"end":{"line":71,"column":65}},"type":"if","locations":[{"start":{"line":71,"column":6},"end":{"line":71,"column":65}},{"start":{},"end":{}}]},"5":{"loc":{"start":{"line":75,"column":4},"end":{"line":75,"column":42}},"type":"if","locations":[{"start":{"line":75,"column":4},"end":{"line":75,"column":42}},{"start":{},"end":{}}]},"6":{"loc":{"start":{"line":76,"column":4},"end":{"line":76,"column":78}},"type":"if","locations":[{"start":{"line":76,"column":4},"end":{"line":76,"column":78}},{"start":{},"end":{}}]},"7":{"loc":{"start":{"line":78,"column":4},"end":{"line":80,"column":5}},"type":"if","locations":[{"start":{"line":78,"column":4},"end":{"line":80,"column":5}},{"start":{},"end":{}}]},"8":{"loc":{"start":{"line":78,"column":8},"end":{"line":78,"column":41}},"type":"binary-expr","locations":[{"start":{"line":78,"column":8},"end":{"line":78,"column":19}},{"start":{"line":78,"column":23},"end":{"line":78,"column":41}}]}},"s":{"0":1,"1":1,"2":1,"3":1,"4":1,"5":5,"6":5,"7":0,"8":1,"9":2,"10":2,"11":1,"12":1,"13":1,"14":1,"15":2,"16":2,"17":0,"18":2,"19":1,"20":1,"21":1,"22":1,"23":1,"24":0,"25":1,"26":1,"27":1,"28":0,"29":0,"30":0,"31":1,"32":1,"33":1,"34":1,"35":1},"f":{"0":5,"1":0,"2":1,"3":2,"4":2,"5":0,"6":0},"b":{"0":[1,1],"1":[0,2],"2":[1,1],"3":[2,1],"4":[1,0],"5":[0,1],"6":[1,0],"7":[0,1],"8":[1,1]}}
,"C:\\Users\\BoGuU\\Desktop\\pharma-defense-package\\backend-nest\\src\\admin\\dto\\admin-update-user.dto.ts": {"path":"C:\\Users\\BoGuU\\Desktop\\pharma-defense-package\\backend-nest\\src\\admin\\dto\\admin-update-user.dto.ts","statementMap":{"0":{"start":{"line":1,"column":0},"end":{"line":1,"column":54}},"1":{"start":{"line":2,"column":0},"end":{"line":2,"column":75}},"2":{"start":{"line":4,"column":0},"end":{"line":4,"column":13}},"3":{"start":{"line":8,"column":2},"end":{"line":8,"column":null}},"4":{"start":{"line":14,"column":2},"end":{"line":14,"column":null}}},"fnMap":{},"branchMap":{},"s":{"0":0,"1":0,"2":0,"3":0,"4":0},"f":{},"b":{}}
,"C:\\Users\\BoGuU\\Desktop\\pharma-defense-package\\backend-nest\\src\\audit\\audit.controller.ts": {"path":"C:\\Users\\BoGuU\\Desktop\\pharma-defense-package\\backend-nest\\src\\audit\\audit.controller.ts","statementMap":{"0":{"start":{"line":1,"column":0},"end":{"line":1,"column":60}},"1":{"start":{"line":2,"column":0},"end":{"line":2,"column":71}},"2":{"start":{"line":3,"column":0},"end":{"line":3,"column":61}},"3":{"start":{"line":4,"column":0},"end":{"line":4,"column":63}},"4":{"start":{"line":5,"column":0},"end":{"line":5,"column":47}},"5":{"start":{"line":11,"column":7},"end":{"line":20,"column":null}},"6":{"start":{"line":12,"column":31},"end":{"line":12,"column":45}},"7":{"start":{"line":18,"column":4},"end":{"line":18,"column":36}},"8":{"start":{"line":11,"column":13},"end":{"line":11,"column":28}},"9":{"start":{"line":17,"column":2},"end":{"line":19,"column":null}},"10":{"start":{"line":11,"column":13},"end":{"line":20,"column":null}}},"fnMap":{"0":{"name":"(anonymous_2)","decl":{"start":{"line":12,"column":2},"end":{"line":12,"column":31}},"loc":{"start":{"line":12,"column":57},"end":{"line":12,"column":61}}},"1":{"name":"(anonymous_3)","decl":{"start":{"line":17,"column":2},"end":{"line":17,"column":6}},"loc":{"start":{"line":17,"column":6},"end":{"line":19,"column":3}}}},"branchMap":{},"s":{"0":0,"1":0,"2":0,"3":0,"4":0,"5":0,"6":0,"7":0,"8":0,"9":0,"10":0},"f":{"0":0,"1":0},"b":{}}
,"C:\\Users\\BoGuU\\Desktop\\pharma-defense-package\\backend-nest\\src\\audit\\audit.module.ts": {"path":"C:\\Users\\BoGuU\\Desktop\\pharma-defense-package\\backend-nest\\src\\audit\\audit.module.ts","statementMap":{"0":{"start":{"line":1,"column":0},"end":{"line":1,"column":40}},"1":{"start":{"line":2,"column":0},"end":{"line":2,"column":53}},"2":{"start":{"line":3,"column":0},"end":{"line":3,"column":47}},"3":{"start":{"line":10,"column":7},"end":{"line":10,"column":null}},"4":{"start":{"line":10,"column":13},"end":{"line":10,"column":24}},"5":{"start":{"line":10,"column":13},"end":{"line":10,"column":null}}},"fnMap":{},"branchMap":{},"s":{"0":0,"1":0,"2":0,"3":0,"4":0,"5":0},"f":{},"b":{}}
,"C:\\Users\\BoGuU\\Desktop\\pharma-defense-package\\backend-nest\\src\\audit\\audit.service.ts": {"path":"C:\\Users\\BoGuU\\Desktop\\pharma-defense-package\\backend-nest\\src\\audit\\audit.service.ts","statementMap":{"0":{"start":{"line":1,"column":0},"end":{"line":1,"column":52}},"1":{"start":{"line":2,"column":0},"end":{"line":2,"column":59}},"2":{"start":{"line":13,"column":25},"end":{"line":60,"column":null}},"3":{"start":{"line":16,"column":22},"end":{"line":16,"column":30}},"4":{"start":{"line":14,"column":19},"end":{"line":14,"column":58}},"5":{"start":{"line":19,"column":17},"end":{"line":23,"column":6}},"6":{"start":{"line":25,"column":4},"end":{"line":31,"column":8}},"7":{"start":{"line":25,"column":28},"end":{"line":31,"column":6}},"8":{"start":{"line":43,"column":4},"end":{"line":51,"column":5}},"9":{"start":{"line":44,"column":6},"end":{"line":44,"column":57}},"10":{"start":{"line":46,"column":6},"end":{"line":49,"column":8}},"11":{"start":{"line":50,"column":6},"end":{"line":50,"column":16}},"12":{"start":{"line":55,"column":4},"end":{"line":58,"column":5}},"13":{"start":{"line":56,"column":6},"end":{"line":56,"column":27}},"14":{"start":{"line":13,"column":13},"end":{"line":13,"column":25}},"15":{"start":{"line":13,"column":13},"end":{"line":60,"column":null}}},"fnMap":{"0":{"name":"(anonymous_2)","decl":{"start":{"line":16,"column":2},"end":{"line":16,"column":22}},"loc":{"start":{"line":16,"column":43},"end":{"line":16,"column":47}}},"1":{"name":"(anonymous_3)","decl":{"start":{"line":18,"column":2},"end":{"line":18,"column":7}},"loc":{"start":{"line":18,"column":23},"end":{"line":32,"column":3}}},"2":{"name":"(anonymous_4)","decl":{"start":{"line":25,"column":20},"end":{"line":25,"column":23}},"loc":{"start":{"line":25,"column":28},"end":{"line":31,"column":6}}},"3":{"name":"(anonymous_5)","decl":{"start":{"line":34,"column":2},"end":{"line":34,"column":7}},"loc":{"start":{"line":42,"column":3},"end":{"line":52,"column":3}}},"4":{"name":"(anonymous_6)","decl":{"start":{"line":54,"column":2},"end":{"line":54,"column":7}},"loc":{"start":{"line":54,"column":56},"end":{"line":59,"column":3}}}},"branchMap":{"0":{"loc":{"start":{"line":18,"column":13},"end":{"line":18,"column":23}},"type":"default-arg","locations":[{"start":{"line":18,"column":20},"end":{"line":18,"column":23}}]},"1":{"loc":{"start":{"line":27,"column":12},"end":{"line":27,"column":56}},"type":"binary-expr","locations":[{"start":{"line":27,"column":12},"end":{"line":27,"column":27}},{"start":{"line":27,"column":31},"end":{"line":27,"column":49}},{"start":{"line":27,"column":53},"end":{"line":27,"column":56}}]},"2":{"loc":{"start":{"line":29,"column":14},"end":{"line":29,"column":77}},"type":"binary-expr","locations":[{"start":{"line":29,"column":14},"end":{"line":29,"column":70}},{"start":{"line":29,"column":74},"end":{"line":29,"column":77}}]},"3":{"loc":{"start":{"line":30,"column":10},"end":{"line":30,"column":30}},"type":"binary-expr","locations":[{"start":{"line":30,"column":10},"end":{"line":30,"column":23}},{"start":{"line":30,"column":27},"end":{"line":30,"column":30}}]}},"s":{"0":4,"1":4,"2":4,"3":5,"4":5,"5":2,"6":2,"7":2,"8":3,"9":3,"10":2,"11":2,"12":1,"13":1,"14":4,"15":4},"f":{"0":5,"1":2,"2":2,"3":3,"4":1},"b":{"0":[1],"1":[2,1,1],"2":[2,1],"3":[2,1]}}
,"C:\\Users\\BoGuU\\Desktop\\pharma-defense-package\\backend-nest\\src\\auth\\auth.controller.ts": {"path":"C:\\Users\\BoGuU\\Desktop\\pharma-defense-package\\backend-nest\\src\\auth\\auth.controller.ts","statementMap":{"0":{"start":{"line":1,"column":0},"end":{"line":1,"column":77}},"1":{"start":{"line":2,"column":0},"end":{"line":2,"column":71}},"2":{"start":{"line":3,"column":0},"end":{"line":3,"column":45}},"3":{"start":{"line":4,"column":0},"end":{"line":4,"column":43}},"4":{"start":{"line":5,"column":0},"end":{"line":5,"column":49}},"5":{"start":{"line":6,"column":0},"end":{"line":6,"column":55}},"6":{"start":{"line":10,"column":7},"end":{"line":32,"column":null}},"7":{"start":{"line":11,"column":31},"end":{"line":11,"column":44}},"8":{"start":{"line":16,"column":4},"end":{"line":16,"column":50}},"9":{"start":{"line":22,"column":4},"end":{"line":22,"column":47}},"10":{"start":{"line":30,"column":4},"end":{"line":30,"column":53}},"11":{"start":{"line":10,"column":13},"end":{"line":10,"column":27}},"12":{"start":{"line":15,"column":2},"end":{"line":17,"column":null}},"13":{"start":{"line":21,"column":2},"end":{"line":23,"column":null}},"14":{"start":{"line":29,"column":2},"end":{"line":31,"column":null}},"15":{"start":{"line":10,"column":13},"end":{"line":32,"column":null}}},"fnMap":{"0":{"name":"(anonymous_4)","decl":{"start":{"line":11,"column":2},"end":{"line":11,"column":31}},"loc":{"start":{"line":11,"column":55},"end":{"line":11,"column":59}}},"1":{"name":"(anonymous_5)","decl":{"start":{"line":15,"column":2},"end":{"line":15,"column":10}},"loc":{"start":{"line":15,"column":52},"end":{"line":17,"column":3}}},"2":{"name":"(anonymous_6)","decl":{"start":{"line":21,"column":2},"end":{"line":21,"column":7}},"loc":{"start":{"line":21,"column":46},"end":{"line":23,"column":3}}},"3":{"name":"(anonymous_7)","decl":{"start":{"line":29,"column":2},"end":{"line":29,"column":9}},"loc":{"start":{"line":29,"column":25},"end":{"line":31,"column":3}}}},"branchMap":{},"s":{"0":0,"1":0,"2":0,"3":0,"4":0,"5":0,"6":0,"7":0,"8":0,"9":0,"10":0,"11":0,"12":0,"13":0,"14":0,"15":0},"f":{"0":0,"1":0,"2":0,"3":0},"b":{}}
,"C:\\Users\\BoGuU\\Desktop\\pharma-defense-package\\backend-nest\\src\\auth\\auth.module.ts": {"path":"C:\\Users\\BoGuU\\Desktop\\pharma-defense-package\\backend-nest\\src\\auth\\auth.module.ts","statementMap":{"0":{"start":{"line":1,"column":0},"end":{"line":1,"column":40}},"1":{"start":{"line":2,"column":0},"end":{"line":2,"column":40}},"2":{"start":{"line":3,"column":0},"end":{"line":3,"column":50}},"3":{"start":{"line":4,"column":0},"end":{"line":4,"column":51}},"4":{"start":{"line":5,"column":0},"end":{"line":5,"column":45}},"5":{"start":{"line":6,"column":0},"end":{"line":6,"column":56}},"6":{"start":{"line":7,"column":0},"end":{"line":7,"column":50}},"7":{"start":{"line":8,"column":0},"end":{"line":8,"column":52}},"8":{"start":{"line":23,"column":7},"end":{"line":23,"column":null}},"9":{"start":{"line":23,"column":13},"end":{"line":23,"column":23}},"10":{"start":{"line":23,"column":13},"end":{"line":23,"column":null}}},"fnMap":{},"branchMap":{"0":{"loc":{"start":{"line":14,"column":14},"end":{"line":14,"column":58}},"type":"binary-expr","locations":[{"start":{"line":14,"column":14},"end":{"line":14,"column":36}},{"start":{"line":14,"column":40},"end":{"line":14,"column":58}}]}},"s":{"0":0,"1":0,"2":0,"3":0,"4":0,"5":0,"6":0,"7":0,"8":0,"9":0,"10":0},"f":{},"b":{"0":[0,0]}}
,"C:\\Users\\BoGuU\\Desktop\\pharma-defense-package\\backend-nest\\src\\auth\\auth.service.ts": {"path":"C:\\Users\\BoGuU\\Desktop\\pharma-defense-package\\backend-nest\\src\\auth\\auth.service.ts","statementMap":{"0":{"start":{"line":1,"column":0},"end":{"line":1,"column":null}},"1":{"start":{"line":6,"column":0},"end":{"line":6,"column":41}},"2":{"start":{"line":7,"column":0},"end":{"line":7,"column":35}},"3":{"start":{"line":8,"column":0},"end":{"line":8,"column":59}},"4":{"start":{"line":9,"column":0},"end":{"line":9,"column":54}},"5":{"start":{"line":14,"column":7},"end":{"line":80,"column":null}},"6":{"start":{"line":16,"column":12},"end":{"line":16,"column":20}},"7":{"start":{"line":17,"column":12},"end":{"line":17,"column":17}},"8":{"start":{"line":18,"column":12},"end":{"line":18,"column":19}},"9":{"start":{"line":22,"column":21},"end":{"line":22,"column":87}},"10":{"start":{"line":23,"column":4},"end":{"line":23,"column":75}},"11":{"start":{"line":23,"column":18},"end":{"line":23,"column":75}},"12":{"start":{"line":25,"column":25},"end":{"line":25,"column":60}},"13":{"start":{"line":26,"column":17},"end":{"line":34,"column":6}},"14":{"start":{"line":36,"column":4},"end":{"line":43,"column":7}},"15":{"start":{"line":45,"column":4},"end":{"line":45,"column":53}},"16":{"start":{"line":49,"column":17},"end":{"line":49,"column":83}},"17":{"start":{"line":50,"column":4},"end":{"line":52,"column":5}},"18":{"start":{"line":51,"column":6},"end":{"line":51,"column":67}},"19":{"start":{"line":54,"column":4},"end":{"line":61,"column":7}},"20":{"start":{"line":63,"column":4},"end":{"line":63,"column":53}},"21":{"start":{"line":67,"column":4},"end":{"line":70,"column":7}},"22":{"start":{"line":74,"column":4},"end":{"line":78,"column":6}},"23":{"start":{"line":14,"column":13},"end":{"line":14,"column":24}},"24":{"start":{"line":14,"column":13},"end":{"line":80,"column":null}}},"fnMap":{"0":{"name":"(anonymous_2)","decl":{"start":{"line":15,"column":2},"end":{"line":15,"column":null}},"loc":{"start":{"line":18,"column":31},"end":{"line":19,"column":6}}},"1":{"name":"(anonymous_3)","decl":{"start":{"line":21,"column":2},"end":{"line":21,"column":7}},"loc":{"start":{"line":21,"column":53},"end":{"line":46,"column":3}}},"2":{"name":"(anonymous_4)","decl":{"start":{"line":48,"column":2},"end":{"line":48,"column":7}},"loc":{"start":{"line":48,"column":47},"end":{"line":64,"column":3}}},"3":{"name":"(anonymous_5)","decl":{"start":{"line":66,"column":2},"end":{"line":66,"column":7}},"loc":{"start":{"line":66,"column":30},"end":{"line":71,"column":3}}},"4":{"name":"(anonymous_6)","decl":{"start":{"line":73,"column":10},"end":{"line":73,"column":14}},"loc":{"start":{"line":73,"column":54},"end":{"line":79,"column":3}}}},"branchMap":{"0":{"loc":{"start":{"line":23,"column":4},"end":{"line":23,"column":75}},"type":"if","locations":[{"start":{"line":23,"column":4},"end":{"line":23,"column":75}},{"start":{},"end":{}}]},"1":{"loc":{"start":{"line":32,"column":15},"end":{"line":32,"column":43}},"type":"binary-expr","locations":[{"start":{"line":32,"column":15},"end":{"line":32,"column":31}},{"start":{"line":32,"column":35},"end":{"line":32,"column":43}}]},"2":{"loc":{"start":{"line":50,"column":4},"end":{"line":52,"column":5}},"type":"if","locations":[{"start":{"line":50,"column":4},"end":{"line":52,"column":5}},{"start":{},"end":{}}]},"3":{"loc":{"start":{"line":50,"column":8},"end":{"line":50,"column":73}},"type":"binary-expr","locations":[{"start":{"line":50,"column":8},"end":{"line":50,"column":13}},{"start":{"line":50,"column":17},"end":{"line":50,"column":73}}]}},"s":{"0":1,"1":1,"2":1,"3":1,"4":1,"5":1,"6":8,"7":8,"8":8,"9":4,"10":4,"11":1,"12":3,"13":3,"14":3,"15":3,"16":3,"17":3,"18":2,"19":1,"20":1,"21":1,"22":4,"23":1,"24":1},"f":{"0":8,"1":4,"2":3,"3":1,"4":4},"b":{"0":[1,3],"1":[3,3],"2":[2,1],"3":[3,2]}}
,"C:\\Users\\BoGuU\\Desktop\\pharma-defense-package\\backend-nest\\src\\auth\\roles.enum.ts": {"path":"C:\\Users\\BoGuU\\Desktop\\pharma-defense-package\\backend-nest\\src\\auth\\roles.enum.ts","statementMap":{"0":{"start":{"line":1,"column":0},"end":{"line":1,"column":null}},"1":{"start":{"line":2,"column":2},"end":{"line":2,"column":null}},"2":{"start":{"line":3,"column":2},"end":{"line":3,"column":null}},"3":{"start":{"line":4,"column":2},"end":{"line":4,"column":null}}},"fnMap":{"0":{"name":"(anonymous_0)","decl":{"start":{"line":1,"column":0},"end":{"line":1,"column":12}},"loc":{"start":{"line":1,"column":16},"end":{"line":5,"column":1}}}},"branchMap":{"0":{"loc":{"start":{"line":1,"column":12},"end":{"line":1,"column":null}},"type":"binary-expr","locations":[{"start":{"line":1,"column":12},"end":{"line":1,"column":16}},{"start":{"line":1,"column":16},"end":{"line":1,"column":null}}]}},"s":{"0":0,"1":0,"2":0,"3":0},"f":{"0":0},"b":{"0":[0,0]}}
,"C:\\Users\\BoGuU\\Desktop\\pharma-defense-package\\backend-nest\\src\\auth\\dto\\login.dto.ts": {"path":"C:\\Users\\BoGuU\\Desktop\\pharma-defense-package\\backend-nest\\src\\auth\\dto\\login.dto.ts","statementMap":{"0":{"start":{"line":1,"column":0},"end":{"line":1,"column":46}},"1":{"start":{"line":2,"column":0},"end":{"line":2,"column":63}},"2":{"start":{"line":4,"column":0},"end":{"line":4,"column":13}},"3":{"start":{"line":7,"column":2},"end":{"line":7,"column":null}},"4":{"start":{"line":12,"column":2},"end":{"line":12,"column":null}}},"fnMap":{},"branchMap":{},"s":{"0":0,"1":0,"2":0,"3":0,"4":0},"f":{},"b":{}}
,"C:\\Users\\BoGuU\\Desktop\\pharma-defense-package\\backend-nest\\src\\auth\\dto\\register.dto.ts": {"path":"C:\\Users\\BoGuU\\Desktop\\pharma-defense-package\\backend-nest\\src\\auth\\dto\\register.dto.ts","statementMap":{"0":{"start":{"line":1,"column":0},"end":{"line":1,"column":46}},"1":{"start":{"line":2,"column":0},"end":{"line":2,"column":83}},"2":{"start":{"line":3,"column":0},"end":{"line":3,"column":37}},"3":{"start":{"line":5,"column":0},"end":{"line":5,"column":13}},"4":{"start":{"line":8,"column":2},"end":{"line":8,"column":null}},"5":{"start":{"line":12,"column":2},"end":{"line":12,"column":null}},"6":{"start":{"line":17,"column":2},"end":{"line":17,"column":null}},"7":{"start":{"line":22,"column":2},"end":{"line":22,"column":null}},"8":{"start":{"line":27,"column":2},"end":{"line":27,"column":null}}},"fnMap":{},"branchMap":{},"s":{"0":0,"1":0,"2":0,"3":0,"4":0,"5":0,"6":0,"7":0,"8":0},"f":{},"b":{}}
,"C:\\Users\\BoGuU\\Desktop\\pharma-defense-package\\backend-nest\\src\\auth\\guards\\jwt-auth.guard.ts": {"path":"C:\\Users\\BoGuU\\Desktop\\pharma-defense-package\\backend-nest\\src\\auth\\guards\\jwt-auth.guard.ts","statementMap":{"0":{"start":{"line":1,"column":0},"end":{"line":1,"column":44}},"1":{"start":{"line":2,"column":0},"end":{"line":2,"column":45}},"2":{"start":{"line":5,"column":7},"end":{"line":5,"column":null}},"3":{"start":{"line":5,"column":13},"end":{"line":5,"column":25}},"4":{"start":{"line":5,"column":13},"end":{"line":5,"column":null}}},"fnMap":{},"branchMap":{},"s":{"0":0,"1":0,"2":0,"3":0,"4":0},"f":{},"b":{}}
,"C:\\Users\\BoGuU\\Desktop\\pharma-defense-package\\backend-nest\\src\\auth\\guards\\roles.decorator.ts": {"path":"C:\\Users\\BoGuU\\Desktop\\pharma-defense-package\\backend-nest\\src\\auth\\guards\\roles.decorator.ts","statementMap":{"0":{"start":{"line":1,"column":0},"end":{"line":1,"column":9}},"1":{"start":{"line":1,"column":9},"end":{"line":1,"column":16}},"2":{"start":{"line":1,"column":16},"end":{"line":1,"column":49}}},"fnMap":{"0":{"name":"(anonymous_0)","decl":{"start":{"line":1,"column":9},"end":{"line":1,"column":14}},"loc":{"start":{"line":1,"column":9},"end":{"line":1,"column":16}}},"1":{"name":"(anonymous_1)","decl":{"start":{"line":1,"column":16},"end":{"line":1,"column":25}},"loc":{"start":{"line":1,"column":16},"end":{"line":1,"column":49}}}},"branchMap":{},"s":{"0":0,"1":0,"2":0},"f":{"0":0,"1":0},"b":{}}
,"C:\\Users\\BoGuU\\Desktop\\pharma-defense-package\\backend-nest\\src\\auth\\guards\\roles.guard.ts": {"path":"C:\\Users\\BoGuU\\Desktop\\pharma-defense-package\\backend-nest\\src\\auth\\guards\\roles.guard.ts","statementMap":{"0":{"start":{"line":1,"column":0},"end":{"line":1,"column":95}},"1":{"start":{"line":2,"column":0},"end":{"line":2,"column":41}},"2":{"start":{"line":3,"column":0},"end":{"line":3,"column":45}},"3":{"start":{"line":5,"column":13},"end":{"line":5,"column":33}},"4":{"start":{"line":6,"column":21},"end":{"line":6,"column":74}},"5":{"start":{"line":6,"column":45},"end":{"line":6,"column":74}},"6":{"start":{"line":6,"column":13},"end":{"line":6,"column":21}},"7":{"start":{"line":9,"column":7},"end":{"line":31,"column":null}},"8":{"start":{"line":10,"column":22},"end":{"line":10,"column":33}},"9":{"start":{"line":13,"column":26},"end":{"line":16,"column":6}},"10":{"start":{"line":18,"column":4},"end":{"line":18,"column":66}},"11":{"start":{"line":18,"column":54},"end":{"line":18,"column":66}},"12":{"start":{"line":20,"column":20},"end":{"line":20,"column":55}},"13":{"start":{"line":21,"column":29},"end":{"line":21,"column":47}},"14":{"start":{"line":23,"column":4},"end":{"line":27,"column":5}},"15":{"start":{"line":24,"column":6},"end":{"line":26,"column":8}},"16":{"start":{"line":29,"column":4},"end":{"line":29,"column":16}},"17":{"start":{"line":9,"column":13},"end":{"line":9,"column":23}},"18":{"start":{"line":9,"column":13},"end":{"line":31,"column":null}}},"fnMap":{"0":{"name":"(anonymous_2)","decl":{"start":{"line":6,"column":21},"end":{"line":6,"column":22}},"loc":{"start":{"line":6,"column":45},"end":{"line":6,"column":74}}},"1":{"name":"(anonymous_3)","decl":{"start":{"line":10,"column":2},"end":{"line":10,"column":22}},"loc":{"start":{"line":10,"column":42},"end":{"line":10,"column":46}}},"2":{"name":"(anonymous_4)","decl":{"start":{"line":12,"column":2},"end":{"line":12,"column":13}},"loc":{"start":{"line":12,"column":39},"end":{"line":30,"column":3}}}},"branchMap":{"0":{"loc":{"start":{"line":18,"column":4},"end":{"line":18,"column":66}},"type":"if","locations":[{"start":{"line":18,"column":4},"end":{"line":18,"column":66}},{"start":{},"end":{}}]},"1":{"loc":{"start":{"line":18,"column":8},"end":{"line":18,"column":52}},"type":"binary-expr","locations":[{"start":{"line":18,"column":8},"end":{"line":18,"column":22}},{"start":{"line":18,"column":26},"end":{"line":18,"column":52}}]},"2":{"loc":{"start":{"line":23,"column":4},"end":{"line":27,"column":5}},"type":"if","locations":[{"start":{"line":23,"column":4},"end":{"line":27,"column":5}},{"start":{},"end":{}}]}},"s":{"0":1,"1":1,"2":1,"3":1,"4":1,"5":0,"6":1,"7":1,"8":4,"9":4,"10":4,"11":1,"12":3,"13":3,"14":3,"15":2,"16":1,"17":1,"18":1},"f":{"0":0,"1":4,"2":4},"b":{"0":[1,3],"1":[4,3],"2":[2,1]}}
,"C:\\Users\\BoGuU\\Desktop\\pharma-defense-package\\backend-nest\\src\\auth\\strategies\\jwt.strategy.ts": {"path":"C:\\Users\\BoGuU\\Desktop\\pharma-defense-package\\backend-nest\\src\\auth\\strategies\\jwt.strategy.ts","statementMap":{"0":{"start":{"line":1,"column":0},"end":{"line":1,"column":44}},"1":{"start":{"line":2,"column":0},"end":{"line":2,"column":52}},"2":{"start":{"line":3,"column":0},"end":{"line":3,"column":52}},"3":{"start":{"line":6,"column":7},"end":{"line":18,"column":null}},"4":{"start":{"line":8,"column":4},"end":{"line":12,"column":7}},"5":{"start":{"line":16,"column":4},"end":{"line":16,"column":77}},"6":{"start":{"line":6,"column":13},"end":{"line":6,"column":24}},"7":{"start":{"line":6,"column":13},"end":{"line":18,"column":null}}},"fnMap":{"0":{"name":"(anonymous_2)","decl":{"start":{"line":7,"column":2},"end":{"line":7,"column":null}},"loc":{"start":{"line":7,"column":2},"end":{"line":13,"column":3}}},"1":{"name":"(anonymous_3)","decl":{"start":{"line":15,"column":2},"end":{"line":15,"column":7}},"loc":{"start":{"line":15,"column":29},"end":{"line":17,"column":3}}}},"branchMap":{"0":{"loc":{"start":{"line":11,"column":19},"end":{"line":11,"column":63}},"type":"binary-expr","locations":[{"start":{"line":11,"column":19},"end":{"line":11,"column":41}},{"start":{"line":11,"column":45},"end":{"line":11,"column":63}}]}},"s":{"0":0,"1":0,"2":0,"3":0,"4":0,"5":0,"6":0,"7":0},"f":{"0":0,"1":0},"b":{"0":[0,0]}}
,"C:\\Users\\BoGuU\\Desktop\\pharma-defense-package\\backend-nest\\src\\database\\database.module.ts": {"path":"C:\\Users\\BoGuU\\Desktop\\pharma-defense-package\\backend-nest\\src\\database\\database.module.ts","statementMap":{"0":{"start":{"line":1,"column":0},"end":{"line":1,"column":48}},"1":{"start":{"line":2,"column":0},"end":{"line":2,"column":49}},"2":{"start":{"line":6,"column":7},"end":{"line":6,"column":null}},"3":{"start":{"line":6,"column":13},"end":{"line":6,"column":27}},"4":{"start":{"line":6,"column":13},"end":{"line":6,"column":null}}},"fnMap":{},"branchMap":{},"s":{"0":0,"1":0,"2":0,"3":0,"4":0},"f":{},"b":{}}
,"C:\\Users\\BoGuU\\Desktop\\pharma-defense-package\\backend-nest\\src\\database\\prisma.service.ts": {"path":"C:\\Users\\BoGuU\\Desktop\\pharma-defense-package\\backend-nest\\src\\database\\prisma.service.ts","statementMap":{"0":{"start":{"line":1,"column":0},"end":{"line":1,"column":83}},"1":{"start":{"line":2,"column":0},"end":{"line":2,"column":46}},"2":{"start":{"line":5,"column":26},"end":{"line":17,"column":null}},"3":{"start":{"line":6,"column":19},"end":{"line":6,"column":59}},"4":{"start":{"line":9,"column":4},"end":{"line":9,"column":26}},"5":{"start":{"line":10,"column":4},"end":{"line":10,"column":42}},"6":{"start":{"line":14,"column":4},"end":{"line":14,"column":29}},"7":{"start":{"line":15,"column":4},"end":{"line":15,"column":45}},"8":{"start":{"line":5,"column":13},"end":{"line":5,"column":26}},"9":{"start":{"line":5,"column":13},"end":{"line":17,"column":null}}},"fnMap":{"0":{"name":"(anonymous_1)","decl":{"start":{"line":5,"column":7},"end":{"line":5,"column":13}},"loc":{"start":{"line":5,"column":7},"end":{"line":17,"column":1}}},"1":{"name":"(anonymous_2)","decl":{"start":{"line":8,"column":2},"end":{"line":8,"column":7}},"loc":{"start":{"line":8,"column":20},"end":{"line":11,"column":3}}},"2":{"name":"(anonymous_3)","decl":{"start":{"line":13,"column":2},"end":{"line":13,"column":7}},"loc":{"start":{"line":13,"column":23},"end":{"line":16,"column":3}}}},"branchMap":{},"s":{"0":4,"1":4,"2":4,"3":0,"4":0,"5":0,"6":0,"7":0,"8":4,"9":4},"f":{"0":0,"1":0,"2":0},"b":{}}
,"C:\\Users\\BoGuU\\Desktop\\pharma-defense-package\\backend-nest\\src\\domain\\pharma.data.ts": {"path":"C:\\Users\\BoGuU\\Desktop\\pharma-defense-package\\backend-nest\\src\\domain\\pharma.data.ts","statementMap":{"0":{"start":{"line":1,"column":13},"end":{"line":7,"column":2}}},"fnMap":{},"branchMap":{},"s":{"0":1},"f":{},"b":{}}
,"C:\\Users\\BoGuU\\Desktop\\pharma-defense-package\\backend-nest\\src\\domain\\pharma.repository.ts": {"path":"C:\\Users\\BoGuU\\Desktop\\pharma-defense-package\\backend-nest\\src\\domain\\pharma.repository.ts","statementMap":{"0":{"start":{"line":1,"column":0},"end":{"line":1,"column":44}},"1":{"start":{"line":2,"column":0},"end":{"line":2,"column":38}},"2":{"start":{"line":4,"column":7},"end":{"line":9,"column":null}},"3":{"start":{"line":5,"column":26},"end":{"line":5,"column":56}},"4":{"start":{"line":6,"column":9},"end":{"line":6,"column":22}},"5":{"start":{"line":7,"column":28},"end":{"line":7,"column":40}},"6":{"start":{"line":7,"column":42},"end":{"line":7,"column":259}},"7":{"start":{"line":7,"column":65},"end":{"line":7,"column":257}},"8":{"start":{"line":7,"column":154},"end":{"line":7,"column":178}},"9":{"start":{"line":7,"column":200},"end":{"line":7,"column":224}},"10":{"start":{"line":8,"column":31},"end":{"line":8,"column":46}},"11":{"start":{"line":8,"column":48},"end":{"line":8,"column":158}},"12":{"start":{"line":8,"column":69},"end":{"line":8,"column":156}},"13":{"start":{"line":8,"column":139},"end":{"line":8,"column":155}},"14":{"start":{"line":4,"column":13},"end":{"line":4,"column":29}},"15":{"start":{"line":4,"column":13},"end":{"line":9,"column":null}}},"fnMap":{"0":{"name":"(anonymous_1)","decl":{"start":{"line":5,"column":10},"end":{"line":5,"column":14}},"loc":{"start":{"line":5,"column":23},"end":{"line":5,"column":58}}},"1":{"name":"(anonymous_2)","decl":{"start":{"line":6,"column":2},"end":{"line":6,"column":5}},"loc":{"start":{"line":6,"column":5},"end":{"line":6,"column":24}}},"2":{"name":"(anonymous_3)","decl":{"start":{"line":7,"column":2},"end":{"line":7,"column":8}},"loc":{"start":{"line":7,"column":17},"end":{"line":7,"column":261}}},"3":{"name":"(anonymous_4)","decl":{"start":{"line":7,"column":62},"end":{"line":7,"column":63}},"loc":{"start":{"line":7,"column":65},"end":{"line":7,"column":257}}},"4":{"name":"(anonymous_5)","decl":{"start":{"line":7,"column":151},"end":{"line":7,"column":152}},"loc":{"start":{"line":7,"column":154},"end":{"line":7,"column":178}}},"5":{"name":"(anonymous_6)","decl":{"start":{"line":7,"column":197},"end":{"line":7,"column":198}},"loc":{"start":{"line":7,"column":200},"end":{"line":7,"column":224}}},"6":{"name":"(anonymous_7)","decl":{"start":{"line":8,"column":2},"end":{"line":8,"column":8}},"loc":{"start":{"line":8,"column":20},"end":{"line":8,"column":160}}},"7":{"name":"(anonymous_8)","decl":{"start":{"line":8,"column":66},"end":{"line":8,"column":67}},"loc":{"start":{"line":8,"column":69},"end":{"line":8,"column":156}}},"8":{"name":"(anonymous_9)","decl":{"start":{"line":8,"column":136},"end":{"line":8,"column":137}},"loc":{"start":{"line":8,"column":139},"end":{"line":8,"column":155}}}},"branchMap":{"0":{"loc":{"start":{"line":7,"column":65},"end":{"line":7,"column":257}},"type":"binary-expr","locations":[{"start":{"line":7,"column":65},"end":{"line":7,"column":94}},{"start":{"line":7,"column":96},"end":{"line":7,"column":130}},{"start":{"line":7,"column":132},"end":{"line":7,"column":179}},{"start":{"line":7,"column":181},"end":{"line":7,"column":225}},{"start":{"line":7,"column":227},"end":{"line":7,"column":257}}]},"1":{"loc":{"start":{"line":8,"column":69},"end":{"line":8,"column":156}},"type":"binary-expr","locations":[{"start":{"line":8,"column":69},"end":{"line":8,"column":90}},{"start":{"line":8,"column":92},"end":{"line":8,"column":118}},{"start":{"line":8,"column":120},"end":{"line":8,"column":156}}]}},"s":{"0":1,"1":1,"2":1,"3":0,"4":0,"5":0,"6":0,"7":0,"8":0,"9":0,"10":0,"11":0,"12":0,"13":0,"14":1,"15":1},"f":{"0":0,"1":0,"2":0,"3":0,"4":0,"5":0,"6":0,"7":0,"8":0},"b":{"0":[0,0,0,0,0],"1":[0,0,0]}}
,"C:\\Users\\BoGuU\\Desktop\\pharma-defense-package\\backend-nest\\src\\drugs\\drugs.controller.ts": {"path":"C:\\Users\\BoGuU\\Desktop\\pharma-defense-package\\backend-nest\\src\\drugs\\drugs.controller.ts","statementMap":{"0":{"start":{"line":1,"column":0},"end":{"line":1,"column":91}},"1":{"start":{"line":2,"column":0},"end":{"line":2,"column":81}},"2":{"start":{"line":3,"column":0},"end":{"line":3,"column":61}},"3":{"start":{"line":4,"column":0},"end":{"line":4,"column":55}},"4":{"start":{"line":5,"column":0},"end":{"line":5,"column":56}},"5":{"start":{"line":6,"column":0},"end":{"line":6,"column":47}},"6":{"start":{"line":10,"column":7},"end":{"line":73,"column":null}},"7":{"start":{"line":11,"column":31},"end":{"line":11,"column":45}},"8":{"start":{"line":16,"column":4},"end":{"line":16,"column":41}},"9":{"start":{"line":25,"column":4},"end":{"line":25,"column":39}},"10":{"start":{"line":35,"column":4},"end":{"line":35,"column":65}},"11":{"start":{"line":44,"column":4},"end":{"line":44,"column":71}},"12":{"start":{"line":53,"column":4},"end":{"line":53,"column":69}},"13":{"start":{"line":62,"column":4},"end":{"line":62,"column":86}},"14":{"start":{"line":71,"column":4},"end":{"line":71,"column":97}},"15":{"start":{"line":10,"column":13},"end":{"line":10,"column":28}},"16":{"start":{"line":15,"column":2},"end":{"line":17,"column":null}},"17":{"start":{"line":24,"column":2},"end":{"line":26,"column":null}},"18":{"start":{"line":34,"column":2},"end":{"line":36,"column":null}},"19":{"start":{"line":43,"column":2},"end":{"line":45,"column":null}},"20":{"start":{"line":52,"column":2},"end":{"line":54,"column":null}},"21":{"start":{"line":61,"column":2},"end":{"line":63,"column":null}},"22":{"start":{"line":70,"column":2},"end":{"line":72,"column":null}},"23":{"start":{"line":10,"column":13},"end":{"line":73,"column":null}}},"fnMap":{"0":{"name":"(anonymous_4)","decl":{"start":{"line":11,"column":2},"end":{"line":11,"column":31}},"loc":{"start":{"line":11,"column":57},"end":{"line":11,"column":61}}},"1":{"name":"(anonymous_5)","decl":{"start":{"line":15,"column":2},"end":{"line":15,"column":11}},"loc":{"start":{"line":15,"column":11},"end":{"line":17,"column":3}}},"2":{"name":"(anonymous_6)","decl":{"start":{"line":24,"column":2},"end":{"line":24,"column":9}},"loc":{"start":{"line":24,"column":25},"end":{"line":26,"column":3}}},"3":{"name":"(anonymous_7)","decl":{"start":{"line":34,"column":2},"end":{"line":34,"column":8}},"loc":{"start":{"line":34,"column":44},"end":{"line":36,"column":3}}},"4":{"name":"(anonymous_8)","decl":{"start":{"line":43,"column":2},"end":{"line":43,"column":11}},"loc":{"start":{"line":43,"column":56},"end":{"line":45,"column":3}}},"5":{"name":"(anonymous_9)","decl":{"start":{"line":52,"column":2},"end":{"line":52,"column":9}},"loc":{"start":{"line":52,"column":54},"end":{"line":54,"column":3}}},"6":{"name":"(anonymous_10)","decl":{"start":{"line":61,"column":2},"end":{"line":61,"column":14}},"loc":{"start":{"line":61,"column":65},"end":{"line":63,"column":3}}},"7":{"name":"(anonymous_11)","decl":{"start":{"line":70,"column":2},"end":{"line":70,"column":8}},"loc":{"start":{"line":70,"column":86},"end":{"line":72,"column":3}}}},"branchMap":{"0":{"loc":{"start":{"line":34,"column":21},"end":{"line":34,"column":27}},"type":"default-arg","locations":[{"start":{"line":34,"column":25},"end":{"line":34,"column":27}}]},"1":{"loc":{"start":{"line":62,"column":42},"end":{"line":62,"column":58}},"type":"binary-expr","locations":[{"start":{"line":62,"column":42},"end":{"line":62,"column":52}},{"start":{"line":62,"column":56},"end":{"line":62,"column":58}}]}},"s":{"0":0,"1":0,"2":0,"3":0,"4":0,"5":0,"6":0,"7":0,"8":0,"9":0,"10":0,"11":0,"12":0,"13":0,"14":0,"15":0,"16":0,"17":0,"18":0,"19":0,"20":0,"21":0,"22":0,"23":0},"f":{"0":0,"1":0,"2":0,"3":0,"4":0,"5":0,"6":0,"7":0},"b":{"0":[0],"1":[0,0]}}
,"C:\\Users\\BoGuU\\Desktop\\pharma-defense-package\\backend-nest\\src\\drugs\\drugs.module.ts": {"path":"C:\\Users\\BoGuU\\Desktop\\pharma-defense-package\\backend-nest\\src\\drugs\\drugs.module.ts","statementMap":{"0":{"start":{"line":1,"column":0},"end":{"line":1,"column":40}},"1":{"start":{"line":2,"column":0},"end":{"line":2,"column":53}},"2":{"start":{"line":3,"column":0},"end":{"line":3,"column":47}},"3":{"start":{"line":4,"column":0},"end":{"line":4,"column":63}},"4":{"start":{"line":5,"column":0},"end":{"line":5,"column":52}},"5":{"start":{"line":12,"column":7},"end":{"line":12,"column":null}},"6":{"start":{"line":12,"column":13},"end":{"line":12,"column":24}},"7":{"start":{"line":12,"column":13},"end":{"line":12,"column":null}}},"fnMap":{},"branchMap":{},"s":{"0":0,"1":0,"2":0,"3":0,"4":0,"5":0,"6":0,"7":0},"f":{},"b":{}}
,"C:\\Users\\BoGuU\\Desktop\\pharma-defense-package\\backend-nest\\src\\drugs\\drugs.service.ts": {"path":"C:\\Users\\BoGuU\\Desktop\\pharma-defense-package\\backend-nest\\src\\drugs\\drugs.service.ts","statementMap":{"0":{"start":{"line":1,"column":0},"end":{"line":1,"column":52}},"1":{"start":{"line":2,"column":0},"end":{"line":2,"column":40}},"2":{"start":{"line":3,"column":0},"end":{"line":3,"column":59}},"3":{"start":{"line":4,"column":0},"end":{"line":4,"column":63}},"4":{"start":{"line":5,"column":0},"end":{"line":5,"column":54}},"5":{"start":{"line":6,"column":0},"end":{"line":6,"column":60}},"6":{"start":{"line":23,"column":25},"end":{"line":540,"column":null}},"7":{"start":{"line":27,"column":12},"end":{"line":27,"column":18}},"8":{"start":{"line":28,"column":12},"end":{"line":28,"column":20}},"9":{"start":{"line":29,"column":12},"end":{"line":29,"column":19}},"10":{"start":{"line":24,"column":19},"end":{"line":24,"column":58}},"11":{"start":{"line":33,"column":4},"end":{"line":35,"column":6}},"12":{"start":{"line":34,"column":11},"end":{"line":34,"column":75}},"13":{"start":{"line":39,"column":14},"end":{"line":39,"column":39}},"14":{"start":{"line":40,"column":4},"end":{"line":45,"column":6}},"15":{"start":{"line":42,"column":8},"end":{"line":44,"column":69}},"16":{"start":{"line":44,"column":47},"end":{"line":44,"column":68}},"17":{"start":{"line":49,"column":4},"end":{"line":49,"column":30}},"18":{"start":{"line":49,"column":16},"end":{"line":49,"column":30}},"19":{"start":{"line":50,"column":4},"end":{"line":76,"column":6}},"20":{"start":{"line":59,"column":56},"end":{"line":59,"column":72}},"21":{"start":{"line":62,"column":63},"end":{"line":66,"column":12}},"22":{"start":{"line":69,"column":96},"end":{"line":74,"column":12}},"23":{"start":{"line":88,"column":4},"end":{"line":88,"column":55}},"24":{"start":{"line":88,"column":42},"end":{"line":88,"column":55}},"25":{"start":{"line":89,"column":4},"end":{"line":89,"column":49}},"26":{"start":{"line":89,"column":36},"end":{"line":89,"column":49}},"27":{"start":{"line":90,"column":4},"end":{"line":90,"column":44}},"28":{"start":{"line":90,"column":31},"end":{"line":90,"column":44}},"29":{"start":{"line":91,"column":4},"end":{"line":91,"column":57}},"30":{"start":{"line":91,"column":44},"end":{"line":91,"column":57}},"31":{"start":{"line":92,"column":4},"end":{"line":92,"column":80}},"32":{"start":{"line":92,"column":67},"end":{"line":92,"column":80}},"33":{"start":{"line":93,"column":17},"end":{"line":93,"column":71}},"34":{"start":{"line":94,"column":4},"end":{"line":94,"column":56}},"35":{"start":{"line":94,"column":43},"end":{"line":94,"column":56}},"36":{"start":{"line":95,"column":19},"end":{"line":95,"column":59}},"37":{"start":{"line":96,"column":4},"end":{"line":96,"column":60}},"38":{"start":{"line":96,"column":47},"end":{"line":96,"column":60}},"39":{"start":{"line":98,"column":6},"end":{"line":99,"column":41}},"40":{"start":{"line":100,"column":4},"end":{"line":100,"column":26}},"41":{"start":{"line":104,"column":4},"end":{"line":122,"column":5}},"42":{"start":{"line":105,"column":20},"end":{"line":117,"column":8}},"43":{"start":{"line":118,"column":23},"end":{"line":118,"column":71}},"44":{"start":{"line":118,"column":41},"end":{"line":118,"column":70}},"45":{"start":{"line":119,"column":6},"end":{"line":119,"column":47}},"46":{"start":{"line":119,"column":31},"end":{"line":119,"column":47}},"47":{"start":{"line":121,"column":6},"end":{"line":121,"column":81}},"48":{"start":{"line":123,"column":4},"end":{"line":133,"column":8}},"49":{"start":{"line":123,"column":49},"end":{"line":133,"column":6}},"50":{"start":{"line":132,"column":56},"end":{"line":132,"column":64}},"51":{"start":{"line":137,"column":20},"end":{"line":137,"column":36}},"52":{"start":{"line":138,"column":4},"end":{"line":138,"column":40}},"53":{"start":{"line":138,"column":18},"end":{"line":138,"column":40}},"54":{"start":{"line":139,"column":4},"end":{"line":139,"column":38}},"55":{"start":{"line":139,"column":28},"end":{"line":139,"column":38}},"56":{"start":{"line":140,"column":14},"end":{"line":140,"column":35}},"57":{"start":{"line":141,"column":4},"end":{"line":179,"column":5}},"58":{"start":{"line":142,"column":20},"end":{"line":164,"column":8}},"59":{"start":{"line":165,"column":23},"end":{"line":165,"column":71}},"60":{"start":{"line":165,"column":41},"end":{"line":165,"column":70}},"61":{"start":{"line":166,"column":6},"end":{"line":176,"column":7}},"62":{"start":{"line":167,"column":8},"end":{"line":174,"column":11}},"63":{"start":{"line":175,"column":8},"end":{"line":175,"column":24}},"64":{"start":{"line":178,"column":6},"end":{"line":178,"column":89}},"65":{"start":{"line":180,"column":26},"end":{"line":184,"column":null}},"66":{"start":{"line":181,"column":6},"end":{"line":184,"column":58}},"67":{"start":{"line":183,"column":35},"end":{"line":183,"column":62}},"68":{"start":{"line":184,"column":30},"end":{"line":184,"column":57}},"69":{"start":{"line":186,"column":4},"end":{"line":193,"column":7}},"70":{"start":{"line":194,"column":4},"end":{"line":202,"column":8}},"71":{"start":{"line":194,"column":34},"end":{"line":202,"column":6}},"72":{"start":{"line":206,"column":4},"end":{"line":239,"column":5}},"73":{"start":{"line":207,"column":21},"end":{"line":217,"column":8}},"74":{"start":{"line":218,"column":6},"end":{"line":236,"column":7}},"75":{"start":{"line":219,"column":8},"end":{"line":226,"column":11}},"76":{"start":{"line":228,"column":22},"end":{"line":228,"column":51}},"77":{"start":{"line":229,"column":25},"end":{"line":229,"column":95}},"78":{"start":{"line":230,"column":32},"end":{"line":230,"column":87}},"79":{"start":{"line":230,"column":80},"end":{"line":230,"column":86}},"80":{"start":{"line":231,"column":8},"end":{"line":234,"column":9}},"81":{"start":{"line":232,"column":24},"end":{"line":232,"column":57}},"82":{"start":{"line":233,"column":10},"end":{"line":233,"column":115}},"83":{"start":{"line":235,"column":8},"end":{"line":235,"column":24}},"84":{"start":{"line":238,"column":6},"end":{"line":238,"column":111}},"85":{"start":{"line":240,"column":18},"end":{"line":240,"column":40}},"86":{"start":{"line":241,"column":4},"end":{"line":241,"column":28}},"87":{"start":{"line":241,"column":16},"end":{"line":241,"column":28}},"88":{"start":{"line":243,"column":4},"end":{"line":250,"column":7}},"89":{"start":{"line":252,"column":4},"end":{"line":277,"column":6}},"90":{"start":{"line":264,"column":69},"end":{"line":264,"column":85}},"91":{"start":{"line":265,"column":72},"end":{"line":269,"column":8}},"92":{"start":{"line":270,"column":106},"end":{"line":275,"column":8}},"93":{"start":{"line":281,"column":14},"end":{"line":281,"column":39}},"94":{"start":{"line":282,"column":4},"end":{"line":360,"column":5}},"95":{"start":{"line":283,"column":19},"end":{"line":303,"column":8}},"96":{"start":{"line":305,"column":6},"end":{"line":357,"column":7}},"97":{"start":{"line":306,"column":33},"end":{"line":306,"column":95}},"98":{"start":{"line":306,"column":60},"end":{"line":306,"column":72}},"99":{"start":{"line":307,"column":28},"end":{"line":317,"column":14}},"100":{"start":{"line":319,"column":23},"end":{"line":319,"column":128}},"101":{"start":{"line":321,"column":8},"end":{"line":334,"column":9}},"102":{"start":{"line":322,"column":10},"end":{"line":333,"column":13}},"103":{"start":{"line":325,"column":57},"end":{"line":325,"column":73}},"104":{"start":{"line":335,"column":8},"end":{"line":344,"column":9}},"105":{"start":{"line":336,"column":10},"end":{"line":336,"column":49}},"106":{"start":{"line":336,"column":40},"end":{"line":336,"column":49}},"107":{"start":{"line":337,"column":10},"end":{"line":343,"column":13}},"108":{"start":{"line":340,"column":54},"end":{"line":340,"column":70}},"109":{"start":{"line":346,"column":8},"end":{"line":356,"column":9}},"110":{"start":{"line":347,"column":10},"end":{"line":354,"column":13}},"111":{"start":{"line":355,"column":10},"end":{"line":355,"column":75}},"112":{"start":{"line":359,"column":6},"end":{"line":359,"column":104}},"113":{"start":{"line":361,"column":18},"end":{"line":361,"column":40}},"114":{"start":{"line":362,"column":4},"end":{"line":362,"column":51}},"115":{"start":{"line":362,"column":16},"end":{"line":362,"column":51}},"116":{"start":{"line":364,"column":4},"end":{"line":371,"column":7}},"117":{"start":{"line":373,"column":4},"end":{"line":382,"column":6}},"118":{"start":{"line":375,"column":72},"end":{"line":381,"column":8}},"119":{"start":{"line":386,"column":4},"end":{"line":386,"column":36}},"120":{"start":{"line":386,"column":26},"end":{"line":386,"column":36}},"121":{"start":{"line":387,"column":4},"end":{"line":428,"column":5}},"122":{"start":{"line":388,"column":20},"end":{"line":391,"column":8}},"123":{"start":{"line":392,"column":6},"end":{"line":425,"column":7}},"124":{"start":{"line":396,"column":13},"end":{"line":396,"column":15}},"125":{"start":{"line":397,"column":8},"end":{"line":413,"column":9}},"126":{"start":{"line":397,"column":21},"end":{"line":397,"column":22}},"127":{"start":{"line":398,"column":10},"end":{"line":412,"column":11}},"128":{"start":{"line":398,"column":23},"end":{"line":398,"column":28}},"129":{"start":{"line":399,"column":22},"end":{"line":399,"column":30}},"130":{"start":{"line":400,"column":22},"end":{"line":400,"column":30}},"131":{"start":{"line":401,"column":32},"end":{"line":403,"column":14}},"132":{"start":{"line":404,"column":12},"end":{"line":411,"column":15}},"133":{"start":{"line":414,"column":8},"end":{"line":424,"column":9}},"134":{"start":{"line":414,"column":30},"end":{"line":414,"column":61}},"135":{"start":{"line":415,"column":10},"end":{"line":422,"column":13}},"136":{"start":{"line":423,"column":10},"end":{"line":423,"column":25}},"137":{"start":{"line":427,"column":6},"end":{"line":427,"column":95}},"138":{"start":{"line":429,"column":19},"end":{"line":448,"column":null}},"139":{"start":{"line":430,"column":6},"end":{"line":448,"column":8}},"140":{"start":{"line":431,"column":19},"end":{"line":431,"column":38}},"141":{"start":{"line":432,"column":19},"end":{"line":432,"column":38}},"142":{"start":{"line":434,"column":10},"end":{"line":438,"column":null}},"143":{"start":{"line":435,"column":12},"end":{"line":435,"column":66}},"144":{"start":{"line":438,"column":12},"end":{"line":438,"column":66}},"145":{"start":{"line":440,"column":8},"end":{"line":447,"column":10}},"146":{"start":{"line":451,"column":4},"end":{"line":458,"column":7}},"147":{"start":{"line":460,"column":4},"end":{"line":460,"column":18}},"148":{"start":{"line":464,"column":31},"end":{"line":464,"column":33}},"149":{"start":{"line":465,"column":4},"end":{"line":489,"column":5}},"150":{"start":{"line":466,"column":21},"end":{"line":469,"column":8}},"151":{"start":{"line":470,"column":6},"end":{"line":486,"column":7}},"152":{"start":{"line":471,"column":8},"end":{"line":476,"column":9}},"153":{"start":{"line":472,"column":10},"end":{"line":472,"column":132}},"154":{"start":{"line":472,"column":51},"end":{"line":472,"column":132}},"155":{"start":{"line":473,"column":10},"end":{"line":473,"column":133}},"156":{"start":{"line":473,"column":51},"end":{"line":473,"column":133}},"157":{"start":{"line":474,"column":10},"end":{"line":475,"column":75}},"158":{"start":{"line":475,"column":12},"end":{"line":475,"column":75}},"159":{"start":{"line":477,"column":8},"end":{"line":484,"column":11}},"160":{"start":{"line":485,"column":8},"end":{"line":485,"column":92}},"161":{"start":{"line":485,"column":33},"end":{"line":485,"column":92}},"162":{"start":{"line":488,"column":6},"end":{"line":488,"column":103}},"163":{"start":{"line":490,"column":18},"end":{"line":490,"column":40}},"164":{"start":{"line":491,"column":4},"end":{"line":491,"column":52}},"165":{"start":{"line":491,"column":16},"end":{"line":491,"column":52}},"166":{"start":{"line":492,"column":16},"end":{"line":492,"column":109}},"167":{"start":{"line":492,"column":34},"end":{"line":492,"column":109}},"168":{"start":{"line":492,"column":78},"end":{"line":492,"column":108}},"169":{"start":{"line":493,"column":4},"end":{"line":493,"column":85}},"170":{"start":{"line":493,"column":34},"end":{"line":493,"column":85}},"171":{"start":{"line":494,"column":4},"end":{"line":494,"column":100}},"172":{"start":{"line":494,"column":51},"end":{"line":494,"column":100}},"173":{"start":{"line":495,"column":4},"end":{"line":495,"column":103}},"174":{"start":{"line":495,"column":50},"end":{"line":495,"column":103}},"175":{"start":{"line":496,"column":4},"end":{"line":496,"column":107}},"176":{"start":{"line":496,"column":46},"end":{"line":496,"column":107}},"177":{"start":{"line":497,"column":4},"end":{"line":497,"column":110}},"178":{"start":{"line":497,"column":47},"end":{"line":497,"column":110}},"179":{"start":{"line":498,"column":4},"end":{"line":498,"column":100}},"180":{"start":{"line":498,"column":49},"end":{"line":498,"column":100}},"181":{"start":{"line":499,"column":4},"end":{"line":499,"column":108}},"182":{"start":{"line":499,"column":43},"end":{"line":499,"column":108}},"183":{"start":{"line":499,"column":90},"end":{"line":499,"column":106}},"184":{"start":{"line":501,"column":4},"end":{"line":508,"column":7}},"185":{"start":{"line":510,"column":4},"end":{"line":510,"column":64}},"186":{"start":{"line":514,"column":61},"end":{"line":521,"column":6}},"187":{"start":{"line":519,"column":6},"end":{"line":519,"column":92}},"188":{"start":{"line":520,"column":6},"end":{"line":520,"column":51}},"189":{"start":{"line":523,"column":23},"end":{"line":523,"column":91}},"190":{"start":{"line":525,"column":4},"end":{"line":538,"column":6}},"191":{"start":{"line":23,"column":13},"end":{"line":23,"column":25}},"192":{"start":{"line":23,"column":13},"end":{"line":540,"column":null}}},"fnMap":{"0":{"name":"(anonymous_2)","decl":{"start":{"line":26,"column":2},"end":{"line":26,"column":null}},"loc":{"start":{"line":29,"column":31},"end":{"line":30,"column":6}}},"1":{"name":"(anonymous_3)","decl":{"start":{"line":32,"column":10},"end":{"line":32,"column":21}},"loc":{"start":{"line":32,"column":34},"end":{"line":36,"column":3}}},"2":{"name":"(anonymous_4)","decl":{"start":{"line":34,"column":6},"end":{"line":34,"column":7}},"loc":{"start":{"line":34,"column":11},"end":{"line":34,"column":75}}},"3":{"name":"(anonymous_5)","decl":{"start":{"line":38,"column":10},"end":{"line":38,"column":21}},"loc":{"start":{"line":38,"column":34},"end":{"line":46,"column":3}}},"4":{"name":"(anonymous_6)","decl":{"start":{"line":41,"column":6},"end":{"line":41,"column":7}},"loc":{"start":{"line":42,"column":8},"end":{"line":44,"column":69}}},"5":{"name":"(anonymous_7)","decl":{"start":{"line":44,"column":32},"end":{"line":44,"column":33}},"loc":{"start":{"line":44,"column":47},"end":{"line":44,"column":68}}},"6":{"name":"(anonymous_8)","decl":{"start":{"line":48,"column":10},"end":{"line":48,"column":26}},"loc":{"start":{"line":48,"column":84},"end":{"line":77,"column":3}}},"7":{"name":"(anonymous_9)","decl":{"start":{"line":59,"column":40},"end":{"line":59,"column":41}},"loc":{"start":{"line":59,"column":56},"end":{"line":59,"column":72}}},"8":{"name":"(anonymous_10)","decl":{"start":{"line":62,"column":36},"end":{"line":62,"column":37}},"loc":{"start":{"line":62,"column":63},"end":{"line":66,"column":12}}},"9":{"name":"(anonymous_11)","decl":{"start":{"line":69,"column":41},"end":{"line":69,"column":42}},"loc":{"start":{"line":69,"column":96},"end":{"line":74,"column":12}}},"10":{"name":"(anonymous_12)","decl":{"start":{"line":79,"column":10},"end":{"line":79,"column":31}},"loc":{"start":{"line":87,"column":3},"end":{"line":101,"column":3}}},"11":{"name":"(anonymous_13)","decl":{"start":{"line":103,"column":2},"end":{"line":103,"column":7}},"loc":{"start":{"line":103,"column":15},"end":{"line":134,"column":3}}},"12":{"name":"(anonymous_14)","decl":{"start":{"line":118,"column":36},"end":{"line":118,"column":37}},"loc":{"start":{"line":118,"column":41},"end":{"line":118,"column":70}}},"13":{"name":"(anonymous_15)","decl":{"start":{"line":123,"column":43},"end":{"line":123,"column":44}},"loc":{"start":{"line":123,"column":49},"end":{"line":133,"column":6}}},"14":{"name":"(anonymous_16)","decl":{"start":{"line":132,"column":37},"end":{"line":132,"column":38}},"loc":{"start":{"line":132,"column":56},"end":{"line":132,"column":64}}},"15":{"name":"(anonymous_17)","decl":{"start":{"line":136,"column":2},"end":{"line":136,"column":7}},"loc":{"start":{"line":136,"column":61},"end":{"line":203,"column":3}}},"16":{"name":"(anonymous_18)","decl":{"start":{"line":165,"column":36},"end":{"line":165,"column":37}},"loc":{"start":{"line":165,"column":41},"end":{"line":165,"column":70}}},"17":{"name":"(anonymous_19)","decl":{"start":{"line":180,"column":60},"end":{"line":180,"column":61}},"loc":{"start":{"line":181,"column":6},"end":{"line":184,"column":58}}},"18":{"name":"(anonymous_20)","decl":{"start":{"line":183,"column":30},"end":{"line":183,"column":31}},"loc":{"start":{"line":183,"column":35},"end":{"line":183,"column":62}}},"19":{"name":"(anonymous_21)","decl":{"start":{"line":184,"column":25},"end":{"line":184,"column":26}},"loc":{"start":{"line":184,"column":30},"end":{"line":184,"column":57}}},"20":{"name":"(anonymous_22)","decl":{"start":{"line":194,"column":28},"end":{"line":194,"column":29}},"loc":{"start":{"line":194,"column":34},"end":{"line":202,"column":6}}},"21":{"name":"(anonymous_23)","decl":{"start":{"line":205,"column":2},"end":{"line":205,"column":7}},"loc":{"start":{"line":205,"column":67},"end":{"line":278,"column":3}}},"22":{"name":"(anonymous_24)","decl":{"start":{"line":230,"column":55},"end":{"line":230,"column":56}},"loc":{"start":{"line":230,"column":80},"end":{"line":230,"column":86}}},"23":{"name":"(anonymous_25)","decl":{"start":{"line":264,"column":53},"end":{"line":264,"column":54}},"loc":{"start":{"line":264,"column":69},"end":{"line":264,"column":85}}},"24":{"name":"(anonymous_26)","decl":{"start":{"line":265,"column":45},"end":{"line":265,"column":46}},"loc":{"start":{"line":265,"column":72},"end":{"line":269,"column":8}}},"25":{"name":"(anonymous_27)","decl":{"start":{"line":270,"column":51},"end":{"line":270,"column":52}},"loc":{"start":{"line":270,"column":106},"end":{"line":275,"column":8}}},"26":{"name":"(anonymous_28)","decl":{"start":{"line":280,"column":2},"end":{"line":280,"column":7}},"loc":{"start":{"line":280,"column":65},"end":{"line":383,"column":3}}},"27":{"name":"(anonymous_29)","decl":{"start":{"line":306,"column":54},"end":{"line":306,"column":56}},"loc":{"start":{"line":306,"column":60},"end":{"line":306,"column":72}}},"28":{"name":"(anonymous_30)","decl":{"start":{"line":325,"column":52},"end":{"line":325,"column":53}},"loc":{"start":{"line":325,"column":57},"end":{"line":325,"column":73}}},"29":{"name":"(anonymous_31)","decl":{"start":{"line":340,"column":49},"end":{"line":340,"column":50}},"loc":{"start":{"line":340,"column":54},"end":{"line":340,"column":70}}},"30":{"name":"(anonymous_32)","decl":{"start":{"line":375,"column":41},"end":{"line":375,"column":42}},"loc":{"start":{"line":375,"column":72},"end":{"line":381,"column":8}}},"31":{"name":"(anonymous_33)","decl":{"start":{"line":385,"column":2},"end":{"line":385,"column":7}},"loc":{"start":{"line":385,"column":73},"end":{"line":461,"column":3}}},"32":{"name":"(anonymous_34)","decl":{"start":{"line":414,"column":25},"end":{"line":414,"column":26}},"loc":{"start":{"line":414,"column":30},"end":{"line":414,"column":61}}},"33":{"name":"(anonymous_35)","decl":{"start":{"line":429,"column":33},"end":{"line":429,"column":34}},"loc":{"start":{"line":430,"column":6},"end":{"line":448,"column":8}}},"34":{"name":"(anonymous_36)","decl":{"start":{"line":430,"column":29},"end":{"line":430,"column":30}},"loc":{"start":{"line":430,"column":43},"end":{"line":448,"column":7}}},"35":{"name":"(anonymous_37)","decl":{"start":{"line":434,"column":40},"end":{"line":434,"column":41}},"loc":{"start":{"line":435,"column":12},"end":{"line":435,"column":66}}},"36":{"name":"(anonymous_38)","decl":{"start":{"line":437,"column":40},"end":{"line":437,"column":41}},"loc":{"start":{"line":438,"column":12},"end":{"line":438,"column":66}}},"37":{"name":"(anonymous_39)","decl":{"start":{"line":463,"column":2},"end":{"line":463,"column":7}},"loc":{"start":{"line":463,"column":94},"end":{"line":511,"column":3}}},"38":{"name":"(anonymous_40)","decl":{"start":{"line":492,"column":16},"end":{"line":492,"column":17}},"loc":{"start":{"line":492,"column":34},"end":{"line":492,"column":109}}},"39":{"name":"(anonymous_41)","decl":{"start":{"line":492,"column":63},"end":{"line":492,"column":64}},"loc":{"start":{"line":492,"column":78},"end":{"line":492,"column":108}}},"40":{"name":"(anonymous_42)","decl":{"start":{"line":499,"column":75},"end":{"line":499,"column":76}},"loc":{"start":{"line":499,"column":90},"end":{"line":499,"column":106}}},"41":{"name":"(anonymous_43)","decl":{"start":{"line":513,"column":2},"end":{"line":513,"column":7}},"loc":{"start":{"line":513,"column":17},"end":{"line":539,"column":3}}},"42":{"name":"(anonymous_44)","decl":{"start":{"line":518,"column":13},"end":{"line":518,"column":14}},"loc":{"start":{"line":518,"column":21},"end":{"line":521,"column":5}}}},"branchMap":{"0":{"loc":{"start":{"line":42,"column":8},"end":{"line":44,"column":69}},"type":"binary-expr","locations":[{"start":{"line":42,"column":8},"end":{"line":42,"column":34}},{"start":{"line":43,"column":8},"end":{"line":43,"column":39}},{"start":{"line":44,"column":8},"end":{"line":44,"column":69}}]},"1":{"loc":{"start":{"line":44,"column":9},"end":{"line":44,"column":25}},"type":"binary-expr","locations":[{"start":{"line":44,"column":9},"end":{"line":44,"column":19}},{"start":{"line":44,"column":23},"end":{"line":44,"column":25}}]},"2":{"loc":{"start":{"line":49,"column":4},"end":{"line":49,"column":30}},"type":"if","locations":[{"start":{"line":49,"column":4},"end":{"line":49,"column":30}},{"start":{},"end":{}}]},"3":{"loc":{"start":{"line":53,"column":8},"end":{"line":55,"column":70}},"type":"binary-expr","locations":[{"start":{"line":53,"column":8},"end":{"line":53,"column":29}},{"start":{"line":54,"column":8},"end":{"line":55,"column":70}}]},"4":{"loc":{"start":{"line":55,"column":32},"end":{"line":55,"column":55}},"type":"binary-expr","locations":[{"start":{"line":55,"column":32},"end":{"line":55,"column":49}},{"start":{"line":55,"column":53},"end":{"line":55,"column":55}}]},"5":{"loc":{"start":{"line":56,"column":18},"end":{"line":56,"column":52}},"type":"binary-expr","locations":[{"start":{"line":56,"column":18},"end":{"line":56,"column":38}},{"start":{"line":56,"column":42},"end":{"line":56,"column":52}}]},"6":{"loc":{"start":{"line":57,"column":26},"end":{"line":59,"column":74}},"type":"cond-expr","locations":[{"start":{"line":58,"column":10},"end":{"line":58,"column":37}},{"start":{"line":59,"column":10},"end":{"line":59,"column":74}}]},"7":{"loc":{"start":{"line":60,"column":20},"end":{"line":66,"column":13}},"type":"cond-expr","locations":[{"start":{"line":61,"column":10},"end":{"line":61,"column":31}},{"start":{"line":62,"column":10},"end":{"line":66,"column":13}}]},"8":{"loc":{"start":{"line":62,"column":11},"end":{"line":62,"column":30}},"type":"binary-expr","locations":[{"start":{"line":62,"column":11},"end":{"line":62,"column":24}},{"start":{"line":62,"column":28},"end":{"line":62,"column":30}}]},"9":{"loc":{"start":{"line":67,"column":21},"end":{"line":74,"column":13}},"type":"cond-expr","locations":[{"start":{"line":68,"column":10},"end":{"line":68,"column":32}},{"start":{"line":69,"column":10},"end":{"line":74,"column":13}}]},"10":{"loc":{"start":{"line":69,"column":11},"end":{"line":69,"column":35}},"type":"binary-expr","locations":[{"start":{"line":69,"column":11},"end":{"line":69,"column":29}},{"start":{"line":69,"column":33},"end":{"line":69,"column":35}}]},"11":{"loc":{"start":{"line":75,"column":20},"end":{"line":75,"column":48}},"type":"binary-expr","locations":[{"start":{"line":75,"column":20},"end":{"line":75,"column":42}},{"start":{"line":75,"column":46},"end":{"line":75,"column":48}}]},"12":{"loc":{"start":{"line":88,"column":4},"end":{"line":88,"column":55}},"type":"if","locations":[{"start":{"line":88,"column":4},"end":{"line":88,"column":55}},{"start":{},"end":{}}]},"13":{"loc":{"start":{"line":89,"column":4},"end":{"line":89,"column":49}},"type":"if","locations":[{"start":{"line":89,"column":4},"end":{"line":89,"column":49}},{"start":{},"end":{}}]},"14":{"loc":{"start":{"line":90,"column":4},"end":{"line":90,"column":44}},"type":"if","locations":[{"start":{"line":90,"column":4},"end":{"line":90,"column":44}},{"start":{},"end":{}}]},"15":{"loc":{"start":{"line":91,"column":4},"end":{"line":91,"column":57}},"type":"if","locations":[{"start":{"line":91,"column":4},"end":{"line":91,"column":57}},{"start":{},"end":{}}]},"16":{"loc":{"start":{"line":92,"column":4},"end":{"line":92,"column":80}},"type":"if","locations":[{"start":{"line":92,"column":4},"end":{"line":92,"column":80}},{"start":{},"end":{}}]},"17":{"loc":{"start":{"line":92,"column":8},"end":{"line":92,"column":65}},"type":"binary-expr","locations":[{"start":{"line":92,"column":8},"end":{"line":92,"column":33}},{"start":{"line":92,"column":37},"end":{"line":92,"column":65}}]},"18":{"loc":{"start":{"line":94,"column":4},"end":{"line":94,"column":56}},"type":"if","locations":[{"start":{"line":94,"column":4},"end":{"line":94,"column":56}},{"start":{},"end":{}}]},"19":{"loc":{"start":{"line":94,"column":8},"end":{"line":94,"column":41}},"type":"binary-expr","locations":[{"start":{"line":94,"column":8},"end":{"line":94,"column":13}},{"start":{"line":94,"column":17},"end":{"line":94,"column":41}}]},"20":{"loc":{"start":{"line":95,"column":26},"end":{"line":95,"column":51}},"type":"binary-expr","locations":[{"start":{"line":95,"column":26},"end":{"line":95,"column":45}},{"start":{"line":95,"column":49},"end":{"line":95,"column":51}}]},"21":{"loc":{"start":{"line":96,"column":4},"end":{"line":96,"column":60}},"type":"if","locations":[{"start":{"line":96,"column":4},"end":{"line":96,"column":60}},{"start":{},"end":{}}]},"22":{"loc":{"start":{"line":96,"column":8},"end":{"line":96,"column":45}},"type":"binary-expr","locations":[{"start":{"line":96,"column":8},"end":{"line":96,"column":15}},{"start":{"line":96,"column":19},"end":{"line":96,"column":45}}]},"23":{"loc":{"start":{"line":98,"column":6},"end":{"line":99,"column":41}},"type":"binary-expr","locations":[{"start":{"line":98,"column":7},"end":{"line":98,"column":45}},{"start":{"line":98,"column":50},"end":{"line":98,"column":98}},{"start":{"line":99,"column":6},"end":{"line":99,"column":41}}]},"24":{"loc":{"start":{"line":99,"column":7},"end":{"line":99,"column":36}},"type":"binary-expr","locations":[{"start":{"line":99,"column":7},"end":{"line":99,"column":31}},{"start":{"line":99,"column":35},"end":{"line":99,"column":36}}]},"25":{"loc":{"start":{"line":119,"column":6},"end":{"line":119,"column":47}},"type":"if","locations":[{"start":{"line":119,"column":6},"end":{"line":119,"column":47}},{"start":{},"end":{}}]},"26":{"loc":{"start":{"line":137,"column":21},"end":{"line":137,"column":28}},"type":"binary-expr","locations":[{"start":{"line":137,"column":21},"end":{"line":137,"column":22}},{"start":{"line":137,"column":26},"end":{"line":137,"column":28}}]},"27":{"loc":{"start":{"line":138,"column":4},"end":{"line":138,"column":40}},"type":"if","locations":[{"start":{"line":138,"column":4},"end":{"line":138,"column":40}},{"start":{},"end":{}}]},"28":{"loc":{"start":{"line":139,"column":4},"end":{"line":139,"column":38}},"type":"if","locations":[{"start":{"line":139,"column":4},"end":{"line":139,"column":38}},{"start":{},"end":{}}]},"29":{"loc":{"start":{"line":166,"column":6},"end":{"line":176,"column":7}},"type":"if","locations":[{"start":{"line":166,"column":6},"end":{"line":176,"column":7}},{"start":{},"end":{}}]},"30":{"loc":{"start":{"line":181,"column":6},"end":{"line":184,"column":58}},"type":"binary-expr","locations":[{"start":{"line":181,"column":6},"end":{"line":181,"column":38}},{"start":{"line":182,"column":6},"end":{"line":182,"column":43}},{"start":{"line":183,"column":6},"end":{"line":183,"column":63}},{"start":{"line":184,"column":6},"end":{"line":184,"column":58}}]},"31":{"loc":{"start":{"line":183,"column":7},"end":{"line":183,"column":23}},"type":"binary-expr","locations":[{"start":{"line":183,"column":7},"end":{"line":183,"column":17}},{"start":{"line":183,"column":21},"end":{"line":183,"column":23}}]},"32":{"loc":{"start":{"line":218,"column":6},"end":{"line":236,"column":7}},"type":"if","locations":[{"start":{"line":218,"column":6},"end":{"line":236,"column":7}},{"start":{},"end":{}}]},"33":{"loc":{"start":{"line":231,"column":8},"end":{"line":234,"column":9}},"type":"if","locations":[{"start":{"line":231,"column":8},"end":{"line":234,"column":9}},{"start":{},"end":{}}]},"34":{"loc":{"start":{"line":231,"column":12},"end":{"line":231,"column":66}},"type":"binary-expr","locations":[{"start":{"line":231,"column":12},"end":{"line":231,"column":36}},{"start":{"line":231,"column":40},"end":{"line":231,"column":66}}]},"35":{"loc":{"start":{"line":232,"column":24},"end":{"line":232,"column":57}},"type":"binary-expr","locations":[{"start":{"line":232,"column":24},"end":{"line":232,"column":51}},{"start":{"line":232,"column":55},"end":{"line":232,"column":57}}]},"36":{"loc":{"start":{"line":233,"column":39},"end":{"line":233,"column":64}},"type":"cond-expr","locations":[{"start":{"line":233,"column":47},"end":{"line":233,"column":59}},{"start":{"line":233,"column":62},"end":{"line":233,"column":64}}]},"37":{"loc":{"start":{"line":241,"column":4},"end":{"line":241,"column":28}},"type":"if","locations":[{"start":{"line":241,"column":4},"end":{"line":241,"column":28}},{"start":{},"end":{}}]},"38":{"loc":{"start":{"line":262,"column":30},"end":{"line":262,"column":53}},"type":"binary-expr","locations":[{"start":{"line":262,"column":30},"end":{"line":262,"column":47}},{"start":{"line":262,"column":51},"end":{"line":262,"column":53}}]},"39":{"loc":{"start":{"line":265,"column":20},"end":{"line":265,"column":39}},"type":"binary-expr","locations":[{"start":{"line":265,"column":20},"end":{"line":265,"column":33}},{"start":{"line":265,"column":37},"end":{"line":265,"column":39}}]},"40":{"loc":{"start":{"line":270,"column":21},"end":{"line":270,"column":45}},"type":"binary-expr","locations":[{"start":{"line":270,"column":21},"end":{"line":270,"column":39}},{"start":{"line":270,"column":43},"end":{"line":270,"column":45}}]},"41":{"loc":{"start":{"line":305,"column":6},"end":{"line":357,"column":7}},"type":"if","locations":[{"start":{"line":305,"column":6},"end":{"line":357,"column":7}},{"start":{},"end":{}}]},"42":{"loc":{"start":{"line":306,"column":33},"end":{"line":306,"column":95}},"type":"binary-expr","locations":[{"start":{"line":306,"column":33},"end":{"line":306,"column":73}},{"start":{"line":306,"column":77},"end":{"line":306,"column":95}}]},"43":{"loc":{"start":{"line":307,"column":28},"end":{"line":317,"column":14}},"type":"cond-expr","locations":[{"start":{"line":308,"column":12},"end":{"line":316,"column":14}},{"start":{"line":317,"column":12},"end":{"line":317,"column":14}}]},"44":{"loc":{"start":{"line":327,"column":14},"end":{"line":331,"column":20}},"type":"cond-expr","locations":[{"start":{"line":328,"column":18},"end":{"line":330,"column":44}},{"start":{"line":331,"column":18},"end":{"line":331,"column":20}}]},"45":{"loc":{"start":{"line":328,"column":18},"end":{"line":330,"column":44}},"type":"cond-expr","locations":[{"start":{"line":329,"column":20},"end":{"line":329,"column":50}},{"start":{"line":330,"column":20},"end":{"line":330,"column":44}}]},"46":{"loc":{"start":{"line":332,"column":20},"end":{"line":332,"column":63}},"type":"binary-expr","locations":[{"start":{"line":332,"column":20},"end":{"line":332,"column":28}},{"start":{"line":332,"column":32},"end":{"line":332,"column":63}}]},"47":{"loc":{"start":{"line":336,"column":10},"end":{"line":336,"column":49}},"type":"if","locations":[{"start":{"line":336,"column":10},"end":{"line":336,"column":49}},{"start":{},"end":{}}]},"48":{"loc":{"start":{"line":342,"column":50},"end":{"line":342,"column":88}},"type":"binary-expr","locations":[{"start":{"line":342,"column":50},"end":{"line":342,"column":82}},{"start":{"line":342,"column":86},"end":{"line":342,"column":88}}]},"49":{"loc":{"start":{"line":346,"column":8},"end":{"line":356,"column":9}},"type":"if","locations":[{"start":{"line":346,"column":8},"end":{"line":356,"column":9}},{"start":{},"end":{}}]},"50":{"loc":{"start":{"line":362,"column":4},"end":{"line":362,"column":51}},"type":"if","locations":[{"start":{"line":362,"column":4},"end":{"line":362,"column":51}},{"start":{},"end":{}}]},"51":{"loc":{"start":{"line":375,"column":16},"end":{"line":375,"column":35}},"type":"binary-expr","locations":[{"start":{"line":375,"column":16},"end":{"line":375,"column":29}},{"start":{"line":375,"column":33},"end":{"line":375,"column":35}}]},"52":{"loc":{"start":{"line":386,"column":4},"end":{"line":386,"column":36}},"type":"if","locations":[{"start":{"line":386,"column":4},"end":{"line":386,"column":36}},{"start":{},"end":{}}]},"53":{"loc":{"start":{"line":392,"column":6},"end":{"line":425,"column":7}},"type":"if","locations":[{"start":{"line":392,"column":6},"end":{"line":425,"column":7}},{"start":{},"end":{}}]},"54":{"loc":{"start":{"line":407,"column":20},"end":{"line":407,"column":65}},"type":"binary-expr","locations":[{"start":{"line":407,"column":20},"end":{"line":407,"column":56}},{"start":{"line":407,"column":60},"end":{"line":407,"column":65}}]},"55":{"loc":{"start":{"line":408,"column":25},"end":{"line":408,"column":55}},"type":"binary-expr","locations":[{"start":{"line":408,"column":25},"end":{"line":408,"column":47}},{"start":{"line":408,"column":51},"end":{"line":408,"column":55}}]},"56":{"loc":{"start":{"line":409,"column":30},"end":{"line":409,"column":65}},"type":"binary-expr","locations":[{"start":{"line":409,"column":30},"end":{"line":409,"column":57}},{"start":{"line":409,"column":61},"end":{"line":409,"column":65}}]},"57":{"loc":{"start":{"line":410,"column":30},"end":{"line":410,"column":97}},"type":"binary-expr","locations":[{"start":{"line":410,"column":30},"end":{"line":410,"column":57}},{"start":{"line":410,"column":61},"end":{"line":410,"column":97}}]},"58":{"loc":{"start":{"line":414,"column":8},"end":{"line":424,"column":9}},"type":"if","locations":[{"start":{"line":414,"column":8},"end":{"line":424,"column":9}},{"start":{},"end":{}}]},"59":{"loc":{"start":{"line":414,"column":30},"end":{"line":414,"column":61}},"type":"binary-expr","locations":[{"start":{"line":414,"column":30},"end":{"line":414,"column":41}},{"start":{"line":414,"column":45},"end":{"line":414,"column":61}}]},"60":{"loc":{"start":{"line":434,"column":10},"end":{"line":438,"column":null
[...]
,"C:\\Users\\BoGuU\\Desktop\\pharma-defense-package\\backend-nest\\src\\graph\\neo4j\\neo4j.module.ts": {"path":"C:\\Users\\BoGuU\\Desktop\\pharma-defense-package\\backend-nest\\src\\graph\\neo4j\\neo4j.module.ts","statementMap":{"0":{"start":{"line":1,"column":0},"end":{"line":1,"column":48}},"1":{"start":{"line":2,"column":0},"end":{"line":2,"column":61}},"2":{"start":{"line":3,"column":0},"end":{"line":3,"column":77}},"3":{"start":{"line":4,"column":0},"end":{"line":4,"column":47}},"4":{"start":{"line":6,"column":13},"end":{"line":6,"column":43}},"5":{"start":{"line":26,"column":7},"end":{"line":26,"column":null}},"6":{"start":{"line":26,"column":13},"end":{"line":26,"column":24}},"7":{"start":{"line":26,"column":13},"end":{"line":26,"column":null}},"8":{"start":{"line":16,"column":20},"end":{"line":16,"column":78}},"9":{"start":{"line":17,"column":21},"end":{"line":17,"column":64}},"10":{"start":{"line":18,"column":25},"end":{"line":18,"column":75}},"11":{"start":{"line":19,"column":8},"end":{"line":19,"column":67}}},"fnMap":{"0":{"name":"(anonymous_1)","decl":{"start":{"line":15,"column":18},"end":{"line":15,"column":19}},"loc":{"start":{"line":15,"column":52},"end":{"line":20,"column":7}}}},"branchMap":{"0":{"loc":{"start":{"line":16,"column":20},"end":{"line":16,"column":78}},"type":"binary-expr","locations":[{"start":{"line":16,"column":20},"end":{"line":16,"column":51}},{"start":{"line":16,"column":55},"end":{"line":16,"column":78}}]},"1":{"loc":{"start":{"line":17,"column":21},"end":{"line":17,"column":64}},"type":"binary-expr","locations":[{"start":{"line":17,"column":21},"end":{"line":17,"column":53}},{"start":{"line":17,"column":57},"end":{"line":17,"column":64}}]},"2":{"loc":{"start":{"line":18,"column":25},"end":{"line":18,"column":75}},"type":"binary-expr","locations":[{"start":{"line":18,"column":25},"end":{"line":18,"column":61}},{"start":{"line":18,"column":65},"end":{"line":18,"column":75}}]}},"s":{"0":0,"1":0,"2":0,"3":0,"4":0,"5":0,"6":0,"7":0,"8":0,"9":0,"10":0,"11":0},"f":{"0":0},"b":{"0":[0,0],"1":[0,0],"2":[0,0]}}
,"C:\\Users\\BoGuU\\Desktop\\pharma-defense-package\\backend-nest\\src\\graph\\neo4j\\neo4j.service.ts": {"path":"C:\\Users\\BoGuU\\Desktop\\pharma-defense-package\\backend-nest\\src\\graph\\neo4j\\neo4j.service.ts","statementMap":{"0":{"start":{"line":1,"column":0},"end":{"line":1,"column":69}},"1":{"start":{"line":2,"column":0},"end":{"line":2,"column":77}},"2":{"start":{"line":4,"column":13},"end":{"line":4,"column":43}},"3":{"start":{"line":7,"column":7},"end":{"line":27,"column":null}},"4":{"start":{"line":8,"column":53},"end":{"line":8,"column":61}},"5":{"start":{"line":11,"column":4},"end":{"line":11,"column":33}},"6":{"start":{"line":15,"column":20},"end":{"line":15,"column":37}},"7":{"start":{"line":16,"column":4},"end":{"line":21,"column":5}},"8":{"start":{"line":17,"column":21},"end":{"line":17,"column":54}},"9":{"start":{"line":18,"column":6},"end":{"line":18,"column":93}},"10":{"start":{"line":18,"column":52},"end":{"line":18,"column":91}},"11":{"start":{"line":20,"column":6},"end":{"line":20,"column":28}},"12":{"start":{"line":25,"column":4},"end":{"line":25,"column":30}},"13":{"start":{"line":7,"column":13},"end":{"line":7,"column":25}},"14":{"start":{"line":7,"column":13},"end":{"line":27,"column":null}}},"fnMap":{"0":{"name":"(anonymous_4)","decl":{"start":{"line":8,"column":2},"end":{"line":8,"column":15}},"loc":{"start":{"line":8,"column":67},"end":{"line":8,"column":71}}},"1":{"name":"(anonymous_5)","decl":{"start":{"line":10,"column":2},"end":{"line":10,"column":12}},"loc":{"start":{"line":10,"column":12},"end":{"line":12,"column":3}}},"2":{"name":"(anonymous_6)","decl":{"start":{"line":14,"column":2},"end":{"line":14,"column":7}},"loc":{"start":{"line":14,"column":64},"end":{"line":22,"column":3}}},"3":{"name":"(anonymous_7)","decl":{"start":{"line":18,"column":32},"end":{"line":18,"column":33}},"loc":{"start":{"line":18,"column":52},"end":{"line":18,"column":91}}},"4":{"name":"(anonymous_8)","decl":{"start":{"line":24,"column":2},"end":{"line":24,"column":7}},"loc":{"start":{"line":24,"column":23},"end":{"line":26,"column":3}}}},"branchMap":{"0":{"loc":{"start":{"line":14,"column":28},"end":{"line":14,"column":64}},"type":"default-arg","locations":[{"start":{"line":14,"column":62},"end":{"line":14,"column":64}}]}},"s":{"0":0,"1":0,"2":0,"3":0,"4":0,"5":0,"6":0,"7":0,"8":0,"9":0,"10":0,"11":0,"12":0,"13":0,"14":0},"f":{"0":0,"1":0,"2":0,"3":0,"4":0},"b":{"0":[0]}}
,"C:\\Users\\BoGuU\\Desktop\\pharma-defense-package\\backend-nest\\src\\imports\\imports.controller.ts": {"path":"C:\\Users\\BoGuU\\Desktop\\pharma-defense-package\\backend-nest\\src\\imports\\imports.controller.ts","statementMap":{"0":{"start":{"line":1,"column":0},"end":{"line":1,"column":null}},"1":{"start":{"line":10,"column":0},"end":{"line":10,"column":71}},"2":{"start":{"line":11,"column":0},"end":{"line":11,"column":61}},"3":{"start":{"line":12,"column":0},"end":{"line":12,"column":55}},"4":{"start":{"line":13,"column":0},"end":{"line":13,"column":56}},"5":{"start":{"line":14,"column":0},"end":{"line":14,"column":51}},"6":{"start":{"line":20,"column":7},"end":{"line":51,"column":null}},"7":{"start":{"line":21,"column":31},"end":{"line":21,"column":47}},"8":{"start":{"line":27,"column":4},"end":{"line":27,"column":38}},"9":{"start":{"line":38,"column":4},"end":{"line":42,"column":6}},"10":{"start":{"line":49,"column":4},"end":{"line":49,"column":46}},"11":{"start":{"line":20,"column":13},"end":{"line":20,"column":30}},"12":{"start":{"line":26,"column":2},"end":{"line":28,"column":null}},"13":{"start":{"line":34,"column":2},"end":{"line":43,"column":null}},"14":{"start":{"line":48,"column":2},"end":{"line":50,"column":null}},"15":{"start":{"line":20,"column":13},"end":{"line":51,"column":null}}},"fnMap":{"0":{"name":"(anonymous_4)","decl":{"start":{"line":21,"column":2},"end":{"line":21,"column":31}},"loc":{"start":{"line":21,"column":61},"end":{"line":21,"column":65}}},"1":{"name":"(anonymous_5)","decl":{"start":{"line":26,"column":2},"end":{"line":26,"column":6}},"loc":{"start":{"line":26,"column":6},"end":{"line":28,"column":3}}},"2":{"name":"(anonymous_6)","decl":{"start":{"line":34,"column":2},"end":{"line":34,"column":5}},"loc":{"start":{"line":36,"column":59},"end":{"line":43,"column":3}}},"3":{"name":"(anonymous_7)","decl":{"start":{"line":48,"column":2},"end":{"line":48,"column":11}},"loc":{"start":{"line":48,"column":11},"end":{"line":50,"column":3}}}},"branchMap":{"0":{"loc":{"start":{"line":39,"column":6},"end":{"line":39,"column":38}},"type":"binary-expr","locations":[{"start":{"line":39,"column":6},"end":{"line":39,"column":17}},{"start":{"line":39,"column":21},"end":{"line":39,"column":38}}]}},"s":{"0":0,"1":0,"2":0,"3":0,"4":0,"5":0,"6":0,"7":0,"8":0,"9":0,"10":0,"11":0,"12":0,"13":0,"14":0,"15":0},"f":{"0":0,"1":0,"2":0,"3":0},"b":{"0":[0,0]}}
,"C:\\Users\\BoGuU\\Desktop\\pharma-defense-package\\backend-nest\\src\\imports\\imports.module.ts": {"path":"C:\\Users\\BoGuU\\Desktop\\pharma-defense-package\\backend-nest\\src\\imports\\imports.module.ts","statementMap":{"0":{"start":{"line":1,"column":0},"end":{"line":1,"column":40}},"1":{"start":{"line":2,"column":0},"end":{"line":2,"column":57}},"2":{"start":{"line":3,"column":0},"end":{"line":3,"column":51}},"3":{"start":{"line":4,"column":0},"end":{"line":4,"column":52}},"4":{"start":{"line":11,"column":7},"end":{"line":11,"column":null}},"5":{"start":{"line":11,"column":13},"end":{"line":11,"column":26}},"6":{"start":{"line":11,"column":13},"end":{"line":11,"column":null}}},"fnMap":{},"branchMap":{},"s":{"0":0,"1":0,"2":0,"3":0,"4":0,"5":0,"6":0},"f":{},"b":{}}
,"C:\\Users\\BoGuU\\Desktop\\pharma-defense-package\\backend-nest\\src\\imports\\imports.service.ts": {"path":"C:\\Users\\BoGuU\\Desktop\\pharma-defense-package\\backend-nest\\src\\imports\\imports.service.ts","statementMap":{"0":{"start":{"line":1,"column":0},"end":{"line":1,"column":52}},"1":{"start":{"line":2,"column":0},"end":{"line":2,"column":34}},"2":{"start":{"line":3,"column":0},"end":{"line":3,"column":28}},"3":{"start":{"line":4,"column":0},"end":{"line":4,"column":59}},"4":{"start":{"line":5,"column":0},"end":{"line":5,"column":54}},"5":{"start":{"line":17,"column":27},"end":{"line":75,"column":null}},"6":{"start":{"line":21,"column":21},"end":{"line":21,"column":29}},"7":{"start":{"line":22,"column":21},"end":{"line":22,"column":28}},"8":{"start":{"line":18,"column":19},"end":{"line":18,"column":60}},"9":{"start":{"line":26,"column":4},"end":{"line":30,"column":7}},"10":{"start":{"line":34,"column":16},"end":{"line":43,"column":6}},"11":{"start":{"line":45,"column":23},"end":{"line":52,"column":6}},"12":{"start":{"line":54,"column":4},"end":{"line":57,"column":7}},"13":{"start":{"line":59,"column":4},"end":{"line":59,"column":86}},"14":{"start":{"line":63,"column":23},"end":{"line":63,"column":98}},"15":{"start":{"line":64,"column":4},"end":{"line":73,"column":5}},"16":{"start":{"line":65,"column":18},"end":{"line":65,"column":51}},"17":{"start":{"line":66,"column":6},"end":{"line":66,"column":42}},"18":{"start":{"line":68,"column":6},"end":{"line":68,"column":79}},"19":{"start":{"line":69,"column":6},"end":{"line":72,"column":8}},"20":{"start":{"line":17,"column":13},"end":{"line":17,"column":27}},"21":{"start":{"line":17,"column":13},"end":{"line":75,"column":null}}},"fnMap":{"0":{"name":"(anonymous_2)","decl":{"start":{"line":20,"column":2},"end":{"line":20,"column":null}},"loc":{"start":{"line":22,"column":40},"end":{"line":23,"column":6}}},"1":{"name":"(anonymous_3)","decl":{"start":{"line":25,"column":2},"end":{"line":25,"column":6}},"loc":{"start":{"line":25,"column":6},"end":{"line":31,"column":3}}},"2":{"name":"(anonymous_4)","decl":{"start":{"line":33,"column":2},"end":{"line":33,"column":7}},"loc":{"start":{"line":33,"column":63},"end":{"line":60,"column":3}}},"3":{"name":"(anonymous_5)","decl":{"start":{"line":62,"column":2},"end":{"line":62,"column":14}},"loc":{"start":{"line":62,"column":14},"end":{"line":74,"column":3}}}},"branchMap":{"0":{"loc":{"start":{"line":41,"column":19},"end":{"line":41,"column":33}},"type":"binary-expr","locations":[{"start":{"line":41,"column":19},"end":{"line":41,"column":25}},{"start":{"line":41,"column":29},"end":{"line":41,"column":33}}]}},"s":{"0":0,"1":0,"2":0,"3":0,"4":0,"5":0,"6":0,"7":0,"8":0,"9":0,"10":0,"11":0,"12":0,"13":0,"14":0,"15":0,"16":0,"17":0,"18":0,"19":0,"20":0,"21":0},"f":{"0":0,"1":0,"2":0,"3":0},"b":{"0":[0,0]}}
,"C:\\Users\\BoGuU\\Desktop\\pharma-defense-package\\backend-nest\\src\\types\\css.d.ts": {"path":"C:\\Users\\BoGuU\\Desktop\\pharma-defense-package\\backend-nest\\src\\types\\css.d.ts","statementMap":{},"fnMap":{},"branchMap":{},"s":{},"f":{},"b":{}}
,"C:\\Users\\BoGuU\\Desktop\\pharma-defense-package\\backend-nest\\src\\users\\users.controller.ts": {"path":"C:\\Users\\BoGuU\\Desktop\\pharma-defense-package\\backend-nest\\src\\users\\users.controller.ts","statementMap":{"0":{"start":{"line":1,"column":0},"end":{"line":1,"column":78}},"1":{"start":{"line":2,"column":0},"end":{"line":2,"column":71}},"2":{"start":{"line":3,"column":0},"end":{"line":3,"column":61}},"3":{"start":{"line":4,"column":0},"end":{"line":4,"column":63}},"4":{"start":{"line":5,"column":0},"end":{"line":5,"column":42}},"5":{"start":{"line":6,"column":0},"end":{"line":6,"column":54}},"6":{"start":{"line":7,"column":0},"end":{"line":7,"column":47}},"7":{"start":{"line":13,"column":7},"end":{"line":29,"column":null}},"8":{"start":{"line":14,"column":31},"end":{"line":14,"column":45}},"9":{"start":{"line":19,"column":4},"end":{"line":19,"column":49}},"10":{"start":{"line":27,"column":4},"end":{"line":27,"column":58}},"11":{"start":{"line":13,"column":13},"end":{"line":13,"column":28}},"12":{"start":{"line":18,"column":2},"end":{"line":20,"column":null}},"13":{"start":{"line":26,"column":2},"end":{"line":28,"column":null}},"14":{"start":{"line":13,"column":13},"end":{"line":29,"column":null}}},"fnMap":{"0":{"name":"(anonymous_4)","decl":{"start":{"line":14,"column":2},"end":{"line":14,"column":31}},"loc":{"start":{"line":14,"column":57},"end":{"line":14,"column":61}}},"1":{"name":"(anonymous_5)","decl":{"start":{"line":18,"column":2},"end":{"line":18,"column":4}},"loc":{"start":{"line":18,"column":20},"end":{"line":20,"column":3}}},"2":{"name":"(anonymous_6)","decl":{"start":{"line":26,"column":2},"end":{"line":26,"column":8}},"loc":{"start":{"line":26,"column":52},"end":{"line":28,"column":3}}}},"branchMap":{},"s":{"0":0,"1":0,"2":0,"3":0,"4":0,"5":0,"6":0,"7":0,"8":0,"9":0,"10":0,"11":0,"12":0,"13":0,"14":0},"f":{"0":0,"1":0,"2":0},"b":{}}
,"C:\\Users\\BoGuU\\Desktop\\pharma-defense-package\\backend-nest\\src\\users\\users.module.ts": {"path":"C:\\Users\\BoGuU\\Desktop\\pharma-defense-package\\backend-nest\\src\\users\\users.module.ts","statementMap":{"0":{"start":{"line":1,"column":0},"end":{"line":1,"column":40}},"1":{"start":{"line":2,"column":0},"end":{"line":2,"column":49}},"2":{"start":{"line":3,"column":0},"end":{"line":3,"column":53}},"3":{"start":{"line":4,"column":0},"end":{"line":4,"column":47}},"4":{"start":{"line":12,"column":7},"end":{"line":12,"column":null}},"5":{"start":{"line":12,"column":13},"end":{"line":12,"column":24}},"6":{"start":{"line":12,"column":13},"end":{"line":12,"column":null}}},"fnMap":{},"branchMap":{},"s":{"0":0,"1":0,"2":0,"3":0,"4":0,"5":0,"6":0},"f":{},"b":{}}
,"C:\\Users\\BoGuU\\Desktop\\pharma-defense-package\\backend-nest\\src\\users\\users.service.ts": {"path":"C:\\Users\\BoGuU\\Desktop\\pharma-defense-package\\backend-nest\\src\\users\\users.service.ts","statementMap":{"0":{"start":{"line":1,"column":0},"end":{"line":1,"column":82}},"1":{"start":{"line":2,"column":0},"end":{"line":2,"column":35}},"2":{"start":{"line":3,"column":0},"end":{"line":3,"column":59}},"3":{"start":{"line":7,"column":7},"end":{"line":45,"column":null}},"4":{"start":{"line":8,"column":22},"end":{"line":8,"column":30}},"5":{"start":{"line":11,"column":17},"end":{"line":14,"column":6}},"6":{"start":{"line":15,"column":4},"end":{"line":15,"column":69}},"7":{"start":{"line":15,"column":15},"end":{"line":15,"column":69}},"8":{"start":{"line":16,"column":4},"end":{"line":16,"column":16}},"9":{"start":{"line":20,"column":17},"end":{"line":20,"column":69}},"10":{"start":{"line":21,"column":4},"end":{"line":21,"column":69}},"11":{"start":{"line":21,"column":15},"end":{"line":21,"column":69}},"12":{"start":{"line":23,"column":4},"end":{"line":26,"column":5}},"13":{"start":{"line":24,"column":21},"end":{"line":24,"column":87}},"14":{"start":{"line":25,"column":6},"end":{"line":25,"column":65}},"15":{"start":{"line":25,"column":18},"end":{"line":25,"column":65}},"16":{"start":{"line":33,"column":8},"end":{"line":33,"column":10}},"17":{"start":{"line":34,"column":4},"end":{"line":34,"column":65}},"18":{"start":{"line":34,"column":36},"end":{"line":34,"column":65}},"19":{"start":{"line":35,"column":4},"end":{"line":35,"column":77}},"20":{"start":{"line":35,"column":40},"end":{"line":35,"column":77}},"21":{"start":{"line":36,"column":4},"end":{"line":36,"column":42}},"22":{"start":{"line":36,"column":19},"end":{"line":36,"column":42}},"23":{"start":{"line":37,"column":4},"end":{"line":37,"column":78}},"24":{"start":{"line":37,"column":22},"end":{"line":37,"column":78}},"25":{"start":{"line":39,"column":4},"end":{"line":43,"column":7}},"26":{"start":{"line":7,"column":13},"end":{"line":7,"column":25}},"27":{"start":{"line":7,"column":13},"end":{"line":45,"column":null}}},"fnMap":{"0":{"name":"(anonymous_2)","decl":{"start":{"line":8,"column":2},"end":{"line":8,"column":22}},"loc":{"start":{"line":8,"column":43},"end":{"line":8,"column":47}}},"1":{"name":"(anonymous_3)","decl":{"start":{"line":10,"column":2},"end":{"line":10,"column":7}},"loc":{"start":{"line":10,"column":21},"end":{"line":17,"column":3}}},"2":{"name":"(anonymous_4)","decl":{"start":{"line":19,"column":2},"end":{"line":19,"column":7}},"loc":{"start":{"line":19,"column":45},"end":{"line":44,"column":3}}}},"branchMap":{"0":{"loc":{"start":{"line":15,"column":4},"end":{"line":15,"column":69}},"type":"if","locations":[{"start":{"line":15,"column":4},"end":{"line":15,"column":69}},{"start":{},"end":{}}]},"1":{"loc":{"start":{"line":21,"column":4},"end":{"line":21,"column":69}},"type":"if","locations":[{"start":{"line":21,"column":4},"end":{"line":21,"column":69}},{"start":{},"end":{}}]},"2":{"loc":{"start":{"line":23,"column":4},"end":{"line":26,"column":5}},"type":"if","locations":[{"start":{"line":23,"column":4},"end":{"line":26,"column":5}},{"start":{},"end":{}}]},"3":{"loc":{"start":{"line":23,"column":8},"end":{"line":23,"column":45}},"type":"binary-expr","locations":[{"start":{"line":23,"column":8},"end":{"line":23,"column":17}},{"start":{"line":23,"column":21},"end":{"line":23,"column":45}}]},"4":{"loc":{"start":{"line":25,"column":6},"end":{"line":25,"column":65}},"type":"if","locations":[{"start":{"line":25,"column":6},"end":{"line":25,"column":65}},{"start":{},"end":{}}]},"5":{"loc":{"start":{"line":34,"column":4},"end":{"line":34,"column":65}},"type":"if","locations":[{"start":{"line":34,"column":4},"end":{"line":34,"column":65}},{"start":{},"end":{}}]},"6":{"loc":{"start":{"line":35,"column":4},"end":{"line":35,"column":77}},"type":"if","locations":[{"start":{"line":35,"column":4},"end":{"line":35,"column":77}},{"start":{},"end":{}}]},"7":{"loc":{"start":{"line":36,"column":4},"end":{"line":36,"column":42}},"type":"if","locations":[{"start":{"line":36,"column":4},"end":{"line":36,"column":42}},{"start":{},"end":{}}]},"8":{"loc":{"start":{"line":37,"column":4},"end":{"line":37,"column":78}},"type":"if","locations":[{"start":{"line":37,"column":4},"end":{"line":37,"column":78}},{"start":{},"end":{}}]}},"s":{"0":0,"1":0,"2":0,"3":0,"4":0,"5":0,"6":0,"7":0,"8":0,"9":0,"10":0,"11":0,"12":0,"13":0,"14":0,"15":0,"16":0,"17":0,"18":0,"19":0,"20":0,"21":0,"22":0,"23":0,"24":0,"25":0,"26":0,"27":0},"f":{"0":0,"1":0,"2":0},"b":{"0":[0,0],"1":[0,0],"2":[0,0],"3":[0,0],"4":[0,0],"5":[0,0],"6":[0,0],"7":[0,0],"8":[0,0]}}
,"C:\\Users\\BoGuU\\Desktop\\pharma-defense-package\\backend-nest\\src\\users\\dto\\update-user.dto.ts": {"path":"C:\\Users\\BoGuU\\Desktop\\pharma-defense-package\\backend-nest\\src\\users\\dto\\update-user.dto.ts","statementMap":{"0":{"start":{"line":1,"column":0},"end":{"line":1,"column":54}},"1":{"start":{"line":2,"column":0},"end":{"line":2,"column":75}},"2":{"start":{"line":4,"column":0},"end":{"line":4,"column":13}},"3":{"start":{"line":5,"column":51},"end":{"line":5,"column":null}},"4":{"start":{"line":6,"column":51},"end":{"line":6,"column":null}},"5":{"start":{"line":7,"column":50},"end":{"line":7,"column":null}},"6":{"start":{"line":8,"column":81},"end":{"line":8,"column":null}}},"fnMap":{},"branchMap":{},"s":{"0":0,"1":0,"2":0,"3":0,"4":0,"5":0,"6":0},"f":{},"b":{}}
}
