TN:
SF:src\app.module.ts
FNF:0
FNH:0
DA:1,0
DA:2,0
DA:3,0
DA:4,0
DA:5,0
DA:6,0
DA:7,0
DA:8,0
DA:9,0
DA:10,0
DA:25,0
LF:11
LH:0
BRF:0
BRH:0
end_of_record
TN:
SF:src\main.ts
FN:6,bootstrap
FNF:1
FNH:0
FNDA:0,bootstrap
DA:1,0
DA:2,0
DA:3,0
DA:4,0
DA:7,0
DA:8,0
DA:10,0
DA:12,0
DA:16,0
DA:22,0
DA:23,0
DA:25,0
DA:26,0
DA:27,0
DA:28,0
DA:30,0
LF:16
LH:0
BRDA:25,0,0,0
BRDA:25,0,1,0
BRF:2
BRH:0
end_of_record
TN:
SF:src\admin\admin.controller.ts
FN:15,(anonymous_4)
FN:19,(anonymous_5)
FN:23,(anonymous_6)
FN:27,(anonymous_7)
FN:37,(anonymous_8)
FNF:5
FNH:0
FNDA:0,(anonymous_4)
FNDA:0,(anonymous_5)
FNDA:0,(anonymous_6)
FNDA:0,(anonymous_7)
FNDA:0,(anonymous_8)
DA:1,0
DA:2,0
DA:3,0
DA:4,0
DA:5,0
DA:6,0
DA:7,0
DA:14,0
DA:15,0
DA:19,0
DA:23,0
DA:27,0
DA:32,0
DA:37,0
DA:42,0
LF:15
LH:0
BRF:0
BRH:0
end_of_record
TN:
SF:src\admin\admin.module.ts
FNF:0
FNH:0
DA:1,0
DA:2,0
DA:3,0
DA:4,0
DA:11,0
LF:5
LH:0
BRF:0
BRH:0
end_of_record
TN:
SF:src\admin\admin.service.ts
FN:9,(anonymous_2)
FN:14,(anonymous_3)
FN:21,(anonymous_4)
FN:29,(anonymous_5)
FN:60,(anonymous_6)
FN:79,(anonymous_7)
FN:79,(anonymous_8)
FNF:7
FNH:4
FNDA:5,(anonymous_2)
FNDA:0,(anonymous_3)
FNDA:1,(anonymous_4)
FNDA:2,(anonymous_5)
FNDA:2,(anonymous_6)
FNDA:0,(anonymous_7)
FNDA:0,(anonymous_8)
DA:1,1
DA:2,1
DA:3,1
DA:4,1
DA:8,1
DA:10,5
DA:11,5
DA:15,0
DA:22,1
DA:35,2
DA:39,2
DA:41,1
DA:47,1
DA:57,1
DA:66,2
DA:67,2
DA:69,2
DA:70,1
DA:71,1
DA:74,1
DA:75,1
DA:76,1
DA:78,1
DA:79,0
DA:82,1
DA:96,1
DA:109,1
LF:27
LH:25
BRDA:39,0,0,1
BRDA:39,0,1,1
BRDA:67,1,0,0
BRDA:67,1,1,2
BRDA:69,2,0,1
BRDA:69,2,1,1
BRDA:69,3,0,2
BRDA:69,3,1,1
BRDA:71,4,0,1
BRDA:71,4,1,0
BRDA:75,5,0,0
BRDA:75,5,1,1
BRDA:76,6,0,1
BRDA:76,6,1,0
BRDA:78,7,0,0
BRDA:78,7,1,1
BRDA:78,8,0,1
BRDA:78,8,1,1
BRF:18
BRH:13
end_of_record
TN:
SF:src\admin\dto\admin-update-user.dto.ts
FNF:0
FNH:0
DA:1,0
DA:2,0
DA:4,0
DA:8,0
DA:14,0
LF:5
LH:0
BRF:0
BRH:0
end_of_record
TN:
SF:src\audit\audit.controller.ts
FN:12,(anonymous_2)
FN:17,(anonymous_3)
FNF:2
FNH:0
FNDA:0,(anonymous_2)
FNDA:0,(anonymous_3)
DA:1,0
DA:2,0
DA:3,0
DA:4,0
DA:5,0
DA:11,0
DA:12,0
DA:17,0
DA:18,0
LF:9
LH:0
BRF:0
BRH:0
end_of_record
TN:
SF:src\audit\audit.module.ts
FNF:0
FNH:0
DA:1,0
DA:2,0
DA:3,0
DA:10,0
LF:4
LH:0
BRF:0
BRH:0
end_of_record
TN:
SF:src\audit\audit.service.ts
FN:16,(anonymous_2)
FN:18,(anonymous_3)
FN:25,(anonymous_4)
FN:34,(anonymous_5)
FN:54,(anonymous_6)
FNF:5
FNH:5
FNDA:5,(anonymous_2)
FNDA:2,(anonymous_3)
FNDA:2,(anonymous_4)
FNDA:3,(anonymous_5)
FNDA:1,(anonymous_6)
DA:1,4
DA:2,4
DA:13,4
DA:14,5
DA:16,5
DA:19,2
DA:25,2
DA:43,3
DA:44,3
DA:46,2
DA:50,2
DA:55,1
DA:56,1
LF:13
LH:13
BRDA:18,0,0,1
BRDA:27,1,0,2
BRDA:27,1,1,1
BRDA:27,1,2,1
BRDA:29,2,0,2
BRDA:29,2,1,1
BRDA:30,3,0,2
BRDA:30,3,1,1
BRF:8
BRH:8
end_of_record
TN:
SF:src\auth\auth.controller.ts
FN:11,(anonymous_4)
FN:15,(anonymous_5)
FN:21,(anonymous_6)
FN:29,(anonymous_7)
FNF:4
FNH:0
FNDA:0,(anonymous_4)
FNDA:0,(anonymous_5)
FNDA:0,(anonymous_6)
FNDA:0,(anonymous_7)
DA:1,0
DA:2,0
DA:3,0
DA:4,0
DA:5,0
DA:6,0
DA:10,0
DA:11,0
DA:15,0
DA:16,0
DA:21,0
DA:22,0
DA:29,0
DA:30,0
LF:14
LH:0
BRF:0
BRH:0
end_of_record
TN:
SF:src\auth\auth.module.ts
FNF:0
FNH:0
DA:1,0
DA:2,0
DA:3,0
DA:4,0
DA:5,0
DA:6,0
DA:7,0
DA:8,0
DA:23,0
LF:9
LH:0
BRDA:14,0,0,0
BRDA:14,0,1,0
BRF:2
BRH:0
end_of_record
TN:
SF:src\auth\auth.service.ts
FN:15,(anonymous_2)
FN:21,(anonymous_3)
FN:48,(anonymous_4)
FN:66,(anonymous_5)
FN:73,(anonymous_6)
FNF:5
FNH:5
FNDA:8,(anonymous_2)
FNDA:4,(anonymous_3)
FNDA:3,(anonymous_4)
FNDA:1,(anonymous_5)
FNDA:4,(anonymous_6)
DA:1,1
DA:6,1
DA:7,1
DA:8,1
DA:9,1
DA:14,1
DA:16,8
DA:17,8
DA:18,8
DA:22,4
DA:23,4
DA:25,3
DA:26,3
DA:36,3
DA:45,3
DA:49,3
DA:50,3
DA:51,2
DA:54,1
DA:63,1
DA:67,1
DA:74,4
LF:22
LH:22
BRDA:23,0,0,1
BRDA:23,0,1,3
BRDA:32,1,0,3
BRDA:32,1,1,3
BRDA:50,2,0,2
BRDA:50,2,1,1
BRDA:50,3,0,3
BRDA:50,3,1,2
BRF:8
BRH:8
end_of_record
TN:
SF:src\auth\roles.enum.ts
FN:1,(anonymous_0)
FNF:1
FNH:0
FNDA:0,(anonymous_0)
DA:1,0
DA:2,0
DA:3,0
DA:4,0
LF:4
LH:0
BRDA:1,0,0,0
BRDA:1,0,1,0
BRF:2
BRH:0
end_of_record
TN:
SF:src\auth\dto\login.dto.ts
FNF:0
FNH:0
DA:1,0
DA:2,0
DA:4,0
DA:7,0
DA:12,0
LF:5
LH:0
BRF:0
BRH:0
end_of_record
TN:
SF:src\auth\dto\register.dto.ts
FNF:0
FNH:0
DA:1,0
DA:2,0
DA:3,0
DA:5,0
DA:8,0
DA:12,0
DA:17,0
DA:22,0
DA:27,0
LF:9
LH:0
BRF:0
BRH:0
end_of_record
TN:
SF:src\auth\guards\jwt-auth.guard.ts
FNF:0
FNH:0
DA:1,0
DA:2,0
DA:5,0
LF:3
LH:0
BRF:0
BRH:0
end_of_record
TN:
SF:src\auth\guards\roles.decorator.ts
FN:1,(anonymous_0)
FN:1,(anonymous_1)
FNF:2
FNH:0
FNDA:0,(anonymous_0)
FNDA:0,(anonymous_1)
DA:1,0
LF:1
LH:0
BRF:0
BRH:0
end_of_record
TN:
SF:src\auth\guards\roles.guard.ts
FN:6,(anonymous_2)
FN:10,(anonymous_3)
FN:12,(anonymous_4)
FNF:3
FNH:2
FNDA:0,(anonymous_2)
FNDA:4,(anonymous_3)
FNDA:4,(anonymous_4)
DA:1,1
DA:2,1
DA:3,1
DA:5,1
DA:6,1
DA:9,1
DA:10,4
DA:13,4
DA:18,4
DA:20,3
DA:21,3
DA:23,3
DA:24,2
DA:29,1
LF:14
LH:14
BRDA:18,0,0,1
BRDA:18,0,1,3
BRDA:18,1,0,4
BRDA:18,1,1,3
BRDA:23,2,0,2
BRDA:23,2,1,1
BRF:6
BRH:6
end_of_record
TN:
SF:src\auth\strategies\jwt.strategy.ts
FN:7,(anonymous_2)
FN:15,(anonymous_3)
FNF:2
FNH:0
FNDA:0,(anonymous_2)
FNDA:0,(anonymous_3)
DA:1,0
DA:2,0
DA:3,0
DA:6,0
DA:8,0
DA:16,0
LF:6
LH:0
BRDA:11,0,0,0
BRDA:11,0,1,0
BRF:2
BRH:0
end_of_record
TN:
SF:src\database\database.module.ts
FNF:0
FNH:0
DA:1,0
DA:2,0
DA:6,0
LF:3
LH:0
BRF:0
BRH:0
end_of_record
TN:
SF:src\database\prisma.service.ts
FN:5,(anonymous_1)
FN:8,(anonymous_2)
FN:13,(anonymous_3)
FNF:3
FNH:0
FNDA:0,(anonymous_1)
FNDA:0,(anonymous_2)
FNDA:0,(anonymous_3)
DA:1,4
DA:2,4
DA:5,4
DA:6,0
DA:9,0
DA:10,0
DA:14,0
DA:15,0
LF:8
LH:3
BRF:0
BRH:0
end_of_record
TN:
SF:src\domain\pharma.data.ts
FNF:0
FNH:0
DA:1,1
LF:1
LH:1
BRF:0
BRH:0
end_of_record
TN:
SF:src\domain\pharma.repository.ts
FN:5,(anonymous_1)
FN:6,(anonymous_2)
FN:7,(anonymous_3)
FN:7,(anonymous_4)
FN:7,(anonymous_5)
FN:7,(anonymous_6)
FN:8,(anonymous_7)
FN:8,(anonymous_8)
FN:8,(anonymous_9)
FNF:9
FNH:0
FNDA:0,(anonymous_1)
FNDA:0,(anonymous_2)
FNDA:0,(anonymous_3)
FNDA:0,(anonymous_4)
FNDA:0,(anonymous_5)
FNDA:0,(anonymous_6)
FNDA:0,(anonymous_7)
FNDA:0,(anonymous_8)
FNDA:0,(anonymous_9)
DA:1,1
DA:2,1
DA:4,1
DA:5,0
DA:6,0
DA:7,0
DA:8,0
LF:7
LH:3
BRDA:7,0,0,0
BRDA:7,0,1,0
BRDA:7,0,2,0
BRDA:7,0,3,0
BRDA:7,0,4,0
BRDA:8,1,0,0
BRDA:8,1,1,0
BRDA:8,1,2,0
BRF:8
BRH:0
end_of_record
TN:
SF:src\drugs\drugs.controller.ts
FN:11,(anonymous_4)
FN:15,(anonymous_5)
FN:24,(anonymous_6)
FN:34,(anonymous_7)
FN:43,(anonymous_8)
FN:52,(anonymous_9)
FN:61,(anonymous_10)
FN:70,(anonymous_11)
FNF:8
FNH:0
FNDA:0,(anonymous_4)
FNDA:0,(anonymous_5)
FNDA:0,(anonymous_6)
FNDA:0,(anonymous_7)
FNDA:0,(anonymous_8)
FNDA:0,(anonymous_9)
FNDA:0,(anonymous_10)
FNDA:0,(anonymous_11)
DA:1,0
DA:2,0
DA:3,0
DA:4,0
DA:5,0
DA:6,0
DA:10,0
DA:11,0
DA:15,0
DA:16,0
DA:24,0
DA:25,0
DA:34,0
DA:35,0
DA:43,0
DA:44,0
DA:52,0
DA:53,0
DA:61,0
DA:62,0
DA:70,0
DA:71,0
LF:22
LH:0
BRDA:34,0,0,0
BRDA:62,1,0,0
BRDA:62,1,1,0
BRF:3
BRH:0
end_of_record
TN:
SF:src\drugs\drugs.module.ts
FNF:0
FNH:0
DA:1,0
DA:2,0
DA:3,0
DA:4,0
DA:5,0
DA:12,0
LF:6
LH:0
BRF:0
BRH:0
end_of_record
TN:
SF:src\drugs\drugs.service.ts
FN:26,(anonymous_2)
FN:32,(anonymous_3)
FN:34,(anonymous_4)
FN:38,(anonymous_5)
FN:41,(anonymous_6)
FN:44,(anonymous_7)
FN:48,(anonymous_8)
FN:59,(anonymous_9)
FN:62,(anonymous_10)
FN:69,(anonymous_11)
FN:79,(anonymous_12)
FN:103,(anonymous_13)
FN:118,(anonymous_14)
FN:123,(anonymous_15)
FN:132,(anonymous_16)
FN:136,(anonymous_17)
FN:165,(anonymous_18)
FN:180,(anonymous_19)
FN:183,(anonymous_20)
FN:184,(anonymous_21)
FN:194,(anonymous_22)
FN:205,(anonymous_23)
FN:230,(anonymous_24)
FN:264,(anonymous_25)
FN:265,(anonymous_26)
FN:270,(anonymous_27)
FN:280,(anonymous_28)
FN:306,(anonymous_29)
FN:325,(anonymous_30)
FN:340,(anonymous_31)
FN:375,(anonymous_32)
FN:385,(anonymous_33)
FN:414,(anonymous_34)
FN:429,(anonymous_35)
FN:430,(anonymous_36)
FN:434,(anonymous_37)
FN:437,(anonymous_38)
FN:463,(anonymous_39)
FN:492,(anonymous_40)
FN:492,(anonymous_41)
FN:499,(anonymous_42)
FN:513,(anonymous_43)
FN:518,(anonymous_44)
FNF:43
FNH:30
FNDA:14,(anonymous_2)
FNDA:2,(anonymous_3)
FNDA:6,(anonymous_4)
FNDA:4,(anonymous_5)
FNDA:12,(anonymous_6)
FNDA:18,(anonymous_7)
FNDA:1,(anonymous_8)
FNDA:2,(anonymous_9)
FNDA:2,(anonymous_10)
FNDA:1,(anonymous_11)
FNDA:2,(anonymous_12)
FNDA:0,(anonymous_13)
FNDA:0,(anonymous_14)
FNDA:0,(anonymous_15)
FNDA:0,(anonymous_16)
FNDA:4,(anonymous_17)
FNDA:2,(anonymous_18)
FNDA:10,(anonymous_19)
FNDA:14,(anonymous_20)
FNDA:18,(anonymous_21)
FNDA:2,(anonymous_22)
FNDA:2,(anonymous_23)
FNDA:0,(anonymous_24)
FNDA:2,(anonymous_25)
FNDA:2,(anonymous_26)
FNDA:1,(anonymous_27)
FNDA:0,(anonymous_28)
FNDA:0,(anonymous_29)
FNDA:0,(anonymous_30)
FNDA:0,(anonymous_31)
FNDA:0,(anonymous_32)
FNDA:3,(anonymous_33)
FNDA:1,(anonymous_34)
FNDA:2,(anonymous_35)
FNDA:1,(anonymous_36)
FNDA:1,(anonymous_37)
FNDA:1,(anonymous_38)
FNDA:3,(anonymous_39)
FNDA:0,(anonymous_40)
FNDA:0,(anonymous_41)
FNDA:0,(anonymous_42)
FNDA:2,(anonymous_43)
FNDA:1,(anonymous_44)
DA:1,1
DA:2,1
DA:3,1
DA:4,1
DA:5,1
DA:6,1
DA:23,1
DA:24,14
DA:27,14
DA:28,14
DA:29,14
DA:33,2
DA:34,6
DA:39,4
DA:40,4
DA:42,12
DA:44,18
DA:49,1
DA:50,1
DA:59,2
DA:62,2
DA:69,1
DA:88,2
DA:89,1
DA:90,1
DA:91,1
DA:92,1
DA:93,1
DA:94,1
DA:95,1
DA:96,1
DA:98,1
DA:100,1
DA:104,0
DA:105,0
DA:118,0
DA:119,0
DA:121,0
DA:123,0
DA:132,0
DA:137,4
DA:138,4
DA:139,4
DA:140,3
DA:141,3
DA:142,3
DA:165,2
DA:166,2
DA:167,1
DA:175,1
DA:178,1
DA:180,2
DA:181,10
DA:183,14
DA:184,18
DA:186,2
DA:194,2
DA:206,2
DA:207,2
DA:218,2
DA:219,1
DA:228,1
DA:229,1
DA:230,1
DA:231,0
DA:232,0
DA:233,0
DA:235,0
DA:238,1
DA:240,2
DA:241,2
DA:243,1
DA:252,1
DA:264,2
DA:265,2
DA:270,1
DA:281,0
DA:282,0
DA:283,0
DA:305,0
DA:306,0
DA:307,0
DA:319,0
DA:321,0
DA:322,0
DA:325,0
DA:335,0
DA:336,0
DA:337,0
DA:340,0
DA:346,0
DA:347,0
DA:355,0
DA:359,0
DA:361,0
DA:362,0
DA:364,0
DA:373,0
DA:375,0
DA:386,3
DA:387,2
DA:388,2
DA:392,1
DA:396,1
DA:397,1
DA:398,2
DA:399,1
DA:400,1
DA:401,1
DA:404,1
DA:414,1
DA:415,1
DA:423,1
DA:427,1
DA:429,1
DA:430,2
DA:431,1
DA:432,1
DA:434,1
DA:435,1
DA:438,1
DA:440,1
DA:451,1
DA:460,1
DA:464,3
DA:465,3
DA:466,3
DA:470,3
DA:471,3
DA:472,2
DA:473,2
DA:474,2
DA:475,1
DA:477,3
DA:485,3
DA:488,0
DA:490,1
DA:491,1
DA:492,0
DA:493,0
DA:494,0
DA:495,0
DA:496,0
DA:497,0
DA:498,0
DA:499,0
DA:501,0
DA:510,0
DA:514,2
DA:519,1
DA:520,1
DA:523,2
DA:525,2
LF:153
LH:108
BRDA:42,0,0,12
BRDA:42,0,1,9
BRDA:42,0,2,9
BRDA:44,1,0,9
BRDA:44,1,1,0
BRDA:49,2,0,0
BRDA:49,2,1,1
BRDA:53,3,0,1
BRDA:53,3,1,1
BRDA:55,4,0,1
BRDA:55,4,1,0
BRDA:56,5,0,1
BRDA:56,5,1,1
BRDA:57,6,0,0
BRDA:57,6,1,1
BRDA:60,7,0,0
BRDA:60,7,1,1
BRDA:62,8,0,1
BRDA:62,8,1,0
BRDA:67,9,0,0
BRDA:67,9,1,1
BRDA:69,10,0,1
BRDA:69,10,1,0
BRDA:75,11,0,1
BRDA:75,11,1,0
BRDA:88,12,0,1
BRDA:88,12,1,1
BRDA:89,13,0,0
BRDA:89,13,1,1
BRDA:90,14,0,0
BRDA:90,14,1,1
BRDA:91,15,0,0
BRDA:91,15,1,1
BRDA:92,16,0,0
BRDA:92,16,1,1
BRDA:92,17,0,1
BRDA:92,17,1,1
BRDA:94,18,0,0
BRDA:94,18,1,1
BRDA:94,19,0,1
BRDA:94,19,1,1
BRDA:95,20,0,1
BRDA:95,20,1,0
BRDA:96,21,0,0
BRDA:96,21,1,1
BRDA:96,22,0,1
BRDA:96,22,1,1
BRDA:98,23,0,1
BRDA:98,23,1,1
BRDA:98,23,2,0
BRDA:99,24,0,0
BRDA:99,24,1,0
BRDA:119,25,0,0
BRDA:119,25,1,0
BRDA:137,26,0,4
BRDA:137,26,1,0
BRDA:138,27,0,0
BRDA:138,27,1,4
BRDA:139,28,0,1
BRDA:139,28,1,3
BRDA:166,29,0,1
BRDA:166,29,1,1
BRDA:181,30,0,10
BRDA:181,30,1,8
BRDA:181,30,2,8
BRDA:181,30,3,8
BRDA:183,31,0,8
BRDA:183,31,1,0
BRDA:218,32,0,1
BRDA:218,32,1,1
BRDA:231,33,0,0
BRDA:231,33,1,0
BRDA:231,34,0,0
BRDA:231,34,1,0
BRDA:232,35,0,0
BRDA:232,35,1,0
BRDA:233,36,0,0
BRDA:233,36,1,0
BRDA:241,37,0,1
BRDA:241,37,1,1
BRDA:262,38,0,1
BRDA:262,38,1,0
BRDA:265,39,0,1
BRDA:265,39,1,0
BRDA:270,40,0,1
BRDA:270,40,1,0
BRDA:305,41,0,0
BRDA:305,41,1,0
BRDA:306,42,0,0
BRDA:306,42,1,0
BRDA:307,43,0,0
BRDA:307,43,1,0
BRDA:327,44,0,0
BRDA:327,44,1,0
BRDA:328,45,0,0
BRDA:328,45,1,0
BRDA:332,46,0,0
BRDA:332,46,1,0
BRDA:336,47,0,0
BRDA:336,47,1,0
BRDA:342,48,0,0
BRDA:342,48,1,0
BRDA:346,49,0,0
BRDA:346,49,1,0
BRDA:362,50,0,0
BRDA:362,50,1,0
BRDA:375,51,0,0
BRDA:375,51,1,0
BRDA:386,52,0,1
BRDA:386,52,1,2
BRDA:392,53,0,1
BRDA:392,53,1,0
BRDA:407,54,0,1
BRDA:407,54,1,0
BRDA:408,55,0,1
BRDA:408,55,1,0
BRDA:409,56,0,1
BRDA:409,56,1,0
BRDA:410,57,0,1
BRDA:410,57,1,0
BRDA:414,58,0,1
BRDA:414,58,1,0
BRDA:414,59,0,1
BRDA:414,59,1,0
BRDA:434,60,0,1
BRDA:434,60,1,1
BRDA:434,61,0,1
BRDA:434,61,1,0
BRDA:435,62,0,1
BRDA:435,62,1,0
BRDA:437,63,0,1
BRDA:437,63,1,0
BRDA:438,64,0,1
BRDA:438,64,1,0
BRDA:441,65,0,1
BRDA:441,65,1,0
BRDA:442,66,0,1
BRDA:442,66,1,0
BRDA:443,67,0,1
BRDA:443,67,1,0
BRDA:445,68,0,1
BRDA:445,68,1,0
BRDA:446,69,0,1
BRDA:446,69,1,0
BRDA:470,70,0,3
BRDA:470,70,1,0
BRDA:472,71,0,1
BRDA:472,71,1,1
BRDA:472,72,0,2
BRDA:472,72,1,1
BRDA:473,73,0,0
BRDA:473,73,1,2
BRDA:473,74,0,2
BRDA:473,74,1,0
BRDA:474,75,0,1
BRDA:474,75,1,1
BRDA:474,76,0,2
BRDA:474,76,1,1
BRDA:474,76,2,1
BRDA:475,77,0,1
BRDA:475,77,1,0
BRDA:485,78,0,2
BRDA:485,78,1,1
BRDA:491,79,0,1
BRDA:491,79,1,0
BRDA:493,80,0,0
BRDA:493,80,1,0
BRDA:493,81,0,0
BRDA:493,81,1,0
BRDA:494,82,0,0
BRDA:494,82,1,0
BRDA:494,83,0,0
BRDA:494,83,1,0
BRDA:495,84,0,0
BRDA:495,84,1,0
BRDA:495,85,0,0
BRDA:495,85,1,0
BRDA:496,86,0,0
BRDA:496,86,1,0
BRDA:496,87,0,0
BRDA:496,87,1,0
BRDA:497,88,0,0
BRDA:497,88,1,0
BRDA:497,89,0,0
BRDA:497,89,1,0
BRDA:498,90,0,0
BRDA:498,90,1,0
BRDA:498,91,0,0
BRDA:498,91,1,0
BRDA:499,92,0,0
BRDA:499,92,1,0
BRDA:499,93,0,0
BRDA:499,93,1,0
BRDA:523,94,0,2
BRDA:523,94,1,1
BRDA:523,94,2,1
BRDA:528,95,0,1
BRDA:528,95,1,1
BRDA:528,96,0,1
BRDA:528,96,1,1
BRDA:529,97,0,1
BRDA:529,97,1,1
BRDA:529,98,0,1
BRDA:529,98,1,1
BRDA:530,99,0,1
BRDA:530,99,1,1
BRDA:530,100,0,1
BRDA:530,100,1,1
BRF:208
BRH:102
end_of_record
TN:
SF:src\graph\graph.controller.ts
FN:12,(anonymous_4)
FN:17,(anonymous_5)
FN:23,(anonymous_6)
FN:29,(anonymous_7)
FN:37,(anonymous_8)
FNF:5
FNH:0
FNDA:0,(anonymous_4)
FNDA:0,(anonymous_5)
FNDA:0,(anonymous_6)
FNDA:0,(anonymous_7)
FNDA:0,(anonymous_8)
DA:1,0
DA:2,0
DA:3,0
DA:4,0
DA:5,0
DA:11,0
DA:12,0
DA:17,0
DA:18,0
DA:23,0
DA:24,0
DA:29,0
DA:30,0
DA:37,0
DA:38,0
LF:15
LH:0
BRDA:17,0,0,0
BRDA:30,1,0,0
BRDA:30,1,1,0
BRF:3
BRH:0
end_of_record
TN:
SF:src\graph\graph.module.ts
FNF:0
FNH:0
DA:1,0
DA:2,0
DA:3,0
DA:4,0
DA:11,0
LF:5
LH:0
BRF:0
BRH:0
end_of_record
TN:
SF:src\graph\graph.service.ts
FN:26,(anonymous_4)
FN:31,(anonymous_5)
FN:35,(anonymous_6)
FN:41,(anonymous_7)
FN:58,(anonymous_8)
FN:77,(anonymous_9)
FN:86,(anonymous_10)
FN:95,(anonymous_11)
FN:204,(anonymous_12)
FN:212,(anonymous_13)
FN:216,(anonymous_14)
FNF:11
FNH:0
FNDA:0,(anonymous_4)
FNDA:0,(anonymous_5)
FNDA:0,(anonymous_6)
FNDA:0,(anonymous_7)
FNDA:0,(anonymous_8)
FNDA:0,(anonymous_9)
FNDA:0,(anonymous_10)
FNDA:0,(anonymous_11)
FNDA:0,(anonymous_12)
FNDA:0,(anonymous_13)
FNDA:0,(anonymous_14)
DA:1,0
DA:2,0
DA:3,0
DA:4,0
DA:20,0
DA:23,0
DA:24,0
DA:27,0
DA:28,0
DA:32,0
DA:33,0
DA:34,0
DA:35,0
DA:37,0
DA:42,0
DA:43,0
DA:50,0
DA:51,0
DA:53,0
DA:54,0
DA:59,0
DA:60,0
DA:69,0
DA:70,0
DA:72,0
DA:73,0
DA:78,0
DA:79,0
DA:86,0
DA:87,0
DA:88,0
DA:90,0
DA:91,0
DA:96,0
DA:105,0
DA:106,0
DA:107,0
DA:109,0
DA:110,0
DA:112,0
DA:113,0
DA:122,0
DA:124,0
DA:125,0
DA:126,0
DA:130,0
DA:135,0
DA:136,0
DA:139,0
DA:140,0
DA:141,0
DA:145,0
DA:150,0
DA:151,0
DA:154,0
DA:155,0
DA:159,0
DA:164,0
DA:165,0
DA:168,0
DA:169,0
DA:179,0
DA:182,0
DA:183,0
DA:184,0
DA:188,0
DA:193,0
DA:194,0
DA:198,0
DA:201,0
DA:208,0
DA:209,0
DA:210,0
DA:212,0
DA:213,0
DA:216,0
DA:217,0
DA:218,0
DA:219,0
DA:220,0
DA:221,0
DA:225,0
DA:226,0
DA:227,0
DA:228,0
DA:229,0
DA:230,0
DA:231,0
DA:232,0
DA:234,0
DA:235,0
DA:236,0
DA:237,0
DA:238,0
DA:239,0
DA:242,0
DA:243,0
DA:244,0
LF:98
LH:0
BRDA:31,0,0,0
BRDA:41,1,0,0
BRDA:118,2,0,0
BRDA:118,2,1,0
BRDA:119,3,0,0
BRDA:119,3,1,0
BRDA:124,4,0,0
BRDA:124,4,1,0
BRDA:176,5,0,0
BRDA:176,5,1,0
BRDA:191,6,0,0
BRDA:191,6,1,0
BRDA:212,7,0,0
BRDA:213,8,0,0
BRDA:213,8,1,0
BRDA:213,9,0,0
BRDA:213,9,1,0
BRDA:219,10,0,0
BRDA:219,10,1,0
BRDA:219,11,0,0
BRDA:219,11,1,0
BRDA:219,11,2,0
BRDA:219,11,3,0
BRDA:234,12,0,0
BRDA:234,12,1,0
BRDA:234,13,0,0
BRDA:234,13,1,0
BRDA:235,14,0,0
BRDA:235,14,1,0
BRDA:235,15,0,0
BRDA:235,15,1,0
BRDA:235,16,0,0
BRDA:235,16,1,0
BRDA:236,17,0,0
BRDA:236,17,1,0
BRDA:236,18,0,0
BRDA:236,18,1,0
BRDA:236,19,0,0
BRDA:236,19,1,0
BRDA:237,20,0,0
BRDA:237,20,1,0
BRDA:237,21,0,0
BRDA:237,21,1,0
BRDA:237,22,0,0
BRDA:237,22,1,0
BRDA:238,23,0,0
BRDA:238,23,1,0
BRDA:238,24,0,0
BRDA:238,24,1,0
BRDA:238,25,0,0
BRDA:238,25,1,0
BRDA:239,26,0,0
BRDA:239,26,1,0
BRDA:239,27,0,0
BRDA:239,27,1,0
BRDA:239,28,0,0
BRDA:239,28,1,0
BRDA:243,29,0,0
BRDA:243,29,1,0
BRDA:243,30,0,0
BRDA:243,30,1,0
BRF:61
BRH:0
end_of_record
TN:
SF:src\graph\neo4j\neo4j.module.ts
FN:15,(anonymous_1)
FNF:1
FNH:0
FNDA:0,(anonymous_1)
DA:1,0
DA:2,0
DA:3,0
DA:4,0
DA:6,0
DA:16,0
DA:17,0
DA:18,0
DA:19,0
DA:26,0
LF:10
LH:0
BRDA:16,0,0,0
BRDA:16,0,1,0
BRDA:17,1,0,0
BRDA:17,1,1,0
BRDA:18,2,0,0
BRDA:18,2,1,0
BRF:6
BRH:0
end_of_record
TN:
SF:src\graph\neo4j\neo4j.service.ts
FN:8,(anonymous_4)
FN:10,(anonymous_5)
FN:14,(anonymous_6)
FN:18,(anonymous_7)
FN:24,(anonymous_8)
FNF:5
FNH:0
FNDA:0,(anonymous_4)
FNDA:0,(anonymous_5)
FNDA:0,(anonymous_6)
FNDA:0,(anonymous_7)
FNDA:0,(anonymous_8)
DA:1,0
DA:2,0
DA:4,0
DA:7,0
DA:8,0
DA:11,0
DA:15,0
DA:16,0
DA:17,0
DA:18,0
DA:20,0
DA:25,0
LF:12
LH:0
BRDA:14,0,0,0
BRF:1
BRH:0
end_of_record
TN:
SF:src\imports\imports.controller.ts
FN:21,(anonymous_4)
FN:26,(anonymous_5)
FN:34,(anonymous_6)
FN:48,(anonymous_7)
FNF:4
FNH:0
FNDA:0,(anonymous_4)
FNDA:0,(anonymous_5)
FNDA:0,(anonymous_6)
FNDA:0,(anonymous_7)
DA:1,0
DA:10,0
DA:11,0
DA:12,0
DA:13,0
DA:14,0
DA:20,0
DA:21,0
DA:26,0
DA:27,0
DA:34,0
DA:38,0
DA:48,0
DA:49,0
LF:14
LH:0
BRDA:39,0,0,0
BRDA:39,0,1,0
BRF:2
BRH:0
end_of_record
TN:
SF:src\imports\imports.module.ts
FNF:0
FNH:0
DA:1,0
DA:2,0
DA:3,0
DA:4,0
DA:11,0
LF:5
LH:0
BRF:0
BRH:0
end_of_record
TN:
SF:src\imports\imports.service.ts
FN:20,(anonymous_2)
FN:25,(anonymous_3)
FN:33,(anonymous_4)
FN:62,(anonymous_5)
FNF:4
FNH:0
FNDA:0,(anonymous_2)
FNDA:0,(anonymous_3)
FNDA:0,(anonymous_4)
FNDA:0,(anonymous_5)
DA:1,0
DA:2,0
DA:3,0
DA:4,0
DA:5,0
DA:17,0
DA:18,0
DA:21,0
DA:22,0
DA:26,0
DA:34,0
DA:45,0
DA:54,0
DA:59,0
DA:63,0
DA:64,0
DA:65,0
DA:66,0
DA:68,0
DA:69,0
LF:20
LH:0
BRDA:41,0,0,0
BRDA:41,0,1,0
BRF:2
BRH:0
end_of_record
TN:
SF:src\types\css.d.ts
FNF:0
FNH:0
LF:0
LH:0
BRF:0
BRH:0
end_of_record
TN:
SF:src\users\users.controller.ts
FN:14,(anonymous_4)
FN:18,(anonymous_5)
FN:26,(anonymous_6)
FNF:3
FNH:0
FNDA:0,(anonymous_4)
FNDA:0,(anonymous_5)
FNDA:0,(anonymous_6)
DA:1,0
DA:2,0
DA:3,0
DA:4,0
DA:5,0
DA:6,0
DA:7,0
DA:13,0
DA:14,0
DA:18,0
DA:19,0
DA:26,0
DA:27,0
LF:13
LH:0
BRF:0
BRH:0
end_of_record
TN:
SF:src\users\users.module.ts
FNF:0
FNH:0
DA:1,0
DA:2,0
DA:3,0
DA:4,0
DA:12,0
LF:5
LH:0
BRF:0
BRH:0
end_of_record
TN:
SF:src\users\users.service.ts
FN:8,(anonymous_2)
FN:10,(anonymous_3)
FN:19,(anonymous_4)
FNF:3
FNH:0
FNDA:0,(anonymous_2)
FNDA:0,(anonymous_3)
FNDA:0,(anonymous_4)
DA:1,0
DA:2,0
DA:3,0
DA:7,0
DA:8,0
DA:11,0
DA:15,0
DA:16,0
DA:20,0
DA:21,0
DA:23,0
DA:24,0
DA:25,0
DA:33,0
DA:34,0
DA:35,0
DA:36,0
DA:37,0
DA:39,0
LF:19
LH:0
BRDA:15,0,0,0
BRDA:15,0,1,0
BRDA:21,1,0,0
BRDA:21,1,1,0
BRDA:23,2,0,0
BRDA:23,2,1,0
BRDA:23,3,0,0
BRDA:23,3,1,0
BRDA:25,4,0,0
BRDA:25,4,1,0
BRDA:34,5,0,0
BRDA:34,5,1,0
BRDA:35,6,0,0
BRDA:35,6,1,0
BRDA:36,7,0,0
BRDA:36,7,1,0
BRDA:37,8,0,0
BRDA:37,8,1,0
BRF:18
BRH:0
end_of_record
TN:
SF:src\users\dto\update-user.dto.ts
FNF:0
FNH:0
DA:1,0
DA:2,0
DA:4,0
DA:5,0
DA:6,0
DA:7,0
DA:8,0
LF:7
LH:0
BRF:0
BRH:0
end_of_record
